ARM GAS  C:\Users\pajoh\AppData\Local\Temp\ccXcXe9k.s 			page 1


   1              		.syntax unified
   2              		.cpu cortex-m3
   3              		.fpu softvfp
   4              		.eabi_attribute 20, 1
   5              		.eabi_attribute 21, 1
   6              		.eabi_attribute 23, 3
   7              		.eabi_attribute 24, 1
   8              		.eabi_attribute 25, 1
   9              		.eabi_attribute 26, 1
  10              		.eabi_attribute 30, 1
  11              		.eabi_attribute 34, 1
  12              		.eabi_attribute 18, 4
  13              		.thumb
  14              		.syntax unified
  15              		.file	"cymetadata.c"
  16              		.text
  17              	.Ltext0:
  18              		.cfi_sections	.debug_frame
  19              		.global	cy_metadata
  20              		.global	cy_meta_flashprotect
  21              		.global	cy_meta_wonvl
  22              		.global	cy_meta_custnvl
  23              		.global	cy_meta_configecc
  24              		.section	.cyconfigecc,"a",%progbits
  25              		.align	2
  26              		.type	cy_meta_configecc, %object
  27              		.size	cy_meta_configecc, 1528
  28              	cy_meta_configecc:
  29 0000 04       		.byte	4
  30 0001 52       		.byte	82
  31 0002 00       		.byte	0
  32 0003 40       		.byte	64
  33 0004 01       		.byte	1
  34 0005 64       		.byte	100
  35 0006 00       		.byte	0
  36 0007 40       		.byte	64
  37 0008 03       		.byte	3
  38 0009 65       		.byte	101
  39 000a 00       		.byte	0
  40 000b 40       		.byte	64
  41 000c 2F       		.byte	47
  42 000d 08       		.byte	8
  43 000e 01       		.byte	1
  44 000f 40       		.byte	64
  45 0010 46       		.byte	70
  46 0011 09       		.byte	9
  47 0012 01       		.byte	1
  48 0013 40       		.byte	64
  49 0014 04       		.byte	4
  50 0015 0A       		.byte	10
  51 0016 01       		.byte	1
  52 0017 40       		.byte	64
  53 0018 31       		.byte	49
  54 0019 0B       		.byte	11
  55 001a 01       		.byte	1
  56 001b 40       		.byte	64
  57 001c 04       		.byte	4
ARM GAS  C:\Users\pajoh\AppData\Local\Temp\ccXcXe9k.s 			page 2


  58 001d 14       		.byte	20
  59 001e 01       		.byte	1
  60 001f 40       		.byte	64
  61 0020 04       		.byte	4
  62 0021 15       		.byte	21
  63 0022 01       		.byte	1
  64 0023 40       		.byte	64
  65 0024 4A       		.byte	74
  66 0025 18       		.byte	24
  67 0026 01       		.byte	1
  68 0027 40       		.byte	64
  69 0028 45       		.byte	69
  70 0029 19       		.byte	25
  71 002a 01       		.byte	1
  72 002b 40       		.byte	64
  73 002c 60       		.byte	96
  74 002d 1A       		.byte	26
  75 002e 01       		.byte	1
  76 002f 40       		.byte	64
  77 0030 43       		.byte	67
  78 0031 1B       		.byte	27
  79 0032 01       		.byte	1
  80 0033 40       		.byte	64
  81 0034 03       		.byte	3
  82 0035 40       		.byte	64
  83 0036 01       		.byte	1
  84 0037 40       		.byte	64
  85 0038 02       		.byte	2
  86 0039 41       		.byte	65
  87 003a 01       		.byte	1
  88 003b 40       		.byte	64
  89 003c 02       		.byte	2
  90 003d 42       		.byte	66
  91 003e 01       		.byte	1
  92 003f 40       		.byte	64
  93 0040 02       		.byte	2
  94 0041 43       		.byte	67
  95 0042 01       		.byte	1
  96 0043 40       		.byte	64
  97 0044 02       		.byte	2
  98 0045 44       		.byte	68
  99 0046 01       		.byte	1
 100 0047 40       		.byte	64
 101 0048 01       		.byte	1
 102 0049 45       		.byte	69
 103 004a 01       		.byte	1
 104 004b 40       		.byte	64
 105 004c 03       		.byte	3
 106 004d 46       		.byte	70
 107 004e 01       		.byte	1
 108 004f 40       		.byte	64
 109 0050 02       		.byte	2
 110 0051 47       		.byte	71
 111 0052 01       		.byte	1
 112 0053 40       		.byte	64
 113 0054 04       		.byte	4
 114 0055 48       		.byte	72
ARM GAS  C:\Users\pajoh\AppData\Local\Temp\ccXcXe9k.s 			page 3


 115 0056 01       		.byte	1
 116 0057 40       		.byte	64
 117 0058 0A       		.byte	10
 118 0059 49       		.byte	73
 119 005a 01       		.byte	1
 120 005b 40       		.byte	64
 121 005c 07       		.byte	7
 122 005d 4C       		.byte	76
 123 005e 01       		.byte	1
 124 005f 40       		.byte	64
 125 0060 11       		.byte	17
 126 0061 4D       		.byte	77
 127 0062 01       		.byte	1
 128 0063 40       		.byte	64
 129 0064 08       		.byte	8
 130 0065 50       		.byte	80
 131 0066 01       		.byte	1
 132 0067 40       		.byte	64
 133 0068 01       		.byte	1
 134 0069 51       		.byte	81
 135 006a 01       		.byte	1
 136 006b 40       		.byte	64
 137 006c 08       		.byte	8
 138 006d 20       		.byte	32
 139 006e 09       		.byte	9
 140 006f 30       		.byte	48
 141 0070 60       		.byte	96
 142 0071 80       		.byte	-128
 143 0072 61       		.byte	97
 144 0073 80       		.byte	-128
 145 0074 8A       		.byte	-118
 146 0075 72       		.byte	114
 147 0076 88       		.byte	-120
 148 0077 1F       		.byte	31
 149 0078 8A       		.byte	-118
 150 0079 38       		.byte	56
 151 007a 8B       		.byte	-117
 152 007b 0F       		.byte	15
 153 007c 05       		.byte	5
 154 007d 01       		.byte	1
 155 007e 07       		.byte	7
 156 007f 22       		.byte	34
 157 0080 09       		.byte	9
 158 0081 22       		.byte	34
 159 0082 0B       		.byte	11
 160 0083 04       		.byte	4
 161 0084 0D       		.byte	13
 162 0085 0D       		.byte	13
 163 0086 0F       		.byte	15
 164 0087 10       		.byte	16
 165 0088 11       		.byte	17
 166 0089 02       		.byte	2
 167 008a 13       		.byte	19
 168 008b 28       		.byte	40
 169 008c 15       		.byte	21
 170 008d 02       		.byte	2
 171 008e 17       		.byte	23
ARM GAS  C:\Users\pajoh\AppData\Local\Temp\ccXcXe9k.s 			page 4


 172 008f 0D       		.byte	13
 173 0090 1D       		.byte	29
 174 0091 1D       		.byte	29
 175 0092 21       		.byte	33
 176 0093 1D       		.byte	29
 177 0094 25       		.byte	37
 178 0095 1D       		.byte	29
 179 0096 29       		.byte	41
 180 0097 1D       		.byte	29
 181 0098 31       		.byte	49
 182 0099 10       		.byte	16
 183 009a 35       		.byte	53
 184 009b 0F       		.byte	15
 185 009c 37       		.byte	55
 186 009d 20       		.byte	32
 187 009e 3B       		.byte	59
 188 009f 20       		.byte	32
 189 00a0 3F       		.byte	63
 190 00a1 41       		.byte	65
 191 00a2 40       		.byte	64
 192 00a3 35       		.byte	53
 193 00a4 41       		.byte	65
 194 00a5 02       		.byte	2
 195 00a6 42       		.byte	66
 196 00a7 10       		.byte	16
 197 00a8 44       		.byte	68
 198 00a9 04       		.byte	4
 199 00aa 49       		.byte	73
 200 00ab FF       		.byte	-1
 201 00ac 4A       		.byte	74
 202 00ad FF       		.byte	-1
 203 00ae 4B       		.byte	75
 204 00af FF       		.byte	-1
 205 00b0 4C       		.byte	76
 206 00b1 02       		.byte	2
 207 00b2 4E       		.byte	78
 208 00b3 70       		.byte	112
 209 00b4 4F       		.byte	79
 210 00b5 0C       		.byte	12
 211 00b6 50       		.byte	80
 212 00b7 04       		.byte	4
 213 00b8 59       		.byte	89
 214 00b9 04       		.byte	4
 215 00ba 5A       		.byte	90
 216 00bb 04       		.byte	4
 217 00bc 5C       		.byte	92
 218 00bd 10       		.byte	16
 219 00be 5D       		.byte	93
 220 00bf 01       		.byte	1
 221 00c0 5F       		.byte	95
 222 00c1 01       		.byte	1
 223 00c2 62       		.byte	98
 224 00c3 C0       		.byte	-64
 225 00c4 64       		.byte	100
 226 00c5 40       		.byte	64
 227 00c6 65       		.byte	101
 228 00c7 01       		.byte	1
ARM GAS  C:\Users\pajoh\AppData\Local\Temp\ccXcXe9k.s 			page 5


 229 00c8 66       		.byte	102
 230 00c9 10       		.byte	16
 231 00ca 67       		.byte	103
 232 00cb 11       		.byte	17
 233 00cc 68       		.byte	104
 234 00cd C0       		.byte	-64
 235 00ce 69       		.byte	105
 236 00cf 01       		.byte	1
 237 00d0 6B       		.byte	107
 238 00d1 11       		.byte	17
 239 00d2 6C       		.byte	108
 240 00d3 40       		.byte	64
 241 00d4 6D       		.byte	109
 242 00d5 01       		.byte	1
 243 00d6 6E       		.byte	110
 244 00d7 40       		.byte	64
 245 00d8 6F       		.byte	111
 246 00d9 01       		.byte	1
 247 00da 00       		.byte	0
 248 00db A1       		.byte	-95
 249 00dc 03       		.byte	3
 250 00dd 10       		.byte	16
 251 00de 08       		.byte	8
 252 00df 50       		.byte	80
 253 00e0 09       		.byte	9
 254 00e1 80       		.byte	-128
 255 00e2 0A       		.byte	10
 256 00e3 20       		.byte	32
 257 00e4 0B       		.byte	11
 258 00e5 80       		.byte	-128
 259 00e6 10       		.byte	16
 260 00e7 08       		.byte	8
 261 00e8 11       		.byte	17
 262 00e9 41       		.byte	65
 263 00ea 12       		.byte	18
 264 00eb 20       		.byte	32
 265 00ec 18       		.byte	24
 266 00ed 44       		.byte	68
 267 00ee 19       		.byte	25
 268 00ef 82       		.byte	-126
 269 00f0 21       		.byte	33
 270 00f1 84       		.byte	-124
 271 00f2 22       		.byte	34
 272 00f3 20       		.byte	32
 273 00f4 26       		.byte	38
 274 00f5 41       		.byte	65
 275 00f6 27       		.byte	39
 276 00f7 44       		.byte	68
 277 00f8 28       		.byte	40
 278 00f9 42       		.byte	66
 279 00fa 2C       		.byte	44
 280 00fb 30       		.byte	48
 281 00fc 2F       		.byte	47
 282 00fd 88       		.byte	-120
 283 00fe 32       		.byte	50
 284 00ff 40       		.byte	64
 285 0100 35       		.byte	53
ARM GAS  C:\Users\pajoh\AppData\Local\Temp\ccXcXe9k.s 			page 6


 286 0101 40       		.byte	64
 287 0102 36       		.byte	54
 288 0103 02       		.byte	2
 289 0104 37       		.byte	55
 290 0105 04       		.byte	4
 291 0106 39       		.byte	57
 292 0107 14       		.byte	20
 293 0108 3B       		.byte	59
 294 0109 40       		.byte	64
 295 010a 3C       		.byte	60
 296 010b 20       		.byte	32
 297 010c 3D       		.byte	61
 298 010d 48       		.byte	72
 299 010e 3E       		.byte	62
 300 010f 18       		.byte	24
 301 0110 40       		.byte	64
 302 0111 40       		.byte	64
 303 0112 42       		.byte	66
 304 0113 30       		.byte	48
 305 0114 43       		.byte	67
 306 0115 40       		.byte	64
 307 0116 45       		.byte	69
 308 0117 01       		.byte	1
 309 0118 46       		.byte	70
 310 0119 28       		.byte	40
 311 011a 47       		.byte	71
 312 011b 50       		.byte	80
 313 011c 49       		.byte	73
 314 011d A0       		.byte	-96
 315 011e 4B       		.byte	75
 316 011f 05       		.byte	5
 317 0120 4E       		.byte	78
 318 0121 02       		.byte	2
 319 0122 50       		.byte	80
 320 0123 04       		.byte	4
 321 0124 52       		.byte	82
 322 0125 50       		.byte	80
 323 0126 53       		.byte	83
 324 0127 40       		.byte	64
 325 0128 5D       		.byte	93
 326 0129 03       		.byte	3
 327 012a 62       		.byte	98
 328 012b 18       		.byte	24
 329 012c 63       		.byte	99
 330 012d 01       		.byte	1
 331 012e 7C       		.byte	124
 332 012f 40       		.byte	64
 333 0130 7E       		.byte	126
 334 0131 02       		.byte	2
 335 0132 8D       		.byte	-115
 336 0133 84       		.byte	-124
 337 0134 8E       		.byte	-114
 338 0135 10       		.byte	16
 339 0136 8F       		.byte	-113
 340 0137 80       		.byte	-128
 341 0138 90       		.byte	-112
 342 0139 80       		.byte	-128
ARM GAS  C:\Users\pajoh\AppData\Local\Temp\ccXcXe9k.s 			page 7


 343 013a 91       		.byte	-111
 344 013b 14       		.byte	20
 345 013c 92       		.byte	-110
 346 013d 82       		.byte	-126
 347 013e 94       		.byte	-108
 348 013f 04       		.byte	4
 349 0140 95       		.byte	-107
 350 0141 08       		.byte	8
 351 0142 97       		.byte	-105
 352 0143 54       		.byte	84
 353 0144 9C       		.byte	-100
 354 0145 02       		.byte	2
 355 0146 9F       		.byte	-97
 356 0147 02       		.byte	2
 357 0148 A0       		.byte	-96
 358 0149 04       		.byte	4
 359 014a A1       		.byte	-95
 360 014b 08       		.byte	8
 361 014c A2       		.byte	-94
 362 014d 80       		.byte	-128
 363 014e A5       		.byte	-91
 364 014f 80       		.byte	-128
 365 0150 A6       		.byte	-90
 366 0151 41       		.byte	65
 367 0152 A7       		.byte	-89
 368 0153 20       		.byte	32
 369 0154 C0       		.byte	-64
 370 0155 0F       		.byte	15
 371 0156 C2       		.byte	-62
 372 0157 0F       		.byte	15
 373 0158 C4       		.byte	-60
 374 0159 0F       		.byte	15
 375 015a CA       		.byte	-54
 376 015b E9       		.byte	-23
 377 015c CC       		.byte	-52
 378 015d D8       		.byte	-40
 379 015e CE       		.byte	-50
 380 015f 7E       		.byte	126
 381 0160 D0       		.byte	-48
 382 0161 FB       		.byte	-5
 383 0162 D2       		.byte	-46
 384 0163 1C       		.byte	28
 385 0164 D8       		.byte	-40
 386 0165 0E       		.byte	14
 387 0166 D4       		.byte	-44
 388 0167 09       		.byte	9
 389 0168 DB       		.byte	-37
 390 0169 04       		.byte	4
 391 016a DD       		.byte	-35
 392 016b 10       		.byte	16
 393 016c DF       		.byte	-33
 394 016d 01       		.byte	1
 395 016e 00       		.byte	0
 396 016f 40       		.byte	64
 397 0170 03       		.byte	3
 398 0171 68       		.byte	104
 399 0172 08       		.byte	8
ARM GAS  C:\Users\pajoh\AppData\Local\Temp\ccXcXe9k.s 			page 8


 400 0173 02       		.byte	2
 401 0174 0A       		.byte	10
 402 0175 25       		.byte	37
 403 0176 10       		.byte	16
 404 0177 A8       		.byte	-88
 405 0178 13       		.byte	19
 406 0179 40       		.byte	64
 407 017a 18       		.byte	24
 408 017b 40       		.byte	64
 409 017c 19       		.byte	25
 410 017d 65       		.byte	101
 411 017e 1A       		.byte	26
 412 017f 25       		.byte	37
 413 0180 20       		.byte	32
 414 0181 0A       		.byte	10
 415 0182 22       		.byte	34
 416 0183 85       		.byte	-123
 417 0184 28       		.byte	40
 418 0185 02       		.byte	2
 419 0186 29       		.byte	41
 420 0187 25       		.byte	37
 421 0188 31       		.byte	49
 422 0189 40       		.byte	64
 423 018a 32       		.byte	50
 424 018b 20       		.byte	32
 425 018c 33       		.byte	51
 426 018d 08       		.byte	8
 427 018e 38       		.byte	56
 428 018f 28       		.byte	40
 429 0190 3A       		.byte	58
 430 0191 02       		.byte	2
 431 0192 3B       		.byte	59
 432 0193 40       		.byte	64
 433 0194 40       		.byte	64
 434 0195 44       		.byte	68
 435 0196 41       		.byte	65
 436 0197 04       		.byte	4
 437 0198 43       		.byte	67
 438 0199 08       		.byte	8
 439 019a 48       		.byte	72
 440 019b 01       		.byte	1
 441 019c 49       		.byte	73
 442 019d 20       		.byte	32
 443 019e 50       		.byte	80
 444 019f 40       		.byte	64
 445 01a0 51       		.byte	81
 446 01a1 08       		.byte	8
 447 01a2 58       		.byte	88
 448 01a3 01       		.byte	1
 449 01a4 5A       		.byte	90
 450 01a5 08       		.byte	8
 451 01a6 5B       		.byte	91
 452 01a7 02       		.byte	2
 453 01a8 5E       		.byte	94
 454 01a9 82       		.byte	-126
 455 01aa 5F       		.byte	95
 456 01ab 14       		.byte	20
ARM GAS  C:\Users\pajoh\AppData\Local\Temp\ccXcXe9k.s 			page 9


 457 01ac 64       		.byte	100
 458 01ad 01       		.byte	1
 459 01ae 69       		.byte	105
 460 01af 14       		.byte	20
 461 01b0 6A       		.byte	106
 462 01b1 80       		.byte	-128
 463 01b2 70       		.byte	112
 464 01b3 BC       		.byte	-68
 465 01b4 72       		.byte	114
 466 01b5 02       		.byte	2
 467 01b6 8D       		.byte	-115
 468 01b7 80       		.byte	-128
 469 01b8 8E       		.byte	-114
 470 01b9 20       		.byte	32
 471 01ba 8F       		.byte	-113
 472 01bb 40       		.byte	64
 473 01bc C0       		.byte	-64
 474 01bd 0F       		.byte	15
 475 01be C2       		.byte	-62
 476 01bf 0F       		.byte	15
 477 01c0 C4       		.byte	-60
 478 01c1 0F       		.byte	15
 479 01c2 CA       		.byte	-54
 480 01c3 0F       		.byte	15
 481 01c4 CC       		.byte	-52
 482 01c5 0E       		.byte	14
 483 01c6 CE       		.byte	-50
 484 01c7 0F       		.byte	15
 485 01c8 D0       		.byte	-48
 486 01c9 07       		.byte	7
 487 01ca D2       		.byte	-46
 488 01cb 0C       		.byte	12
 489 01cc D6       		.byte	-42
 490 01cd F2       		.byte	-14
 491 01ce D8       		.byte	-40
 492 01cf 10       		.byte	16
 493 01d0 39       		.byte	57
 494 01d1 80       		.byte	-128
 495 01d2 3F       		.byte	63
 496 01d3 40       		.byte	64
 497 01d4 59       		.byte	89
 498 01d5 04       		.byte	4
 499 01d6 5F       		.byte	95
 500 01d7 01       		.byte	1
 501 01d8 20       		.byte	32
 502 01d9 01       		.byte	1
 503 01da 8C       		.byte	-116
 504 01db 01       		.byte	1
 505 01dc E6       		.byte	-26
 506 01dd 02       		.byte	2
 507 01de EC       		.byte	-20
 508 01df 10       		.byte	16
 509 01e0 00       		.byte	0
 510 01e1 01       		.byte	1
 511 01e2 02       		.byte	2
 512 01e3 3A       		.byte	58
 513 01e4 05       		.byte	5
ARM GAS  C:\Users\pajoh\AppData\Local\Temp\ccXcXe9k.s 			page 10


 514 01e5 01       		.byte	1
 515 01e6 08       		.byte	8
 516 01e7 02       		.byte	2
 517 01e8 0A       		.byte	10
 518 01e9 1D       		.byte	29
 519 01ea 0C       		.byte	12
 520 01eb 10       		.byte	16
 521 01ec 11       		.byte	17
 522 01ed 01       		.byte	1
 523 01ee 14       		.byte	20
 524 01ef 10       		.byte	16
 525 01f0 18       		.byte	24
 526 01f1 63       		.byte	99
 527 01f2 1A       		.byte	26
 528 01f3 8C       		.byte	-116
 529 01f4 1C       		.byte	28
 530 01f5 C0       		.byte	-64
 531 01f6 20       		.byte	32
 532 01f7 10       		.byte	16
 533 01f8 24       		.byte	36
 534 01f9 10       		.byte	16
 535 01fa 28       		.byte	40
 536 01fb A3       		.byte	-93
 537 01fc 29       		.byte	41
 538 01fd 01       		.byte	1
 539 01fe 2A       		.byte	42
 540 01ff 54       		.byte	84
 541 0200 2E       		.byte	46
 542 0201 10       		.byte	16
 543 0202 34       		.byte	52
 544 0203 1F       		.byte	31
 545 0204 36       		.byte	54
 546 0205 E0       		.byte	-32
 547 0206 37       		.byte	55
 548 0207 01       		.byte	1
 549 0208 38       		.byte	56
 550 0209 80       		.byte	-128
 551 020a 3A       		.byte	58
 552 020b 20       		.byte	32
 553 020c 3F       		.byte	63
 554 020d 40       		.byte	64
 555 020e 56       		.byte	86
 556 020f 02       		.byte	2
 557 0210 57       		.byte	87
 558 0211 28       		.byte	40
 559 0212 58       		.byte	88
 560 0213 04       		.byte	4
 561 0214 59       		.byte	89
 562 0215 04       		.byte	4
 563 0216 5B       		.byte	91
 564 0217 04       		.byte	4
 565 0218 5C       		.byte	92
 566 0219 01       		.byte	1
 567 021a 5D       		.byte	93
 568 021b 10       		.byte	16
 569 021c 5F       		.byte	95
 570 021d 01       		.byte	1
ARM GAS  C:\Users\pajoh\AppData\Local\Temp\ccXcXe9k.s 			page 11


 571 021e 80       		.byte	-128
 572 021f 0C       		.byte	12
 573 0220 82       		.byte	-126
 574 0221 60       		.byte	96
 575 0222 86       		.byte	-122
 576 0223 02       		.byte	2
 577 0224 87       		.byte	-121
 578 0225 10       		.byte	16
 579 0226 88       		.byte	-120
 580 0227 04       		.byte	4
 581 0228 89       		.byte	-119
 582 0229 08       		.byte	8
 583 022a 8A       		.byte	-118
 584 022b 50       		.byte	80
 585 022c 8B       		.byte	-117
 586 022d 12       		.byte	18
 587 022e 8C       		.byte	-116
 588 022f 49       		.byte	73
 589 0230 8F       		.byte	-113
 590 0231 01       		.byte	1
 591 0232 90       		.byte	-112
 592 0233 08       		.byte	8
 593 0234 93       		.byte	-109
 594 0235 0C       		.byte	12
 595 0236 96       		.byte	-106
 596 0237 02       		.byte	2
 597 0238 98       		.byte	-104
 598 0239 0C       		.byte	12
 599 023a 9A       		.byte	-102
 600 023b 30       		.byte	48
 601 023c 9E       		.byte	-98
 602 023d 01       		.byte	1
 603 023e 9F       		.byte	-97
 604 023f 01       		.byte	1
 605 0240 A0       		.byte	-96
 606 0241 49       		.byte	73
 607 0242 A1       		.byte	-95
 608 0243 1A       		.byte	26
 609 0244 A3       		.byte	-93
 610 0245 04       		.byte	4
 611 0246 A4       		.byte	-92
 612 0247 49       		.byte	73
 613 0248 A5       		.byte	-91
 614 0249 16       		.byte	22
 615 024a A7       		.byte	-89
 616 024b 08       		.byte	8
 617 024c A8       		.byte	-88
 618 024d 41       		.byte	65
 619 024e AA       		.byte	-86
 620 024f 08       		.byte	8
 621 0250 AC       		.byte	-84
 622 0251 08       		.byte	8
 623 0252 AE       		.byte	-82
 624 0253 41       		.byte	65
 625 0254 B0       		.byte	-80
 626 0255 01       		.byte	1
 627 0256 B1       		.byte	-79
ARM GAS  C:\Users\pajoh\AppData\Local\Temp\ccXcXe9k.s 			page 12


 628 0257 1C       		.byte	28
 629 0258 B2       		.byte	-78
 630 0259 7C       		.byte	124
 631 025a B4       		.byte	-76
 632 025b 02       		.byte	2
 633 025c B5       		.byte	-75
 634 025d 02       		.byte	2
 635 025e B7       		.byte	-73
 636 025f 01       		.byte	1
 637 0260 B8       		.byte	-72
 638 0261 08       		.byte	8
 639 0262 BE       		.byte	-66
 640 0263 11       		.byte	17
 641 0264 BF       		.byte	-65
 642 0265 40       		.byte	64
 643 0266 D6       		.byte	-42
 644 0267 08       		.byte	8
 645 0268 D8       		.byte	-40
 646 0269 04       		.byte	4
 647 026a D9       		.byte	-39
 648 026b 04       		.byte	4
 649 026c DB       		.byte	-37
 650 026d 04       		.byte	4
 651 026e DC       		.byte	-36
 652 026f 11       		.byte	17
 653 0270 DD       		.byte	-35
 654 0271 90       		.byte	-112
 655 0272 DF       		.byte	-33
 656 0273 01       		.byte	1
 657 0274 00       		.byte	0
 658 0275 88       		.byte	-120
 659 0276 01       		.byte	1
 660 0277 12       		.byte	18
 661 0278 05       		.byte	5
 662 0279 52       		.byte	82
 663 027a 08       		.byte	8
 664 027b 10       		.byte	16
 665 027c 09       		.byte	9
 666 027d 08       		.byte	8
 667 027e 0B       		.byte	11
 668 027f 81       		.byte	-127
 669 0280 0C       		.byte	12
 670 0281 18       		.byte	24
 671 0282 0E       		.byte	14
 672 0283 02       		.byte	2
 673 0284 10       		.byte	16
 674 0285 28       		.byte	40
 675 0286 11       		.byte	17
 676 0287 41       		.byte	65
 677 0288 15       		.byte	21
 678 0289 55       		.byte	85
 679 028a 18       		.byte	24
 680 028b 04       		.byte	4
 681 028c 19       		.byte	25
 682 028d 01       		.byte	1
 683 028e 1A       		.byte	26
 684 028f 10       		.byte	16
ARM GAS  C:\Users\pajoh\AppData\Local\Temp\ccXcXe9k.s 			page 13


 685 0290 1D       		.byte	29
 686 0291 10       		.byte	16
 687 0292 1E       		.byte	30
 688 0293 02       		.byte	2
 689 0294 1F       		.byte	31
 690 0295 10       		.byte	16
 691 0296 21       		.byte	33
 692 0297 82       		.byte	-126
 693 0298 22       		.byte	34
 694 0299 20       		.byte	32
 695 029a 27       		.byte	39
 696 029b 02       		.byte	2
 697 029c 28       		.byte	40
 698 029d 10       		.byte	16
 699 029e 29       		.byte	41
 700 029f 02       		.byte	2
 701 02a0 2A       		.byte	42
 702 02a1 08       		.byte	8
 703 02a2 2D       		.byte	45
 704 02a3 10       		.byte	16
 705 02a4 2E       		.byte	46
 706 02a5 10       		.byte	16
 707 02a6 31       		.byte	49
 708 02a7 02       		.byte	2
 709 02a8 32       		.byte	50
 710 02a9 80       		.byte	-128
 711 02aa 35       		.byte	53
 712 02ab 02       		.byte	2
 713 02ac 38       		.byte	56
 714 02ad 88       		.byte	-120
 715 02ae 39       		.byte	57
 716 02af 10       		.byte	16
 717 02b0 3E       		.byte	62
 718 02b1 08       		.byte	8
 719 02b2 58       		.byte	88
 720 02b3 80       		.byte	-128
 721 02b4 60       		.byte	96
 722 02b5 03       		.byte	3
 723 02b6 67       		.byte	103
 724 02b7 20       		.byte	32
 725 02b8 6C       		.byte	108
 726 02b9 28       		.byte	40
 727 02ba 6D       		.byte	109
 728 02bb 45       		.byte	69
 729 02bc 6F       		.byte	111
 730 02bd 88       		.byte	-120
 731 02be 74       		.byte	116
 732 02bf 40       		.byte	64
 733 02c0 75       		.byte	117
 734 02c1 40       		.byte	64
 735 02c2 8D       		.byte	-115
 736 02c3 01       		.byte	1
 737 02c4 8E       		.byte	-114
 738 02c5 08       		.byte	8
 739 02c6 90       		.byte	-112
 740 02c7 88       		.byte	-120
 741 02c8 92       		.byte	-110
ARM GAS  C:\Users\pajoh\AppData\Local\Temp\ccXcXe9k.s 			page 14


 742 02c9 02       		.byte	2
 743 02ca 93       		.byte	-109
 744 02cb 81       		.byte	-127
 745 02cc 94       		.byte	-108
 746 02cd 01       		.byte	1
 747 02ce 95       		.byte	-107
 748 02cf 40       		.byte	64
 749 02d0 96       		.byte	-106
 750 02d1 10       		.byte	16
 751 02d2 99       		.byte	-103
 752 02d3 02       		.byte	2
 753 02d4 9A       		.byte	-102
 754 02d5 08       		.byte	8
 755 02d6 9C       		.byte	-100
 756 02d7 02       		.byte	2
 757 02d8 9D       		.byte	-99
 758 02d9 60       		.byte	96
 759 02da 9F       		.byte	-97
 760 02db 02       		.byte	2
 761 02dc A0       		.byte	-96
 762 02dd 04       		.byte	4
 763 02de A1       		.byte	-95
 764 02df 08       		.byte	8
 765 02e0 A2       		.byte	-94
 766 02e1 80       		.byte	-128
 767 02e2 A4       		.byte	-92
 768 02e3 68       		.byte	104
 769 02e4 A5       		.byte	-91
 770 02e5 01       		.byte	1
 771 02e6 A6       		.byte	-90
 772 02e7 08       		.byte	8
 773 02e8 A7       		.byte	-89
 774 02e9 A8       		.byte	-88
 775 02ea B2       		.byte	-78
 776 02eb 60       		.byte	96
 777 02ec B3       		.byte	-77
 778 02ed 50       		.byte	80
 779 02ee C0       		.byte	-64
 780 02ef DF       		.byte	-33
 781 02f0 C2       		.byte	-62
 782 02f1 EF       		.byte	-17
 783 02f2 C4       		.byte	-60
 784 02f3 FF       		.byte	-1
 785 02f4 CA       		.byte	-54
 786 02f5 23       		.byte	35
 787 02f6 CC       		.byte	-52
 788 02f7 89       		.byte	-119
 789 02f8 CE       		.byte	-50
 790 02f9 4E       		.byte	78
 791 02fa D6       		.byte	-42
 792 02fb 08       		.byte	8
 793 02fc D8       		.byte	-40
 794 02fd 48       		.byte	72
 795 02fe 02       		.byte	2
 796 02ff 08       		.byte	8
 797 0300 06       		.byte	6
 798 0301 13       		.byte	19
ARM GAS  C:\Users\pajoh\AppData\Local\Temp\ccXcXe9k.s 			page 15


 799 0302 08       		.byte	8
 800 0303 2C       		.byte	44
 801 0304 0A       		.byte	10
 802 0305 03       		.byte	3
 803 0306 12       		.byte	18
 804 0307 40       		.byte	64
 805 0308 1A       		.byte	26
 806 0309 0C       		.byte	12
 807 030a 20       		.byte	32
 808 030b 31       		.byte	49
 809 030c 22       		.byte	34
 810 030d 06       		.byte	6
 811 030e 24       		.byte	36
 812 030f 31       		.byte	49
 813 0310 26       		.byte	38
 814 0311 0E       		.byte	14
 815 0312 30       		.byte	48
 816 0313 30       		.byte	48
 817 0314 32       		.byte	50
 818 0315 0F       		.byte	15
 819 0316 34       		.byte	52
 820 0317 40       		.byte	64
 821 0318 38       		.byte	56
 822 0319 02       		.byte	2
 823 031a 3A       		.byte	58
 824 031b 08       		.byte	8
 825 031c 3E       		.byte	62
 826 031d 01       		.byte	1
 827 031e 40       		.byte	64
 828 031f 04       		.byte	4
 829 0320 46       		.byte	70
 830 0321 04       		.byte	4
 831 0322 49       		.byte	73
 832 0323 FF       		.byte	-1
 833 0324 4A       		.byte	74
 834 0325 07       		.byte	7
 835 0326 4B       		.byte	75
 836 0327 FF       		.byte	-1
 837 0328 4C       		.byte	76
 838 0329 40       		.byte	64
 839 032a 4D       		.byte	77
 840 032b 20       		.byte	32
 841 032c 4E       		.byte	78
 842 032d F0       		.byte	-16
 843 032e 4F       		.byte	79
 844 032f 05       		.byte	5
 845 0330 50       		.byte	80
 846 0331 08       		.byte	8
 847 0332 54       		.byte	84
 848 0333 18       		.byte	24
 849 0334 56       		.byte	86
 850 0335 04       		.byte	4
 851 0336 58       		.byte	88
 852 0337 04       		.byte	4
 853 0338 5A       		.byte	90
 854 0339 04       		.byte	4
 855 033a 5B       		.byte	91
ARM GAS  C:\Users\pajoh\AppData\Local\Temp\ccXcXe9k.s 			page 16


 856 033b 04       		.byte	4
 857 033c 5C       		.byte	92
 858 033d 02       		.byte	2
 859 033e 5D       		.byte	93
 860 033f 22       		.byte	34
 861 0340 5F       		.byte	95
 862 0341 01       		.byte	1
 863 0342 60       		.byte	96
 864 0343 40       		.byte	64
 865 0344 61       		.byte	97
 866 0345 A8       		.byte	-88
 867 0346 62       		.byte	98
 868 0347 40       		.byte	64
 869 0348 63       		.byte	99
 870 0349 20       		.byte	32
 871 034a 80       		.byte	-128
 872 034b 10       		.byte	16
 873 034c 84       		.byte	-124
 874 034d 2C       		.byte	44
 875 034e 85       		.byte	-123
 876 034f 43       		.byte	67
 877 0350 86       		.byte	-122
 878 0351 11       		.byte	17
 879 0352 87       		.byte	-121
 880 0353 34       		.byte	52
 881 0354 88       		.byte	-120
 882 0355 1C       		.byte	28
 883 0356 89       		.byte	-119
 884 0357 2A       		.byte	42
 885 0358 8A       		.byte	-118
 886 0359 22       		.byte	34
 887 035a 8B       		.byte	-117
 888 035b 54       		.byte	84
 889 035c 91       		.byte	-111
 890 035d 43       		.byte	67
 891 035e 93       		.byte	-109
 892 035f 1C       		.byte	28
 893 0360 94       		.byte	-108
 894 0361 14       		.byte	20
 895 0362 97       		.byte	-105
 896 0363 28       		.byte	40
 897 0364 98       		.byte	-104
 898 0365 09       		.byte	9
 899 0366 9A       		.byte	-102
 900 0367 10       		.byte	16
 901 0368 9C       		.byte	-100
 902 0369 80       		.byte	-128
 903 036a 9E       		.byte	-98
 904 036b 03       		.byte	3
 905 036c A0       		.byte	-96
 906 036d 30       		.byte	48
 907 036e A2       		.byte	-94
 908 036f 0C       		.byte	12
 909 0370 A3       		.byte	-93
 910 0371 20       		.byte	32
 911 0372 A7       		.byte	-89
 912 0373 55       		.byte	85
ARM GAS  C:\Users\pajoh\AppData\Local\Temp\ccXcXe9k.s 			page 17


 913 0374 A8       		.byte	-88
 914 0375 40       		.byte	64
 915 0376 A9       		.byte	-87
 916 0377 03       		.byte	3
 917 0378 AB       		.byte	-85
 918 0379 44       		.byte	68
 919 037a AD       		.byte	-83
 920 037b 80       		.byte	-128
 921 037c B1       		.byte	-79
 922 037d 40       		.byte	64
 923 037e B2       		.byte	-78
 924 037f 80       		.byte	-128
 925 0380 B3       		.byte	-77
 926 0381 38       		.byte	56
 927 0382 B4       		.byte	-76
 928 0383 60       		.byte	96
 929 0384 B5       		.byte	-75
 930 0385 80       		.byte	-128
 931 0386 B6       		.byte	-74
 932 0387 1F       		.byte	31
 933 0388 B7       		.byte	-73
 934 0389 0F       		.byte	15
 935 038a B8       		.byte	-72
 936 038b 20       		.byte	32
 937 038c BB       		.byte	-69
 938 038d 88       		.byte	-120
 939 038e BE       		.byte	-66
 940 038f 04       		.byte	4
 941 0390 BF       		.byte	-65
 942 0391 11       		.byte	17
 943 0392 C0       		.byte	-64
 944 0393 42       		.byte	66
 945 0394 C1       		.byte	-63
 946 0395 03       		.byte	3
 947 0396 C6       		.byte	-58
 948 0397 B0       		.byte	-80
 949 0398 C7       		.byte	-57
 950 0399 EC       		.byte	-20
 951 039a C8       		.byte	-56
 952 039b 38       		.byte	56
 953 039c C9       		.byte	-55
 954 039d FF       		.byte	-1
 955 039e CA       		.byte	-54
 956 039f FF       		.byte	-1
 957 03a0 CB       		.byte	-53
 958 03a1 FF       		.byte	-1
 959 03a2 CE       		.byte	-50
 960 03a3 F0       		.byte	-16
 961 03a4 CF       		.byte	-49
 962 03a5 44       		.byte	68
 963 03a6 D0       		.byte	-48
 964 03a7 0C       		.byte	12
 965 03a8 D4       		.byte	-44
 966 03a9 01       		.byte	1
 967 03aa D8       		.byte	-40
 968 03ab 04       		.byte	4
 969 03ac D9       		.byte	-39
ARM GAS  C:\Users\pajoh\AppData\Local\Temp\ccXcXe9k.s 			page 18


 970 03ad 04       		.byte	4
 971 03ae DA       		.byte	-38
 972 03af 04       		.byte	4
 973 03b0 DB       		.byte	-37
 974 03b1 04       		.byte	4
 975 03b2 DC       		.byte	-36
 976 03b3 22       		.byte	34
 977 03b4 DD       		.byte	-35
 978 03b5 22       		.byte	34
 979 03b6 DF       		.byte	-33
 980 03b7 01       		.byte	1
 981 03b8 E6       		.byte	-26
 982 03b9 C0       		.byte	-64
 983 03ba EA       		.byte	-22
 984 03bb 40       		.byte	64
 985 03bc EB       		.byte	-21
 986 03bd 02       		.byte	2
 987 03be 00       		.byte	0
 988 03bf 10       		.byte	16
 989 03c0 01       		.byte	1
 990 03c1 08       		.byte	8
 991 03c2 02       		.byte	2
 992 03c3 40       		.byte	64
 993 03c4 04       		.byte	4
 994 03c5 10       		.byte	16
 995 03c6 06       		.byte	6
 996 03c7 40       		.byte	64
 997 03c8 07       		.byte	7
 998 03c9 10       		.byte	16
 999 03ca 08       		.byte	8
 1000 03cb 02       		.byte	2
 1001 03cc 0A       		.byte	10
 1002 03cd 04       		.byte	4
 1003 03ce 0E       		.byte	14
 1004 03cf 05       		.byte	5
 1005 03d0 0F       		.byte	15
 1006 03d1 20       		.byte	32
 1007 03d2 11       		.byte	17
 1008 03d3 08       		.byte	8
 1009 03d4 12       		.byte	18
 1010 03d5 80       		.byte	-128
 1011 03d6 16       		.byte	22
 1012 03d7 08       		.byte	8
 1013 03d8 17       		.byte	23
 1014 03d9 01       		.byte	1
 1015 03da 18       		.byte	24
 1016 03db 50       		.byte	80
 1017 03dc 1B       		.byte	27
 1018 03dd 20       		.byte	32
 1019 03de 1E       		.byte	30
 1020 03df 2D       		.byte	45
 1021 03e0 25       		.byte	37
 1022 03e1 04       		.byte	4
 1023 03e2 26       		.byte	38
 1024 03e3 80       		.byte	-128
 1025 03e4 27       		.byte	39
 1026 03e5 99       		.byte	-103
ARM GAS  C:\Users\pajoh\AppData\Local\Temp\ccXcXe9k.s 			page 19


 1027 03e6 2D       		.byte	45
 1028 03e7 28       		.byte	40
 1029 03e8 2E       		.byte	46
 1030 03e9 08       		.byte	8
 1031 03ea 2F       		.byte	47
 1032 03eb 4A       		.byte	74
 1033 03ec 36       		.byte	54
 1034 03ed 04       		.byte	4
 1035 03ee 37       		.byte	55
 1036 03ef 01       		.byte	1
 1037 03f0 3C       		.byte	60
 1038 03f1 10       		.byte	16
 1039 03f2 3D       		.byte	61
 1040 03f3 08       		.byte	8
 1041 03f4 40       		.byte	64
 1042 03f5 40       		.byte	64
 1043 03f6 45       		.byte	69
 1044 03f7 04       		.byte	4
 1045 03f8 46       		.byte	70
 1046 03f9 08       		.byte	8
 1047 03fa 47       		.byte	71
 1048 03fb 01       		.byte	1
 1049 03fc 49       		.byte	73
 1050 03fd 08       		.byte	8
 1051 03fe 52       		.byte	82
 1052 03ff 40       		.byte	64
 1053 0400 53       		.byte	83
 1054 0401 40       		.byte	64
 1055 0402 57       		.byte	87
 1056 0403 1A       		.byte	26
 1057 0404 5A       		.byte	90
 1058 0405 02       		.byte	2
 1059 0406 5D       		.byte	93
 1060 0407 20       		.byte	32
 1061 0408 5E       		.byte	94
 1062 0409 02       		.byte	2
 1063 040a 5F       		.byte	95
 1064 040b 88       		.byte	-120
 1065 040c 60       		.byte	96
 1066 040d 04       		.byte	4
 1067 040e 61       		.byte	97
 1068 040f 80       		.byte	-128
 1069 0410 63       		.byte	99
 1070 0411 40       		.byte	64
 1071 0412 7A       		.byte	122
 1072 0413 01       		.byte	1
 1073 0414 7B       		.byte	123
 1074 0415 02       		.byte	2
 1075 0416 87       		.byte	-121
 1076 0417 40       		.byte	64
 1077 0418 88       		.byte	-120
 1078 0419 80       		.byte	-128
 1079 041a 8A       		.byte	-118
 1080 041b 10       		.byte	16
 1081 041c 90       		.byte	-112
 1082 041d 04       		.byte	4
 1083 041e 92       		.byte	-110
ARM GAS  C:\Users\pajoh\AppData\Local\Temp\ccXcXe9k.s 			page 20


 1084 041f 02       		.byte	2
 1085 0420 98       		.byte	-104
 1086 0421 02       		.byte	2
 1087 0422 9C       		.byte	-100
 1088 0423 80       		.byte	-128
 1089 0424 A1       		.byte	-95
 1090 0425 80       		.byte	-128
 1091 0426 A7       		.byte	-89
 1092 0427 20       		.byte	32
 1093 0428 AA       		.byte	-86
 1094 0429 20       		.byte	32
 1095 042a B1       		.byte	-79
 1096 042b 02       		.byte	2
 1097 042c B5       		.byte	-75
 1098 042d 21       		.byte	33
 1099 042e C0       		.byte	-64
 1100 042f 7E       		.byte	126
 1101 0430 C2       		.byte	-62
 1102 0431 EA       		.byte	-22
 1103 0432 C4       		.byte	-60
 1104 0433 5C       		.byte	92
 1105 0434 CA       		.byte	-54
 1106 0435 F0       		.byte	-16
 1107 0436 CC       		.byte	-52
 1108 0437 C0       		.byte	-64
 1109 0438 CE       		.byte	-50
 1110 0439 60       		.byte	96
 1111 043a D0       		.byte	-48
 1112 043b E1       		.byte	-31
 1113 043c D6       		.byte	-42
 1114 043d F1       		.byte	-15
 1115 043e D8       		.byte	-40
 1116 043f 0D       		.byte	13
 1117 0440 E4       		.byte	-28
 1118 0441 10       		.byte	16
 1119 0442 EC       		.byte	-20
 1120 0443 11       		.byte	17
 1121 0444 33       		.byte	51
 1122 0445 88       		.byte	-120
 1123 0446 36       		.byte	54
 1124 0447 20       		.byte	32
 1125 0448 CC       		.byte	-52
 1126 0449 70       		.byte	112
 1127 044a A6       		.byte	-90
 1128 044b 20       		.byte	32
 1129 044c A7       		.byte	-89
 1130 044d 88       		.byte	-120
 1131 044e A6       		.byte	-90
 1132 044f 20       		.byte	32
 1133 0450 A7       		.byte	-89
 1134 0451 88       		.byte	-120
 1135 0452 A6       		.byte	-90
 1136 0453 20       		.byte	32
 1137 0454 A7       		.byte	-89
 1138 0455 88       		.byte	-120
 1139 0456 7C       		.byte	124
 1140 0457 01       		.byte	1
ARM GAS  C:\Users\pajoh\AppData\Local\Temp\ccXcXe9k.s 			page 21


 1141 0458 DE       		.byte	-34
 1142 0459 01       		.byte	1
 1143 045a 94       		.byte	-108
 1144 045b 01       		.byte	1
 1145 045c 45       		.byte	69
 1146 045d 08       		.byte	8
 1147 045e 94       		.byte	-108
 1148 045f 01       		.byte	1
 1149 0460 D0       		.byte	-48
 1150 0461 01       		.byte	1
 1151 0462 94       		.byte	-108
 1152 0463 01       		.byte	1
 1153 0464 A5       		.byte	-91
 1154 0465 08       		.byte	8
 1155 0466 25       		.byte	37
 1156 0467 10       		.byte	16
 1157 0468 A6       		.byte	-90
 1158 0469 20       		.byte	32
 1159 046a A7       		.byte	-89
 1160 046b 88       		.byte	-120
 1161 046c C8       		.byte	-56
 1162 046d 20       		.byte	32
 1163 046e 1B       		.byte	27
 1164 046f 80       		.byte	-128
 1165 0470 1E       		.byte	30
 1166 0471 02       		.byte	2
 1167 0472 82       		.byte	-126
 1168 0473 01       		.byte	1
 1169 0474 83       		.byte	-125
 1170 0475 08       		.byte	8
 1171 0476 86       		.byte	-122
 1172 0477 20       		.byte	32
 1173 0478 A6       		.byte	-90
 1174 0479 20       		.byte	32
 1175 047a A7       		.byte	-89
 1176 047b 88       		.byte	-120
 1177 047c B5       		.byte	-75
 1178 047d 10       		.byte	16
 1179 047e C6       		.byte	-58
 1180 047f C0       		.byte	-64
 1181 0480 E6       		.byte	-26
 1182 0481 40       		.byte	64
 1183 0482 00       		.byte	0
 1184 0483 10       		.byte	16
 1185 0484 62       		.byte	98
 1186 0485 02       		.byte	2
 1187 0486 66       		.byte	102
 1188 0487 08       		.byte	8
 1189 0488 94       		.byte	-108
 1190 0489 01       		.byte	1
 1191 048a A5       		.byte	-91
 1192 048b 08       		.byte	8
 1193 048c C0       		.byte	-64
 1194 048d 02       		.byte	2
 1195 048e D8       		.byte	-40
 1196 048f 03       		.byte	3
 1197 0490 10       		.byte	16
ARM GAS  C:\Users\pajoh\AppData\Local\Temp\ccXcXe9k.s 			page 22


 1198 0491 10       		.byte	16
 1199 0492 75       		.byte	117
 1200 0493 02       		.byte	2
 1201 0494 88       		.byte	-120
 1202 0495 10       		.byte	16
 1203 0496 89       		.byte	-119
 1204 0497 02       		.byte	2
 1205 0498 8C       		.byte	-116
 1206 0499 01       		.byte	1
 1207 049a 94       		.byte	-108
 1208 049b 01       		.byte	1
 1209 049c AA       		.byte	-86
 1210 049d 08       		.byte	8
 1211 049e B2       		.byte	-78
 1212 049f 02       		.byte	2
 1213 04a0 B4       		.byte	-76
 1214 04a1 10       		.byte	16
 1215 04a2 B5       		.byte	-75
 1216 04a3 08       		.byte	8
 1217 04a4 C4       		.byte	-60
 1218 04a5 08       		.byte	8
 1219 04a6 DE       		.byte	-34
 1220 04a7 04       		.byte	4
 1221 04a8 E0       		.byte	-32
 1222 04a9 01       		.byte	1
 1223 04aa E2       		.byte	-30
 1224 04ab 04       		.byte	4
 1225 04ac E4       		.byte	-28
 1226 04ad 08       		.byte	8
 1227 04ae EA       		.byte	-22
 1228 04af 08       		.byte	8
 1229 04b0 EC       		.byte	-20
 1230 04b1 0C       		.byte	12
 1231 04b2 00       		.byte	0
 1232 04b3 06       		.byte	6
 1233 04b4 02       		.byte	2
 1234 04b5 14       		.byte	20
 1235 04b6 0C       		.byte	12
 1236 04b7 06       		.byte	6
 1237 04b8 10       		.byte	16
 1238 04b9 06       		.byte	6
 1239 04ba 11       		.byte	17
 1240 04bb 01       		.byte	1
 1241 04bc 12       		.byte	18
 1242 04bd 14       		.byte	20
 1243 04be 1C       		.byte	28
 1244 04bf 06       		.byte	6
 1245 04c0 1D       		.byte	29
 1246 04c1 01       		.byte	1
 1247 04c2 00       		.byte	0
 1248 04c3 3F       		.byte	63
 1249 04c4 00       		.byte	0
 1250 04c5 00       		.byte	0
 1251 04c6 40       		.byte	64
 1252 04c7 00       		.byte	0
 1253 04c8 11       		.byte	17
 1254 04c9 3F       		.byte	63
ARM GAS  C:\Users\pajoh\AppData\Local\Temp\ccXcXe9k.s 			page 23


 1255 04ca 02       		.byte	2
 1256 04cb 00       		.byte	0
 1257 04cc 04       		.byte	4
 1258 04cd 3F       		.byte	63
 1259 04ce 19       		.byte	25
 1260 04cf 00       		.byte	0
 1261 04d0 19       		.byte	25
 1262 04d1 01       		.byte	1
 1263 04d2 00       		.byte	0
 1264 04d3 06       		.byte	6
 1265 04d4 18       		.byte	24
 1266 04d5 00       		.byte	0
 1267 04d6 04       		.byte	4
 1268 04d7 00       		.byte	0
 1269 04d8 19       		.byte	25
 1270 04d9 00       		.byte	0
 1271 04da 00       		.byte	0
 1272 04db 00       		.byte	0
 1273 04dc 19       		.byte	25
 1274 04dd 00       		.byte	0
 1275 04de 00       		.byte	0
 1276 04df 00       		.byte	0
 1277 04e0 00       		.byte	0
 1278 04e1 20       		.byte	32
 1279 04e2 40       		.byte	64
 1280 04e3 00       		.byte	0
 1281 04e4 1E       		.byte	30
 1282 04e5 0A       		.byte	10
 1283 04e6 01       		.byte	1
 1284 04e7 11       		.byte	17
 1285 04e8 00       		.byte	0
 1286 04e9 00       		.byte	0
 1287 04ea 20       		.byte	32
 1288 04eb 00       		.byte	0
 1289 04ec 01       		.byte	1
 1290 04ed 00       		.byte	0
 1291 04ee 18       		.byte	24
 1292 04ef 00       		.byte	0
 1293 04f0 18       		.byte	24
 1294 04f1 14       		.byte	20
 1295 04f2 01       		.byte	1
 1296 04f3 09       		.byte	9
 1297 04f4 0F       		.byte	15
 1298 04f5 00       		.byte	0
 1299 04f6 00       		.byte	0
 1300 04f7 20       		.byte	32
 1301 04f8 60       		.byte	96
 1302 04f9 07       		.byte	7
 1303 04fa 11       		.byte	17
 1304 04fb 18       		.byte	24
 1305 04fc 00       		.byte	0
 1306 04fd 00       		.byte	0
 1307 04fe 03       		.byte	3
 1308 04ff 00       		.byte	0
 1309 0500 00       		.byte	0
 1310 0501 00       		.byte	0
 1311 0502 10       		.byte	16
ARM GAS  C:\Users\pajoh\AppData\Local\Temp\ccXcXe9k.s 			page 24


 1312 0503 00       		.byte	0
 1313 0504 34       		.byte	52
 1314 0505 05       		.byte	5
 1315 0506 10       		.byte	16
 1316 0507 00       		.byte	0
 1317 0508 06       		.byte	6
 1318 0509 DE       		.byte	-34
 1319 050a FC       		.byte	-4
 1320 050b 0B       		.byte	11
 1321 050c 1F       		.byte	31
 1322 050d FF       		.byte	-1
 1323 050e FF       		.byte	-1
 1324 050f FF       		.byte	-1
 1325 0510 23       		.byte	35
 1326 0511 00       		.byte	0
 1327 0512 F0       		.byte	-16
 1328 0513 0C       		.byte	12
 1329 0514 04       		.byte	4
 1330 0515 00       		.byte	0
 1331 0516 00       		.byte	0
 1332 0517 00       		.byte	0
 1333 0518 40       		.byte	64
 1334 0519 00       		.byte	0
 1335 051a 00       		.byte	0
 1336 051b 00       		.byte	0
 1337 051c 04       		.byte	4
 1338 051d 04       		.byte	4
 1339 051e 04       		.byte	4
 1340 051f 04       		.byte	4
 1341 0520 21       		.byte	33
 1342 0521 11       		.byte	17
 1343 0522 00       		.byte	0
 1344 0523 01       		.byte	1
 1345 0524 00       		.byte	0
 1346 0525 00       		.byte	0
 1347 0526 C0       		.byte	-64
 1348 0527 00       		.byte	0
 1349 0528 40       		.byte	64
 1350 0529 01       		.byte	1
 1351 052a 10       		.byte	16
 1352 052b 11       		.byte	17
 1353 052c C0       		.byte	-64
 1354 052d 01       		.byte	1
 1355 052e 00       		.byte	0
 1356 052f 11       		.byte	17
 1357 0530 40       		.byte	64
 1358 0531 01       		.byte	1
 1359 0532 40       		.byte	64
 1360 0533 01       		.byte	1
 1361 0534 00       		.byte	0
 1362 0535 00       		.byte	0
 1363 0536 00       		.byte	0
 1364 0537 00       		.byte	0
 1365 0538 00       		.byte	0
 1366 0539 00       		.byte	0
 1367 053a 00       		.byte	0
 1368 053b 00       		.byte	0
ARM GAS  C:\Users\pajoh\AppData\Local\Temp\ccXcXe9k.s 			page 25


 1369 053c 00       		.byte	0
 1370 053d 00       		.byte	0
 1371 053e 00       		.byte	0
 1372 053f 00       		.byte	0
 1373 0540 00       		.byte	0
 1374 0541 00       		.byte	0
 1375 0542 00       		.byte	0
 1376 0543 00       		.byte	0
 1377 0544 01       		.byte	1
 1378 0545 20       		.byte	32
 1379 0546 00       		.byte	0
 1380 0547 00       		.byte	0
 1381 0548 00       		.byte	0
 1382 0549 30       		.byte	48
 1383 054a 40       		.byte	64
 1384 054b 00       		.byte	0
 1385 054c 00       		.byte	0
 1386 054d 10       		.byte	16
 1387 054e B3       		.byte	-77
 1388 054f 00       		.byte	0
 1389 0550 F3       		.byte	-13
 1390 0551 03       		.byte	3
 1391 0552 0C       		.byte	12
 1392 0553 00       		.byte	0
 1393 0554 42       		.byte	66
 1394 0555 00       		.byte	0
 1395 0556 00       		.byte	0
 1396 0557 00       		.byte	0
 1397 0558 4F       		.byte	79
 1398 0559 00       		.byte	0
 1399 055a 90       		.byte	-112
 1400 055b 0B       		.byte	11
 1401 055c FF       		.byte	-1
 1402 055d 01       		.byte	1
 1403 055e 00       		.byte	0
 1404 055f 00       		.byte	0
 1405 0560 4C       		.byte	76
 1406 0561 78       		.byte	120
 1407 0562 A3       		.byte	-93
 1408 0563 07       		.byte	7
 1409 0564 08       		.byte	8
 1410 0565 4F       		.byte	79
 1411 0566 00       		.byte	0
 1412 0567 30       		.byte	48
 1413 0568 04       		.byte	4
 1414 0569 70       		.byte	112
 1415 056a 00       		.byte	0
 1416 056b 0F       		.byte	15
 1417 056c 0C       		.byte	12
 1418 056d 7F       		.byte	127
 1419 056e 00       		.byte	0
 1420 056f 00       		.byte	0
 1421 0570 03       		.byte	3
 1422 0571 02       		.byte	2
 1423 0572 00       		.byte	0
 1424 0573 00       		.byte	0
 1425 0574 0F       		.byte	15
ARM GAS  C:\Users\pajoh\AppData\Local\Temp\ccXcXe9k.s 			page 26


 1426 0575 03       		.byte	3
 1427 0576 8C       		.byte	-116
 1428 0577 40       		.byte	64
 1429 0578 00       		.byte	0
 1430 0579 04       		.byte	4
 1431 057a 7C       		.byte	124
 1432 057b 38       		.byte	56
 1433 057c 00       		.byte	0
 1434 057d 20       		.byte	32
 1435 057e AA       		.byte	-86
 1436 057f 00       		.byte	0
 1437 0580 00       		.byte	0
 1438 0581 00       		.byte	0
 1439 0582 00       		.byte	0
 1440 0583 04       		.byte	4
 1441 0584 43       		.byte	67
 1442 0585 06       		.byte	6
 1443 0586 05       		.byte	5
 1444 0587 00       		.byte	0
 1445 0588 02       		.byte	2
 1446 0589 00       		.byte	0
 1447 058a 0C       		.byte	12
 1448 058b 0E       		.byte	14
 1449 058c 14       		.byte	20
 1450 058d FF       		.byte	-1
 1451 058e FF       		.byte	-1
 1452 058f FF       		.byte	-1
 1453 0590 62       		.byte	98
 1454 0591 A0       		.byte	-96
 1455 0592 F0       		.byte	-16
 1456 0593 41       		.byte	65
 1457 0594 0C       		.byte	12
 1458 0595 00       		.byte	0
 1459 0596 00       		.byte	0
 1460 0597 00       		.byte	0
 1461 0598 00       		.byte	0
 1462 0599 00       		.byte	0
 1463 059a 02       		.byte	2
 1464 059b 12       		.byte	18
 1465 059c 04       		.byte	4
 1466 059d 04       		.byte	4
 1467 059e 04       		.byte	4
 1468 059f 04       		.byte	4
 1469 05a0 22       		.byte	34
 1470 05a1 22       		.byte	34
 1471 05a2 00       		.byte	0
 1472 05a3 01       		.byte	1
 1473 05a4 00       		.byte	0
 1474 05a5 00       		.byte	0
 1475 05a6 00       		.byte	0
 1476 05a7 00       		.byte	0
 1477 05a8 00       		.byte	0
 1478 05a9 00       		.byte	0
 1479 05aa 40       		.byte	64
 1480 05ab 02       		.byte	2
 1481 05ac 00       		.byte	0
 1482 05ad 10       		.byte	16
ARM GAS  C:\Users\pajoh\AppData\Local\Temp\ccXcXe9k.s 			page 27


 1483 05ae 30       		.byte	48
 1484 05af 10       		.byte	16
 1485 05b0 00       		.byte	0
 1486 05b1 10       		.byte	16
 1487 05b2 10       		.byte	16
 1488 05b3 12       		.byte	18
 1489 05b4 00       		.byte	0
 1490 05b5 00       		.byte	0
 1491 05b6 00       		.byte	0
 1492 05b7 00       		.byte	0
 1493 05b8 00       		.byte	0
 1494 05b9 00       		.byte	0
 1495 05ba 00       		.byte	0
 1496 05bb 00       		.byte	0
 1497 05bc 00       		.byte	0
 1498 05bd 00       		.byte	0
 1499 05be 00       		.byte	0
 1500 05bf 00       		.byte	0
 1501 05c0 00       		.byte	0
 1502 05c1 00       		.byte	0
 1503 05c2 00       		.byte	0
 1504 05c3 00       		.byte	0
 1505 05c4 82       		.byte	-126
 1506 05c5 00       		.byte	0
 1507 05c6 00       		.byte	0
 1508 05c7 F6       		.byte	-10
 1509 05c8 F6       		.byte	-10
 1510 05c9 00       		.byte	0
 1511 05ca 00       		.byte	0
 1512 05cb 00       		.byte	0
 1513 05cc 08       		.byte	8
 1514 05cd 00       		.byte	0
 1515 05ce 00       		.byte	0
 1516 05cf 00       		.byte	0
 1517 05d0 80       		.byte	-128
 1518 05d1 00       		.byte	0
 1519 05d2 40       		.byte	64
 1520 05d3 C0       		.byte	-64
 1521 05d4 80       		.byte	-128
 1522 05d5 00       		.byte	0
 1523 05d6 80       		.byte	-128
 1524 05d7 00       		.byte	0
 1525 05d8 00       		.byte	0
 1526 05d9 00       		.byte	0
 1527 05da 00       		.byte	0
 1528 05db 00       		.byte	0
 1529 05dc C0       		.byte	-64
 1530 05dd 00       		.byte	0
 1531 05de 04       		.byte	4
 1532 05df FB       		.byte	-5
 1533 05e0 FB       		.byte	-5
 1534 05e1 00       		.byte	0
 1535 05e2 30       		.byte	48
 1536 05e3 00       		.byte	0
 1537 05e4 00       		.byte	0
 1538 05e5 00       		.byte	0
 1539 05e6 00       		.byte	0
ARM GAS  C:\Users\pajoh\AppData\Local\Temp\ccXcXe9k.s 			page 28


 1540 05e7 00       		.byte	0
 1541 05e8 66       		.byte	102
 1542 05e9 00       		.byte	0
 1543 05ea 00       		.byte	0
 1544 05eb 67       		.byte	103
 1545 05ec 07       		.byte	7
 1546 05ed 00       		.byte	0
 1547 05ee 00       		.byte	0
 1548 05ef 00       		.byte	0
 1549 05f0 80       		.byte	-128
 1550 05f1 00       		.byte	0
 1551 05f2 00       		.byte	0
 1552 05f3 00       		.byte	0
 1553 05f4 70       		.byte	112
 1554 05f5 00       		.byte	0
 1555 05f6 18       		.byte	24
 1556 05f7 01       		.byte	1
 1557              		.section	.cywolatch,"a",%progbits
 1558              		.align	2
 1559              		.type	cy_meta_wonvl, %object
 1560              		.size	cy_meta_wonvl, 4
 1561              	cy_meta_wonvl:
 1562 0000 BC       		.byte	-68
 1563 0001 90       		.byte	-112
 1564 0002 AC       		.byte	-84
 1565 0003 AF       		.byte	-81
 1566              		.section	.cycustnvl,"a",%progbits
 1567              		.align	2
 1568              		.type	cy_meta_custnvl, %object
 1569              		.size	cy_meta_custnvl, 4
 1570              	cy_meta_custnvl:
 1571 0000 00       		.byte	0
 1572 0001 00       		.byte	0
 1573 0002 40       		.byte	64
 1574 0003 05       		.byte	5
 1575              		.section	.cymeta,"a",%progbits
 1576              		.align	2
 1577              		.type	cy_metadata, %object
 1578              		.size	cy_metadata, 12
 1579              	cy_metadata:
 1580 0000 00       		.byte	0
 1581 0001 01       		.byte	1
 1582 0002 2E       		.byte	46
 1583 0003 16       		.byte	22
 1584 0004 10       		.byte	16
 1585 0005 69       		.byte	105
 1586 0006 00       		.byte	0
 1587 0007 01       		.byte	1
 1588 0008 00       		.byte	0
 1589 0009 00       		.byte	0
 1590 000a 00       		.byte	0
 1591 000b 00       		.byte	0
 1592              		.section	.cyflashprotect,"a",%progbits
 1593              		.align	2
 1594              		.type	cy_meta_flashprotect, %object
 1595              		.size	cy_meta_flashprotect, 256
 1596              	cy_meta_flashprotect:
ARM GAS  C:\Users\pajoh\AppData\Local\Temp\ccXcXe9k.s 			page 29


 1597 0000 00000000 		.space	256
 1597      00000000 
 1597      00000000 
 1597      00000000 
 1597      00000000 
 1598              		.text
 1599              	.Letext0:
 1600              		.file 1 "c:\\program files (x86)\\cypress\\psoc creator\\4.2\\psoc creator\\import\\gnu\\arm\\5.4.
 1601              		.file 2 "c:\\program files (x86)\\cypress\\psoc creator\\4.2\\psoc creator\\import\\gnu\\arm\\5.4.
 1602              		.file 3 "Generated_Source\\PSoC5\\cymetadata.c"
 1603              		.section	.debug_info,"",%progbits
 1604              	.Ldebug_info0:
 1605 0000 33010000 		.4byte	0x133
 1606 0004 0400     		.2byte	0x4
 1607 0006 00000000 		.4byte	.Ldebug_abbrev0
 1608 000a 04       		.byte	0x4
 1609 000b 01       		.uleb128 0x1
 1610 000c 24000000 		.4byte	.LASF17
 1611 0010 0C       		.byte	0xc
 1612 0011 B9010000 		.4byte	.LASF18
 1613 0015 D7000000 		.4byte	.LASF19
 1614 0019 00000000 		.4byte	.Ldebug_line0
 1615 001d 02       		.uleb128 0x2
 1616 001e 01       		.byte	0x1
 1617 001f 06       		.byte	0x6
 1618 0020 AD010000 		.4byte	.LASF0
 1619 0024 03       		.uleb128 0x3
 1620 0025 00000000 		.4byte	.LASF9
 1621 0029 01       		.byte	0x1
 1622 002a 1D       		.byte	0x1d
 1623 002b 2F000000 		.4byte	0x2f
 1624 002f 02       		.uleb128 0x2
 1625 0030 01       		.byte	0x1
 1626 0031 08       		.byte	0x8
 1627 0032 16000000 		.4byte	.LASF1
 1628 0036 02       		.uleb128 0x2
 1629 0037 02       		.byte	0x2
 1630 0038 05       		.byte	0x5
 1631 0039 9A010000 		.4byte	.LASF2
 1632 003d 02       		.uleb128 0x2
 1633 003e 02       		.byte	0x2
 1634 003f 07       		.byte	0x7
 1635 0040 C4000000 		.4byte	.LASF3
 1636 0044 02       		.uleb128 0x2
 1637 0045 04       		.byte	0x4
 1638 0046 05       		.byte	0x5
 1639 0047 A4010000 		.4byte	.LASF4
 1640 004b 02       		.uleb128 0x2
 1641 004c 04       		.byte	0x4
 1642 004d 07       		.byte	0x7
 1643 004e B2000000 		.4byte	.LASF5
 1644 0052 02       		.uleb128 0x2
 1645 0053 08       		.byte	0x8
 1646 0054 05       		.byte	0x5
 1647 0055 8C010000 		.4byte	.LASF6
 1648 0059 02       		.uleb128 0x2
 1649 005a 08       		.byte	0x8
ARM GAS  C:\Users\pajoh\AppData\Local\Temp\ccXcXe9k.s 			page 30


 1650 005b 07       		.byte	0x7
 1651 005c 41010000 		.4byte	.LASF7
 1652 0060 04       		.uleb128 0x4
 1653 0061 04       		.byte	0x4
 1654 0062 05       		.byte	0x5
 1655 0063 696E7400 		.ascii	"int\000"
 1656 0067 02       		.uleb128 0x2
 1657 0068 04       		.byte	0x4
 1658 0069 07       		.byte	0x7
 1659 006a 34010000 		.4byte	.LASF8
 1660 006e 03       		.uleb128 0x3
 1661 006f 58010000 		.4byte	.LASF10
 1662 0073 02       		.byte	0x2
 1663 0074 18       		.byte	0x18
 1664 0075 24000000 		.4byte	0x24
 1665 0079 05       		.uleb128 0x5
 1666 007a 91000000 		.4byte	0x91
 1667 007e 8A000000 		.4byte	0x8a
 1668 0082 06       		.uleb128 0x6
 1669 0083 8A000000 		.4byte	0x8a
 1670 0087 F705     		.2byte	0x5f7
 1671 0089 00       		.byte	0
 1672 008a 02       		.uleb128 0x2
 1673 008b 04       		.byte	0x4
 1674 008c 07       		.byte	0x7
 1675 008d 83010000 		.4byte	.LASF11
 1676 0091 07       		.uleb128 0x7
 1677 0092 6E000000 		.4byte	0x6e
 1678 0096 08       		.uleb128 0x8
 1679 0097 22010000 		.4byte	.LASF12
 1680 009b 03       		.byte	0x3
 1681 009c 1F       		.byte	0x1f
 1682 009d A7000000 		.4byte	0xa7
 1683 00a1 05       		.uleb128 0x5
 1684 00a2 03       		.byte	0x3
 1685 00a3 00000000 		.4byte	cy_meta_configecc
 1686 00a7 07       		.uleb128 0x7
 1687 00a8 79000000 		.4byte	0x79
 1688 00ac 05       		.uleb128 0x5
 1689 00ad 91000000 		.4byte	0x91
 1690 00b1 BC000000 		.4byte	0xbc
 1691 00b5 09       		.uleb128 0x9
 1692 00b6 8A000000 		.4byte	0x8a
 1693 00ba 03       		.byte	0x3
 1694 00bb 00       		.byte	0
 1695 00bc 08       		.uleb128 0x8
 1696 00bd 12010000 		.4byte	.LASF13
 1697 00c1 03       		.byte	0x3
 1698 00c2 EB       		.byte	0xeb
 1699 00c3 CD000000 		.4byte	0xcd
 1700 00c7 05       		.uleb128 0x5
 1701 00c8 03       		.byte	0x3
 1702 00c9 00000000 		.4byte	cy_meta_custnvl
 1703 00cd 07       		.uleb128 0x7
 1704 00ce AC000000 		.4byte	0xac
 1705 00d2 08       		.uleb128 0x8
 1706 00d3 75010000 		.4byte	.LASF14
ARM GAS  C:\Users\pajoh\AppData\Local\Temp\ccXcXe9k.s 			page 31


 1707 00d7 03       		.byte	0x3
 1708 00d8 F9       		.byte	0xf9
 1709 00d9 E3000000 		.4byte	0xe3
 1710 00dd 05       		.uleb128 0x5
 1711 00de 03       		.byte	0x3
 1712 00df 00000000 		.4byte	cy_meta_wonvl
 1713 00e3 07       		.uleb128 0x7
 1714 00e4 AC000000 		.4byte	0xac
 1715 00e8 05       		.uleb128 0x5
 1716 00e9 91000000 		.4byte	0x91
 1717 00ed F8000000 		.4byte	0xf8
 1718 00f1 09       		.uleb128 0x9
 1719 00f2 8A000000 		.4byte	0x8a
 1720 00f6 FF       		.byte	0xff
 1721 00f7 00       		.byte	0
 1722 00f8 0A       		.uleb128 0xa
 1723 00f9 60010000 		.4byte	.LASF15
 1724 00fd 03       		.byte	0x3
 1725 00fe 0701     		.2byte	0x107
 1726 0100 0A010000 		.4byte	0x10a
 1727 0104 05       		.uleb128 0x5
 1728 0105 03       		.byte	0x3
 1729 0106 00000000 		.4byte	cy_meta_flashprotect
 1730 010a 07       		.uleb128 0x7
 1731 010b E8000000 		.4byte	0xe8
 1732 010f 05       		.uleb128 0x5
 1733 0110 91000000 		.4byte	0x91
 1734 0114 1F010000 		.4byte	0x11f
 1735 0118 09       		.uleb128 0x9
 1736 0119 8A000000 		.4byte	0x8a
 1737 011d 0B       		.byte	0xb
 1738 011e 00       		.byte	0
 1739 011f 0A       		.uleb128 0xa
 1740 0120 0A000000 		.4byte	.LASF16
 1741 0124 03       		.byte	0x3
 1742 0125 3401     		.2byte	0x134
 1743 0127 31010000 		.4byte	0x131
 1744 012b 05       		.uleb128 0x5
 1745 012c 03       		.byte	0x3
 1746 012d 00000000 		.4byte	cy_metadata
 1747 0131 07       		.uleb128 0x7
 1748 0132 0F010000 		.4byte	0x10f
 1749 0136 00       		.byte	0
 1750              		.section	.debug_abbrev,"",%progbits
 1751              	.Ldebug_abbrev0:
 1752 0000 01       		.uleb128 0x1
 1753 0001 11       		.uleb128 0x11
 1754 0002 01       		.byte	0x1
 1755 0003 25       		.uleb128 0x25
 1756 0004 0E       		.uleb128 0xe
 1757 0005 13       		.uleb128 0x13
 1758 0006 0B       		.uleb128 0xb
 1759 0007 03       		.uleb128 0x3
 1760 0008 0E       		.uleb128 0xe
 1761 0009 1B       		.uleb128 0x1b
 1762 000a 0E       		.uleb128 0xe
 1763 000b 10       		.uleb128 0x10
ARM GAS  C:\Users\pajoh\AppData\Local\Temp\ccXcXe9k.s 			page 32


 1764 000c 17       		.uleb128 0x17
 1765 000d 00       		.byte	0
 1766 000e 00       		.byte	0
 1767 000f 02       		.uleb128 0x2
 1768 0010 24       		.uleb128 0x24
 1769 0011 00       		.byte	0
 1770 0012 0B       		.uleb128 0xb
 1771 0013 0B       		.uleb128 0xb
 1772 0014 3E       		.uleb128 0x3e
 1773 0015 0B       		.uleb128 0xb
 1774 0016 03       		.uleb128 0x3
 1775 0017 0E       		.uleb128 0xe
 1776 0018 00       		.byte	0
 1777 0019 00       		.byte	0
 1778 001a 03       		.uleb128 0x3
 1779 001b 16       		.uleb128 0x16
 1780 001c 00       		.byte	0
 1781 001d 03       		.uleb128 0x3
 1782 001e 0E       		.uleb128 0xe
 1783 001f 3A       		.uleb128 0x3a
 1784 0020 0B       		.uleb128 0xb
 1785 0021 3B       		.uleb128 0x3b
 1786 0022 0B       		.uleb128 0xb
 1787 0023 49       		.uleb128 0x49
 1788 0024 13       		.uleb128 0x13
 1789 0025 00       		.byte	0
 1790 0026 00       		.byte	0
 1791 0027 04       		.uleb128 0x4
 1792 0028 24       		.uleb128 0x24
 1793 0029 00       		.byte	0
 1794 002a 0B       		.uleb128 0xb
 1795 002b 0B       		.uleb128 0xb
 1796 002c 3E       		.uleb128 0x3e
 1797 002d 0B       		.uleb128 0xb
 1798 002e 03       		.uleb128 0x3
 1799 002f 08       		.uleb128 0x8
 1800 0030 00       		.byte	0
 1801 0031 00       		.byte	0
 1802 0032 05       		.uleb128 0x5
 1803 0033 01       		.uleb128 0x1
 1804 0034 01       		.byte	0x1
 1805 0035 49       		.uleb128 0x49
 1806 0036 13       		.uleb128 0x13
 1807 0037 01       		.uleb128 0x1
 1808 0038 13       		.uleb128 0x13
 1809 0039 00       		.byte	0
 1810 003a 00       		.byte	0
 1811 003b 06       		.uleb128 0x6
 1812 003c 21       		.uleb128 0x21
 1813 003d 00       		.byte	0
 1814 003e 49       		.uleb128 0x49
 1815 003f 13       		.uleb128 0x13
 1816 0040 2F       		.uleb128 0x2f
 1817 0041 05       		.uleb128 0x5
 1818 0042 00       		.byte	0
 1819 0043 00       		.byte	0
 1820 0044 07       		.uleb128 0x7
ARM GAS  C:\Users\pajoh\AppData\Local\Temp\ccXcXe9k.s 			page 33


 1821 0045 26       		.uleb128 0x26
 1822 0046 00       		.byte	0
 1823 0047 49       		.uleb128 0x49
 1824 0048 13       		.uleb128 0x13
 1825 0049 00       		.byte	0
 1826 004a 00       		.byte	0
 1827 004b 08       		.uleb128 0x8
 1828 004c 34       		.uleb128 0x34
 1829 004d 00       		.byte	0
 1830 004e 03       		.uleb128 0x3
 1831 004f 0E       		.uleb128 0xe
 1832 0050 3A       		.uleb128 0x3a
 1833 0051 0B       		.uleb128 0xb
 1834 0052 3B       		.uleb128 0x3b
 1835 0053 0B       		.uleb128 0xb
 1836 0054 49       		.uleb128 0x49
 1837 0055 13       		.uleb128 0x13
 1838 0056 3F       		.uleb128 0x3f
 1839 0057 19       		.uleb128 0x19
 1840 0058 02       		.uleb128 0x2
 1841 0059 18       		.uleb128 0x18
 1842 005a 00       		.byte	0
 1843 005b 00       		.byte	0
 1844 005c 09       		.uleb128 0x9
 1845 005d 21       		.uleb128 0x21
 1846 005e 00       		.byte	0
 1847 005f 49       		.uleb128 0x49
 1848 0060 13       		.uleb128 0x13
 1849 0061 2F       		.uleb128 0x2f
 1850 0062 0B       		.uleb128 0xb
 1851 0063 00       		.byte	0
 1852 0064 00       		.byte	0
 1853 0065 0A       		.uleb128 0xa
 1854 0066 34       		.uleb128 0x34
 1855 0067 00       		.byte	0
 1856 0068 03       		.uleb128 0x3
 1857 0069 0E       		.uleb128 0xe
 1858 006a 3A       		.uleb128 0x3a
 1859 006b 0B       		.uleb128 0xb
 1860 006c 3B       		.uleb128 0x3b
 1861 006d 05       		.uleb128 0x5
 1862 006e 49       		.uleb128 0x49
 1863 006f 13       		.uleb128 0x13
 1864 0070 3F       		.uleb128 0x3f
 1865 0071 19       		.uleb128 0x19
 1866 0072 02       		.uleb128 0x2
 1867 0073 18       		.uleb128 0x18
 1868 0074 00       		.byte	0
 1869 0075 00       		.byte	0
 1870 0076 00       		.byte	0
 1871              		.section	.debug_aranges,"",%progbits
 1872 0000 14000000 		.4byte	0x14
 1873 0004 0200     		.2byte	0x2
 1874 0006 00000000 		.4byte	.Ldebug_info0
 1875 000a 04       		.byte	0x4
 1876 000b 00       		.byte	0
 1877 000c 0000     		.2byte	0
ARM GAS  C:\Users\pajoh\AppData\Local\Temp\ccXcXe9k.s 			page 34


 1878 000e 0000     		.2byte	0
 1879 0010 00000000 		.4byte	0
 1880 0014 00000000 		.4byte	0
 1881              		.section	.debug_line,"",%progbits
 1882              	.Ldebug_line0:
 1883 0000 3D010000 		.section	.debug_str,"MS",%progbits,1
 1883      02003701 
 1883      00000201 
 1883      FB0E0D00 
 1883      01010101 
 1884              	.LASF9:
 1885 0000 5F5F7569 		.ascii	"__uint8_t\000"
 1885      6E74385F 
 1885      7400
 1886              	.LASF16:
 1887 000a 63795F6D 		.ascii	"cy_metadata\000"
 1887      65746164 
 1887      61746100 
 1888              	.LASF1:
 1889 0016 756E7369 		.ascii	"unsigned char\000"
 1889      676E6564 
 1889      20636861 
 1889      7200
 1890              	.LASF17:
 1891 0024 474E5520 		.ascii	"GNU C11 5.4.1 20160609 (release) [ARM/embedded-5-br"
 1891      43313120 
 1891      352E342E 
 1891      31203230 
 1891      31363036 
 1892 0057 616E6368 		.ascii	"anch revision 237715] -mcpu=cortex-m3 -mthumb -g -O"
 1892      20726576 
 1892      6973696F 
 1892      6E203233 
 1892      37373135 
 1893 008a 67202D66 		.ascii	"g -ffunction-sections -ffat-lto-objects\000"
 1893      66756E63 
 1893      74696F6E 
 1893      2D736563 
 1893      74696F6E 
 1894              	.LASF5:
 1895 00b2 6C6F6E67 		.ascii	"long unsigned int\000"
 1895      20756E73 
 1895      69676E65 
 1895      6420696E 
 1895      7400
 1896              	.LASF3:
 1897 00c4 73686F72 		.ascii	"short unsigned int\000"
 1897      7420756E 
 1897      7369676E 
 1897      65642069 
 1897      6E7400
 1898              	.LASF19:
 1899 00d7 433A5C55 		.ascii	"C:\\Users\\pajoh\\projects\\Turret\\PSoC\\turret_ps"
 1899      73657273 
 1899      5C70616A 
 1899      6F685C70 
 1899      726F6A65 
ARM GAS  C:\Users\pajoh\AppData\Local\Temp\ccXcXe9k.s 			page 35


 1900 0104 6F635C33 		.ascii	"oc\\3dof.cydsn\000"
 1900      646F662E 
 1900      63796473 
 1900      6E00
 1901              	.LASF13:
 1902 0112 63795F6D 		.ascii	"cy_meta_custnvl\000"
 1902      6574615F 
 1902      63757374 
 1902      6E766C00 
 1903              	.LASF12:
 1904 0122 63795F6D 		.ascii	"cy_meta_configecc\000"
 1904      6574615F 
 1904      636F6E66 
 1904      69676563 
 1904      6300
 1905              	.LASF8:
 1906 0134 756E7369 		.ascii	"unsigned int\000"
 1906      676E6564 
 1906      20696E74 
 1906      00
 1907              	.LASF7:
 1908 0141 6C6F6E67 		.ascii	"long long unsigned int\000"
 1908      206C6F6E 
 1908      6720756E 
 1908      7369676E 
 1908      65642069 
 1909              	.LASF10:
 1910 0158 75696E74 		.ascii	"uint8_t\000"
 1910      385F7400 
 1911              	.LASF15:
 1912 0160 63795F6D 		.ascii	"cy_meta_flashprotect\000"
 1912      6574615F 
 1912      666C6173 
 1912      6870726F 
 1912      74656374 
 1913              	.LASF14:
 1914 0175 63795F6D 		.ascii	"cy_meta_wonvl\000"
 1914      6574615F 
 1914      776F6E76 
 1914      6C00
 1915              	.LASF11:
 1916 0183 73697A65 		.ascii	"sizetype\000"
 1916      74797065 
 1916      00
 1917              	.LASF6:
 1918 018c 6C6F6E67 		.ascii	"long long int\000"
 1918      206C6F6E 
 1918      6720696E 
 1918      7400
 1919              	.LASF2:
 1920 019a 73686F72 		.ascii	"short int\000"
 1920      7420696E 
 1920      7400
 1921              	.LASF4:
 1922 01a4 6C6F6E67 		.ascii	"long int\000"
 1922      20696E74 
 1922      00
ARM GAS  C:\Users\pajoh\AppData\Local\Temp\ccXcXe9k.s 			page 36


 1923              	.LASF0:
 1924 01ad 7369676E 		.ascii	"signed char\000"
 1924      65642063 
 1924      68617200 
 1925              	.LASF18:
 1926 01b9 47656E65 		.ascii	"Generated_Source\\PSoC5\\cymetadata.c\000"
 1926      72617465 
 1926      645F536F 
 1926      75726365 
 1926      5C50536F 
 1927              		.ident	"GCC: (GNU Tools for ARM Embedded Processors) 5.4.1 20160609 (release) [ARM/embedded-5-bran
