ARM GAS  C:\Users\pajoh\AppData\Local\Temp\ccOwJkUn.s 			page 1


   1              		.syntax unified
   2              		.cpu cortex-m3
   3              		.fpu softvfp
   4              		.eabi_attribute 20, 1
   5              		.eabi_attribute 21, 1
   6              		.eabi_attribute 23, 3
   7              		.eabi_attribute 24, 1
   8              		.eabi_attribute 25, 1
   9              		.eabi_attribute 26, 1
  10              		.eabi_attribute 30, 1
  11              		.eabi_attribute 34, 1
  12              		.eabi_attribute 18, 4
  13              		.thumb
  14              		.syntax unified
  15              		.file	"J2_ctrl_PM.c"
  16              		.text
  17              	.Ltext0:
  18              		.cfi_sections	.debug_frame
  19              		.section	.text.J2_ctrl_SaveConfig,"ax",%progbits
  20              		.align	2
  21              		.global	J2_ctrl_SaveConfig
  22              		.thumb
  23              		.thumb_func
  24              		.type	J2_ctrl_SaveConfig, %function
  25              	J2_ctrl_SaveConfig:
  26              	.LFB0:
  27              		.file 1 "Generated_Source\\PSoC5\\J2_ctrl_PM.c"
   1:Generated_Source\PSoC5/J2_ctrl_PM.c **** /*******************************************************************************
   2:Generated_Source\PSoC5/J2_ctrl_PM.c **** * File Name: J2_ctrl_PM.c
   3:Generated_Source\PSoC5/J2_ctrl_PM.c **** * Version 1.80
   4:Generated_Source\PSoC5/J2_ctrl_PM.c **** *
   5:Generated_Source\PSoC5/J2_ctrl_PM.c **** * Description:
   6:Generated_Source\PSoC5/J2_ctrl_PM.c **** *  This file contains the setup, control, and status commands to support 
   7:Generated_Source\PSoC5/J2_ctrl_PM.c **** *  the component operation in the low power mode. 
   8:Generated_Source\PSoC5/J2_ctrl_PM.c **** *
   9:Generated_Source\PSoC5/J2_ctrl_PM.c **** * Note:
  10:Generated_Source\PSoC5/J2_ctrl_PM.c **** *
  11:Generated_Source\PSoC5/J2_ctrl_PM.c **** ********************************************************************************
  12:Generated_Source\PSoC5/J2_ctrl_PM.c **** * Copyright 2015, Cypress Semiconductor Corporation.  All rights reserved.
  13:Generated_Source\PSoC5/J2_ctrl_PM.c **** * You may use this file only in accordance with the license, terms, conditions, 
  14:Generated_Source\PSoC5/J2_ctrl_PM.c **** * disclaimers, and limitations in the end user license agreement accompanying 
  15:Generated_Source\PSoC5/J2_ctrl_PM.c **** * the software package with which this file was provided.
  16:Generated_Source\PSoC5/J2_ctrl_PM.c **** *******************************************************************************/
  17:Generated_Source\PSoC5/J2_ctrl_PM.c **** 
  18:Generated_Source\PSoC5/J2_ctrl_PM.c **** #include "J2_ctrl.h"
  19:Generated_Source\PSoC5/J2_ctrl_PM.c **** 
  20:Generated_Source\PSoC5/J2_ctrl_PM.c **** /* Check for removal by optimization */
  21:Generated_Source\PSoC5/J2_ctrl_PM.c **** #if !defined(J2_ctrl_Sync_ctrl_reg__REMOVED)
  22:Generated_Source\PSoC5/J2_ctrl_PM.c **** 
  23:Generated_Source\PSoC5/J2_ctrl_PM.c **** static J2_ctrl_BACKUP_STRUCT  J2_ctrl_backup = {0u};
  24:Generated_Source\PSoC5/J2_ctrl_PM.c **** 
  25:Generated_Source\PSoC5/J2_ctrl_PM.c ****     
  26:Generated_Source\PSoC5/J2_ctrl_PM.c **** /*******************************************************************************
  27:Generated_Source\PSoC5/J2_ctrl_PM.c **** * Function Name: J2_ctrl_SaveConfig
  28:Generated_Source\PSoC5/J2_ctrl_PM.c **** ********************************************************************************
  29:Generated_Source\PSoC5/J2_ctrl_PM.c **** *
  30:Generated_Source\PSoC5/J2_ctrl_PM.c **** * Summary:
ARM GAS  C:\Users\pajoh\AppData\Local\Temp\ccOwJkUn.s 			page 2


  31:Generated_Source\PSoC5/J2_ctrl_PM.c **** *  Saves the control register value.
  32:Generated_Source\PSoC5/J2_ctrl_PM.c **** *
  33:Generated_Source\PSoC5/J2_ctrl_PM.c **** * Parameters:
  34:Generated_Source\PSoC5/J2_ctrl_PM.c **** *  None
  35:Generated_Source\PSoC5/J2_ctrl_PM.c **** *
  36:Generated_Source\PSoC5/J2_ctrl_PM.c **** * Return:
  37:Generated_Source\PSoC5/J2_ctrl_PM.c **** *  None
  38:Generated_Source\PSoC5/J2_ctrl_PM.c **** *
  39:Generated_Source\PSoC5/J2_ctrl_PM.c **** *******************************************************************************/
  40:Generated_Source\PSoC5/J2_ctrl_PM.c **** void J2_ctrl_SaveConfig(void) 
  41:Generated_Source\PSoC5/J2_ctrl_PM.c **** {
  28              		.loc 1 41 0
  29              		.cfi_startproc
  30              		@ args = 0, pretend = 0, frame = 0
  31              		@ frame_needed = 0, uses_anonymous_args = 0
  32              		@ link register save eliminated.
  42:Generated_Source\PSoC5/J2_ctrl_PM.c ****     J2_ctrl_backup.controlState = J2_ctrl_Control;
  33              		.loc 1 42 0
  34 0000 024B     		ldr	r3, .L2
  35 0002 1A78     		ldrb	r2, [r3]	@ zero_extendqisi2
  36 0004 024B     		ldr	r3, .L2+4
  37 0006 1A70     		strb	r2, [r3]
  38 0008 7047     		bx	lr
  39              	.L3:
  40 000a 00BF     		.align	2
  41              	.L2:
  42 000c 7B640040 		.word	1073767547
  43 0010 00000000 		.word	.LANCHOR0
  44              		.cfi_endproc
  45              	.LFE0:
  46              		.size	J2_ctrl_SaveConfig, .-J2_ctrl_SaveConfig
  47              		.section	.text.J2_ctrl_RestoreConfig,"ax",%progbits
  48              		.align	2
  49              		.global	J2_ctrl_RestoreConfig
  50              		.thumb
  51              		.thumb_func
  52              		.type	J2_ctrl_RestoreConfig, %function
  53              	J2_ctrl_RestoreConfig:
  54              	.LFB1:
  43:Generated_Source\PSoC5/J2_ctrl_PM.c **** }
  44:Generated_Source\PSoC5/J2_ctrl_PM.c **** 
  45:Generated_Source\PSoC5/J2_ctrl_PM.c **** 
  46:Generated_Source\PSoC5/J2_ctrl_PM.c **** /*******************************************************************************
  47:Generated_Source\PSoC5/J2_ctrl_PM.c **** * Function Name: J2_ctrl_RestoreConfig
  48:Generated_Source\PSoC5/J2_ctrl_PM.c **** ********************************************************************************
  49:Generated_Source\PSoC5/J2_ctrl_PM.c **** *
  50:Generated_Source\PSoC5/J2_ctrl_PM.c **** * Summary:
  51:Generated_Source\PSoC5/J2_ctrl_PM.c **** *  Restores the control register value.
  52:Generated_Source\PSoC5/J2_ctrl_PM.c **** *
  53:Generated_Source\PSoC5/J2_ctrl_PM.c **** * Parameters:
  54:Generated_Source\PSoC5/J2_ctrl_PM.c **** *  None
  55:Generated_Source\PSoC5/J2_ctrl_PM.c **** *
  56:Generated_Source\PSoC5/J2_ctrl_PM.c **** * Return:
  57:Generated_Source\PSoC5/J2_ctrl_PM.c **** *  None
  58:Generated_Source\PSoC5/J2_ctrl_PM.c **** *
  59:Generated_Source\PSoC5/J2_ctrl_PM.c **** *
  60:Generated_Source\PSoC5/J2_ctrl_PM.c **** *******************************************************************************/
ARM GAS  C:\Users\pajoh\AppData\Local\Temp\ccOwJkUn.s 			page 3


  61:Generated_Source\PSoC5/J2_ctrl_PM.c **** void J2_ctrl_RestoreConfig(void) 
  62:Generated_Source\PSoC5/J2_ctrl_PM.c **** {
  55              		.loc 1 62 0
  56              		.cfi_startproc
  57              		@ args = 0, pretend = 0, frame = 0
  58              		@ frame_needed = 0, uses_anonymous_args = 0
  59              		@ link register save eliminated.
  63:Generated_Source\PSoC5/J2_ctrl_PM.c ****      J2_ctrl_Control = J2_ctrl_backup.controlState;
  60              		.loc 1 63 0
  61 0000 024B     		ldr	r3, .L5
  62 0002 1A78     		ldrb	r2, [r3]	@ zero_extendqisi2
  63 0004 024B     		ldr	r3, .L5+4
  64 0006 1A70     		strb	r2, [r3]
  65 0008 7047     		bx	lr
  66              	.L6:
  67 000a 00BF     		.align	2
  68              	.L5:
  69 000c 00000000 		.word	.LANCHOR0
  70 0010 7B640040 		.word	1073767547
  71              		.cfi_endproc
  72              	.LFE1:
  73              		.size	J2_ctrl_RestoreConfig, .-J2_ctrl_RestoreConfig
  74              		.section	.text.J2_ctrl_Sleep,"ax",%progbits
  75              		.align	2
  76              		.global	J2_ctrl_Sleep
  77              		.thumb
  78              		.thumb_func
  79              		.type	J2_ctrl_Sleep, %function
  80              	J2_ctrl_Sleep:
  81              	.LFB2:
  64:Generated_Source\PSoC5/J2_ctrl_PM.c **** }
  65:Generated_Source\PSoC5/J2_ctrl_PM.c **** 
  66:Generated_Source\PSoC5/J2_ctrl_PM.c **** 
  67:Generated_Source\PSoC5/J2_ctrl_PM.c **** /*******************************************************************************
  68:Generated_Source\PSoC5/J2_ctrl_PM.c **** * Function Name: J2_ctrl_Sleep
  69:Generated_Source\PSoC5/J2_ctrl_PM.c **** ********************************************************************************
  70:Generated_Source\PSoC5/J2_ctrl_PM.c **** *
  71:Generated_Source\PSoC5/J2_ctrl_PM.c **** * Summary:
  72:Generated_Source\PSoC5/J2_ctrl_PM.c **** *  Prepares the component for entering the low power mode.
  73:Generated_Source\PSoC5/J2_ctrl_PM.c **** *
  74:Generated_Source\PSoC5/J2_ctrl_PM.c **** * Parameters:
  75:Generated_Source\PSoC5/J2_ctrl_PM.c **** *  None
  76:Generated_Source\PSoC5/J2_ctrl_PM.c **** *
  77:Generated_Source\PSoC5/J2_ctrl_PM.c **** * Return:
  78:Generated_Source\PSoC5/J2_ctrl_PM.c **** *  None
  79:Generated_Source\PSoC5/J2_ctrl_PM.c **** *
  80:Generated_Source\PSoC5/J2_ctrl_PM.c **** *******************************************************************************/
  81:Generated_Source\PSoC5/J2_ctrl_PM.c **** void J2_ctrl_Sleep(void) 
  82:Generated_Source\PSoC5/J2_ctrl_PM.c **** {
  82              		.loc 1 82 0
  83              		.cfi_startproc
  84              		@ args = 0, pretend = 0, frame = 0
  85              		@ frame_needed = 0, uses_anonymous_args = 0
  86 0000 08B5     		push	{r3, lr}
  87              		.cfi_def_cfa_offset 8
  88              		.cfi_offset 3, -8
  89              		.cfi_offset 14, -4
ARM GAS  C:\Users\pajoh\AppData\Local\Temp\ccOwJkUn.s 			page 4


  83:Generated_Source\PSoC5/J2_ctrl_PM.c ****     J2_ctrl_SaveConfig();
  90              		.loc 1 83 0
  91 0002 FFF7FEFF 		bl	J2_ctrl_SaveConfig
  92              	.LVL0:
  93 0006 08BD     		pop	{r3, pc}
  94              		.cfi_endproc
  95              	.LFE2:
  96              		.size	J2_ctrl_Sleep, .-J2_ctrl_Sleep
  97              		.section	.text.J2_ctrl_Wakeup,"ax",%progbits
  98              		.align	2
  99              		.global	J2_ctrl_Wakeup
 100              		.thumb
 101              		.thumb_func
 102              		.type	J2_ctrl_Wakeup, %function
 103              	J2_ctrl_Wakeup:
 104              	.LFB3:
  84:Generated_Source\PSoC5/J2_ctrl_PM.c **** }
  85:Generated_Source\PSoC5/J2_ctrl_PM.c **** 
  86:Generated_Source\PSoC5/J2_ctrl_PM.c **** 
  87:Generated_Source\PSoC5/J2_ctrl_PM.c **** /*******************************************************************************
  88:Generated_Source\PSoC5/J2_ctrl_PM.c **** * Function Name: J2_ctrl_Wakeup
  89:Generated_Source\PSoC5/J2_ctrl_PM.c **** ********************************************************************************
  90:Generated_Source\PSoC5/J2_ctrl_PM.c **** *
  91:Generated_Source\PSoC5/J2_ctrl_PM.c **** * Summary:
  92:Generated_Source\PSoC5/J2_ctrl_PM.c **** *  Restores the component after waking up from the low power mode.
  93:Generated_Source\PSoC5/J2_ctrl_PM.c **** *
  94:Generated_Source\PSoC5/J2_ctrl_PM.c **** * Parameters:
  95:Generated_Source\PSoC5/J2_ctrl_PM.c **** *  None
  96:Generated_Source\PSoC5/J2_ctrl_PM.c **** *
  97:Generated_Source\PSoC5/J2_ctrl_PM.c **** * Return:
  98:Generated_Source\PSoC5/J2_ctrl_PM.c **** *  None
  99:Generated_Source\PSoC5/J2_ctrl_PM.c **** *
 100:Generated_Source\PSoC5/J2_ctrl_PM.c **** *******************************************************************************/
 101:Generated_Source\PSoC5/J2_ctrl_PM.c **** void J2_ctrl_Wakeup(void)  
 102:Generated_Source\PSoC5/J2_ctrl_PM.c **** {
 105              		.loc 1 102 0
 106              		.cfi_startproc
 107              		@ args = 0, pretend = 0, frame = 0
 108              		@ frame_needed = 0, uses_anonymous_args = 0
 109 0000 08B5     		push	{r3, lr}
 110              		.cfi_def_cfa_offset 8
 111              		.cfi_offset 3, -8
 112              		.cfi_offset 14, -4
 103:Generated_Source\PSoC5/J2_ctrl_PM.c ****     J2_ctrl_RestoreConfig();
 113              		.loc 1 103 0
 114 0002 FFF7FEFF 		bl	J2_ctrl_RestoreConfig
 115              	.LVL1:
 116 0006 08BD     		pop	{r3, pc}
 117              		.cfi_endproc
 118              	.LFE3:
 119              		.size	J2_ctrl_Wakeup, .-J2_ctrl_Wakeup
 120              		.bss
 121              		.align	2
 122              		.set	.LANCHOR0,. + 0
 123              		.type	J2_ctrl_backup, %object
 124              		.size	J2_ctrl_backup, 1
 125              	J2_ctrl_backup:
ARM GAS  C:\Users\pajoh\AppData\Local\Temp\ccOwJkUn.s 			page 5


 126 0000 00       		.space	1
 127              		.text
 128              	.Letext0:
 129              		.file 2 "Generated_Source\\PSoC5\\cytypes.h"
 130              		.file 3 "Generated_Source\\PSoC5\\J2_ctrl.h"
 131              		.section	.debug_info,"",%progbits
 132              	.Ldebug_info0:
 133 0000 2B010000 		.4byte	0x12b
 134 0004 0400     		.2byte	0x4
 135 0006 00000000 		.4byte	.Ldebug_abbrev0
 136 000a 04       		.byte	0x4
 137 000b 01       		.uleb128 0x1
 138 000c 4B000000 		.4byte	.LASF19
 139 0010 0C       		.byte	0xc
 140 0011 BD010000 		.4byte	.LASF20
 141 0015 28010000 		.4byte	.LASF21
 142 0019 00000000 		.4byte	.Ldebug_ranges0+0
 143 001d 00000000 		.4byte	0
 144 0021 00000000 		.4byte	.Ldebug_line0
 145 0025 02       		.uleb128 0x2
 146 0026 01       		.byte	0x1
 147 0027 06       		.byte	0x6
 148 0028 FA010000 		.4byte	.LASF0
 149 002c 02       		.uleb128 0x2
 150 002d 01       		.byte	0x1
 151 002e 08       		.byte	0x8
 152 002f 3D000000 		.4byte	.LASF1
 153 0033 02       		.uleb128 0x2
 154 0034 02       		.byte	0x2
 155 0035 05       		.byte	0x5
 156 0036 E1010000 		.4byte	.LASF2
 157 003a 02       		.uleb128 0x2
 158 003b 02       		.byte	0x2
 159 003c 07       		.byte	0x7
 160 003d 15010000 		.4byte	.LASF3
 161 0041 02       		.uleb128 0x2
 162 0042 04       		.byte	0x4
 163 0043 05       		.byte	0x5
 164 0044 F1010000 		.4byte	.LASF4
 165 0048 02       		.uleb128 0x2
 166 0049 04       		.byte	0x4
 167 004a 07       		.byte	0x7
 168 004b 03010000 		.4byte	.LASF5
 169 004f 02       		.uleb128 0x2
 170 0050 08       		.byte	0x8
 171 0051 05       		.byte	0x5
 172 0052 AA010000 		.4byte	.LASF6
 173 0056 02       		.uleb128 0x2
 174 0057 08       		.byte	0x8
 175 0058 07       		.byte	0x7
 176 0059 93010000 		.4byte	.LASF7
 177 005d 03       		.uleb128 0x3
 178 005e 04       		.byte	0x4
 179 005f 05       		.byte	0x5
 180 0060 696E7400 		.ascii	"int\000"
 181 0064 02       		.uleb128 0x2
 182 0065 04       		.byte	0x4
ARM GAS  C:\Users\pajoh\AppData\Local\Temp\ccOwJkUn.s 			page 6


 183 0066 07       		.byte	0x7
 184 0067 86010000 		.4byte	.LASF8
 185 006b 04       		.uleb128 0x4
 186 006c EB010000 		.4byte	.LASF12
 187 0070 02       		.byte	0x2
 188 0071 E401     		.2byte	0x1e4
 189 0073 2C000000 		.4byte	0x2c
 190 0077 02       		.uleb128 0x2
 191 0078 04       		.byte	0x4
 192 0079 04       		.byte	0x4
 193 007a 37000000 		.4byte	.LASF9
 194 007e 02       		.uleb128 0x2
 195 007f 08       		.byte	0x8
 196 0080 04       		.byte	0x4
 197 0081 70010000 		.4byte	.LASF10
 198 0085 02       		.uleb128 0x2
 199 0086 01       		.byte	0x1
 200 0087 08       		.byte	0x8
 201 0088 B8010000 		.4byte	.LASF11
 202 008c 04       		.uleb128 0x4
 203 008d D9000000 		.4byte	.LASF13
 204 0091 02       		.byte	0x2
 205 0092 8E02     		.2byte	0x28e
 206 0094 98000000 		.4byte	0x98
 207 0098 05       		.uleb128 0x5
 208 0099 6B000000 		.4byte	0x6b
 209 009d 06       		.uleb128 0x6
 210 009e 01       		.byte	0x1
 211 009f 03       		.byte	0x3
 212 00a0 24       		.byte	0x24
 213 00a1 B2000000 		.4byte	0xb2
 214 00a5 07       		.uleb128 0x7
 215 00a6 63010000 		.4byte	.LASF22
 216 00aa 03       		.byte	0x3
 217 00ab 26       		.byte	0x26
 218 00ac 6B000000 		.4byte	0x6b
 219 00b0 00       		.byte	0
 220 00b1 00       		.byte	0
 221 00b2 08       		.uleb128 0x8
 222 00b3 ED000000 		.4byte	.LASF14
 223 00b7 03       		.byte	0x3
 224 00b8 28       		.byte	0x28
 225 00b9 9D000000 		.4byte	0x9d
 226 00bd 09       		.uleb128 0x9
 227 00be 00000000 		.4byte	.LASF15
 228 00c2 01       		.byte	0x1
 229 00c3 28       		.byte	0x28
 230 00c4 00000000 		.4byte	.LFB0
 231 00c8 14000000 		.4byte	.LFE0-.LFB0
 232 00cc 01       		.uleb128 0x1
 233 00cd 9C       		.byte	0x9c
 234 00ce 09       		.uleb128 0x9
 235 00cf 13000000 		.4byte	.LASF16
 236 00d3 01       		.byte	0x1
 237 00d4 3D       		.byte	0x3d
 238 00d5 00000000 		.4byte	.LFB1
 239 00d9 14000000 		.4byte	.LFE1-.LFB1
ARM GAS  C:\Users\pajoh\AppData\Local\Temp\ccOwJkUn.s 			page 7


 240 00dd 01       		.uleb128 0x1
 241 00de 9C       		.byte	0x9c
 242 00df 0A       		.uleb128 0xa
 243 00e0 29000000 		.4byte	.LASF17
 244 00e4 01       		.byte	0x1
 245 00e5 51       		.byte	0x51
 246 00e6 00000000 		.4byte	.LFB2
 247 00ea 08000000 		.4byte	.LFE2-.LFB2
 248 00ee 01       		.uleb128 0x1
 249 00ef 9C       		.byte	0x9c
 250 00f0 FE000000 		.4byte	0xfe
 251 00f4 0B       		.uleb128 0xb
 252 00f5 06000000 		.4byte	.LVL0
 253 00f9 BD000000 		.4byte	0xbd
 254 00fd 00       		.byte	0
 255 00fe 0A       		.uleb128 0xa
 256 00ff 77010000 		.4byte	.LASF18
 257 0103 01       		.byte	0x1
 258 0104 65       		.byte	0x65
 259 0105 00000000 		.4byte	.LFB3
 260 0109 08000000 		.4byte	.LFE3-.LFB3
 261 010d 01       		.uleb128 0x1
 262 010e 9C       		.byte	0x9c
 263 010f 1D010000 		.4byte	0x11d
 264 0113 0B       		.uleb128 0xb
 265 0114 06000000 		.4byte	.LVL1
 266 0118 CE000000 		.4byte	0xce
 267 011c 00       		.byte	0
 268 011d 0C       		.uleb128 0xc
 269 011e DE000000 		.4byte	.LASF23
 270 0122 01       		.byte	0x1
 271 0123 17       		.byte	0x17
 272 0124 B2000000 		.4byte	0xb2
 273 0128 05       		.uleb128 0x5
 274 0129 03       		.byte	0x3
 275 012a 00000000 		.4byte	J2_ctrl_backup
 276 012e 00       		.byte	0
 277              		.section	.debug_abbrev,"",%progbits
 278              	.Ldebug_abbrev0:
 279 0000 01       		.uleb128 0x1
 280 0001 11       		.uleb128 0x11
 281 0002 01       		.byte	0x1
 282 0003 25       		.uleb128 0x25
 283 0004 0E       		.uleb128 0xe
 284 0005 13       		.uleb128 0x13
 285 0006 0B       		.uleb128 0xb
 286 0007 03       		.uleb128 0x3
 287 0008 0E       		.uleb128 0xe
 288 0009 1B       		.uleb128 0x1b
 289 000a 0E       		.uleb128 0xe
 290 000b 55       		.uleb128 0x55
 291 000c 17       		.uleb128 0x17
 292 000d 11       		.uleb128 0x11
 293 000e 01       		.uleb128 0x1
 294 000f 10       		.uleb128 0x10
 295 0010 17       		.uleb128 0x17
 296 0011 00       		.byte	0
ARM GAS  C:\Users\pajoh\AppData\Local\Temp\ccOwJkUn.s 			page 8


 297 0012 00       		.byte	0
 298 0013 02       		.uleb128 0x2
 299 0014 24       		.uleb128 0x24
 300 0015 00       		.byte	0
 301 0016 0B       		.uleb128 0xb
 302 0017 0B       		.uleb128 0xb
 303 0018 3E       		.uleb128 0x3e
 304 0019 0B       		.uleb128 0xb
 305 001a 03       		.uleb128 0x3
 306 001b 0E       		.uleb128 0xe
 307 001c 00       		.byte	0
 308 001d 00       		.byte	0
 309 001e 03       		.uleb128 0x3
 310 001f 24       		.uleb128 0x24
 311 0020 00       		.byte	0
 312 0021 0B       		.uleb128 0xb
 313 0022 0B       		.uleb128 0xb
 314 0023 3E       		.uleb128 0x3e
 315 0024 0B       		.uleb128 0xb
 316 0025 03       		.uleb128 0x3
 317 0026 08       		.uleb128 0x8
 318 0027 00       		.byte	0
 319 0028 00       		.byte	0
 320 0029 04       		.uleb128 0x4
 321 002a 16       		.uleb128 0x16
 322 002b 00       		.byte	0
 323 002c 03       		.uleb128 0x3
 324 002d 0E       		.uleb128 0xe
 325 002e 3A       		.uleb128 0x3a
 326 002f 0B       		.uleb128 0xb
 327 0030 3B       		.uleb128 0x3b
 328 0031 05       		.uleb128 0x5
 329 0032 49       		.uleb128 0x49
 330 0033 13       		.uleb128 0x13
 331 0034 00       		.byte	0
 332 0035 00       		.byte	0
 333 0036 05       		.uleb128 0x5
 334 0037 35       		.uleb128 0x35
 335 0038 00       		.byte	0
 336 0039 49       		.uleb128 0x49
 337 003a 13       		.uleb128 0x13
 338 003b 00       		.byte	0
 339 003c 00       		.byte	0
 340 003d 06       		.uleb128 0x6
 341 003e 13       		.uleb128 0x13
 342 003f 01       		.byte	0x1
 343 0040 0B       		.uleb128 0xb
 344 0041 0B       		.uleb128 0xb
 345 0042 3A       		.uleb128 0x3a
 346 0043 0B       		.uleb128 0xb
 347 0044 3B       		.uleb128 0x3b
 348 0045 0B       		.uleb128 0xb
 349 0046 01       		.uleb128 0x1
 350 0047 13       		.uleb128 0x13
 351 0048 00       		.byte	0
 352 0049 00       		.byte	0
 353 004a 07       		.uleb128 0x7
ARM GAS  C:\Users\pajoh\AppData\Local\Temp\ccOwJkUn.s 			page 9


 354 004b 0D       		.uleb128 0xd
 355 004c 00       		.byte	0
 356 004d 03       		.uleb128 0x3
 357 004e 0E       		.uleb128 0xe
 358 004f 3A       		.uleb128 0x3a
 359 0050 0B       		.uleb128 0xb
 360 0051 3B       		.uleb128 0x3b
 361 0052 0B       		.uleb128 0xb
 362 0053 49       		.uleb128 0x49
 363 0054 13       		.uleb128 0x13
 364 0055 38       		.uleb128 0x38
 365 0056 0B       		.uleb128 0xb
 366 0057 00       		.byte	0
 367 0058 00       		.byte	0
 368 0059 08       		.uleb128 0x8
 369 005a 16       		.uleb128 0x16
 370 005b 00       		.byte	0
 371 005c 03       		.uleb128 0x3
 372 005d 0E       		.uleb128 0xe
 373 005e 3A       		.uleb128 0x3a
 374 005f 0B       		.uleb128 0xb
 375 0060 3B       		.uleb128 0x3b
 376 0061 0B       		.uleb128 0xb
 377 0062 49       		.uleb128 0x49
 378 0063 13       		.uleb128 0x13
 379 0064 00       		.byte	0
 380 0065 00       		.byte	0
 381 0066 09       		.uleb128 0x9
 382 0067 2E       		.uleb128 0x2e
 383 0068 00       		.byte	0
 384 0069 3F       		.uleb128 0x3f
 385 006a 19       		.uleb128 0x19
 386 006b 03       		.uleb128 0x3
 387 006c 0E       		.uleb128 0xe
 388 006d 3A       		.uleb128 0x3a
 389 006e 0B       		.uleb128 0xb
 390 006f 3B       		.uleb128 0x3b
 391 0070 0B       		.uleb128 0xb
 392 0071 27       		.uleb128 0x27
 393 0072 19       		.uleb128 0x19
 394 0073 11       		.uleb128 0x11
 395 0074 01       		.uleb128 0x1
 396 0075 12       		.uleb128 0x12
 397 0076 06       		.uleb128 0x6
 398 0077 40       		.uleb128 0x40
 399 0078 18       		.uleb128 0x18
 400 0079 9742     		.uleb128 0x2117
 401 007b 19       		.uleb128 0x19
 402 007c 00       		.byte	0
 403 007d 00       		.byte	0
 404 007e 0A       		.uleb128 0xa
 405 007f 2E       		.uleb128 0x2e
 406 0080 01       		.byte	0x1
 407 0081 3F       		.uleb128 0x3f
 408 0082 19       		.uleb128 0x19
 409 0083 03       		.uleb128 0x3
 410 0084 0E       		.uleb128 0xe
ARM GAS  C:\Users\pajoh\AppData\Local\Temp\ccOwJkUn.s 			page 10


 411 0085 3A       		.uleb128 0x3a
 412 0086 0B       		.uleb128 0xb
 413 0087 3B       		.uleb128 0x3b
 414 0088 0B       		.uleb128 0xb
 415 0089 27       		.uleb128 0x27
 416 008a 19       		.uleb128 0x19
 417 008b 11       		.uleb128 0x11
 418 008c 01       		.uleb128 0x1
 419 008d 12       		.uleb128 0x12
 420 008e 06       		.uleb128 0x6
 421 008f 40       		.uleb128 0x40
 422 0090 18       		.uleb128 0x18
 423 0091 9742     		.uleb128 0x2117
 424 0093 19       		.uleb128 0x19
 425 0094 01       		.uleb128 0x1
 426 0095 13       		.uleb128 0x13
 427 0096 00       		.byte	0
 428 0097 00       		.byte	0
 429 0098 0B       		.uleb128 0xb
 430 0099 898201   		.uleb128 0x4109
 431 009c 00       		.byte	0
 432 009d 11       		.uleb128 0x11
 433 009e 01       		.uleb128 0x1
 434 009f 31       		.uleb128 0x31
 435 00a0 13       		.uleb128 0x13
 436 00a1 00       		.byte	0
 437 00a2 00       		.byte	0
 438 00a3 0C       		.uleb128 0xc
 439 00a4 34       		.uleb128 0x34
 440 00a5 00       		.byte	0
 441 00a6 03       		.uleb128 0x3
 442 00a7 0E       		.uleb128 0xe
 443 00a8 3A       		.uleb128 0x3a
 444 00a9 0B       		.uleb128 0xb
 445 00aa 3B       		.uleb128 0x3b
 446 00ab 0B       		.uleb128 0xb
 447 00ac 49       		.uleb128 0x49
 448 00ad 13       		.uleb128 0x13
 449 00ae 02       		.uleb128 0x2
 450 00af 18       		.uleb128 0x18
 451 00b0 00       		.byte	0
 452 00b1 00       		.byte	0
 453 00b2 00       		.byte	0
 454              		.section	.debug_aranges,"",%progbits
 455 0000 34000000 		.4byte	0x34
 456 0004 0200     		.2byte	0x2
 457 0006 00000000 		.4byte	.Ldebug_info0
 458 000a 04       		.byte	0x4
 459 000b 00       		.byte	0
 460 000c 0000     		.2byte	0
 461 000e 0000     		.2byte	0
 462 0010 00000000 		.4byte	.LFB0
 463 0014 14000000 		.4byte	.LFE0-.LFB0
 464 0018 00000000 		.4byte	.LFB1
 465 001c 14000000 		.4byte	.LFE1-.LFB1
 466 0020 00000000 		.4byte	.LFB2
 467 0024 08000000 		.4byte	.LFE2-.LFB2
ARM GAS  C:\Users\pajoh\AppData\Local\Temp\ccOwJkUn.s 			page 11


 468 0028 00000000 		.4byte	.LFB3
 469 002c 08000000 		.4byte	.LFE3-.LFB3
 470 0030 00000000 		.4byte	0
 471 0034 00000000 		.4byte	0
 472              		.section	.debug_ranges,"",%progbits
 473              	.Ldebug_ranges0:
 474 0000 00000000 		.4byte	.LFB0
 475 0004 14000000 		.4byte	.LFE0
 476 0008 00000000 		.4byte	.LFB1
 477 000c 14000000 		.4byte	.LFE1
 478 0010 00000000 		.4byte	.LFB2
 479 0014 08000000 		.4byte	.LFE2
 480 0018 00000000 		.4byte	.LFB3
 481 001c 08000000 		.4byte	.LFE3
 482 0020 00000000 		.4byte	0
 483 0024 00000000 		.4byte	0
 484              		.section	.debug_line,"",%progbits
 485              	.Ldebug_line0:
 486 0000 9C000000 		.section	.debug_str,"MS",%progbits,1
 486      02005400 
 486      00000201 
 486      FB0E0D00 
 486      01010101 
 487              	.LASF15:
 488 0000 4A325F63 		.ascii	"J2_ctrl_SaveConfig\000"
 488      74726C5F 
 488      53617665 
 488      436F6E66 
 488      696700
 489              	.LASF16:
 490 0013 4A325F63 		.ascii	"J2_ctrl_RestoreConfig\000"
 490      74726C5F 
 490      52657374 
 490      6F726543 
 490      6F6E6669 
 491              	.LASF17:
 492 0029 4A325F63 		.ascii	"J2_ctrl_Sleep\000"
 492      74726C5F 
 492      536C6565 
 492      7000
 493              	.LASF9:
 494 0037 666C6F61 		.ascii	"float\000"
 494      7400
 495              	.LASF1:
 496 003d 756E7369 		.ascii	"unsigned char\000"
 496      676E6564 
 496      20636861 
 496      7200
 497              	.LASF19:
 498 004b 474E5520 		.ascii	"GNU C11 5.4.1 20160609 (release) [ARM/embedded-5-br"
 498      43313120 
 498      352E342E 
 498      31203230 
 498      31363036 
 499 007e 616E6368 		.ascii	"anch revision 237715] -mcpu=cortex-m3 -mthumb -g -O"
 499      20726576 
 499      6973696F 
ARM GAS  C:\Users\pajoh\AppData\Local\Temp\ccOwJkUn.s 			page 12


 499      6E203233 
 499      37373135 
 500 00b1 67202D66 		.ascii	"g -ffunction-sections -ffat-lto-objects\000"
 500      66756E63 
 500      74696F6E 
 500      2D736563 
 500      74696F6E 
 501              	.LASF13:
 502 00d9 72656738 		.ascii	"reg8\000"
 502      00
 503              	.LASF23:
 504 00de 4A325F63 		.ascii	"J2_ctrl_backup\000"
 504      74726C5F 
 504      6261636B 
 504      757000
 505              	.LASF14:
 506 00ed 4A325F63 		.ascii	"J2_ctrl_BACKUP_STRUCT\000"
 506      74726C5F 
 506      4241434B 
 506      55505F53 
 506      54525543 
 507              	.LASF5:
 508 0103 6C6F6E67 		.ascii	"long unsigned int\000"
 508      20756E73 
 508      69676E65 
 508      6420696E 
 508      7400
 509              	.LASF3:
 510 0115 73686F72 		.ascii	"short unsigned int\000"
 510      7420756E 
 510      7369676E 
 510      65642069 
 510      6E7400
 511              	.LASF21:
 512 0128 433A5C55 		.ascii	"C:\\Users\\pajoh\\projects\\Turret\\PSoC\\turret_ps"
 512      73657273 
 512      5C70616A 
 512      6F685C70 
 512      726F6A65 
 513 0155 6F635C33 		.ascii	"oc\\3dof.cydsn\000"
 513      646F662E 
 513      63796473 
 513      6E00
 514              	.LASF22:
 515 0163 636F6E74 		.ascii	"controlState\000"
 515      726F6C53 
 515      74617465 
 515      00
 516              	.LASF10:
 517 0170 646F7562 		.ascii	"double\000"
 517      6C6500
 518              	.LASF18:
 519 0177 4A325F63 		.ascii	"J2_ctrl_Wakeup\000"
 519      74726C5F 
 519      57616B65 
 519      757000
 520              	.LASF8:
ARM GAS  C:\Users\pajoh\AppData\Local\Temp\ccOwJkUn.s 			page 13


 521 0186 756E7369 		.ascii	"unsigned int\000"
 521      676E6564 
 521      20696E74 
 521      00
 522              	.LASF7:
 523 0193 6C6F6E67 		.ascii	"long long unsigned int\000"
 523      206C6F6E 
 523      6720756E 
 523      7369676E 
 523      65642069 
 524              	.LASF6:
 525 01aa 6C6F6E67 		.ascii	"long long int\000"
 525      206C6F6E 
 525      6720696E 
 525      7400
 526              	.LASF11:
 527 01b8 63686172 		.ascii	"char\000"
 527      00
 528              	.LASF20:
 529 01bd 47656E65 		.ascii	"Generated_Source\\PSoC5\\J2_ctrl_PM.c\000"
 529      72617465 
 529      645F536F 
 529      75726365 
 529      5C50536F 
 530              	.LASF2:
 531 01e1 73686F72 		.ascii	"short int\000"
 531      7420696E 
 531      7400
 532              	.LASF12:
 533 01eb 75696E74 		.ascii	"uint8\000"
 533      3800
 534              	.LASF4:
 535 01f1 6C6F6E67 		.ascii	"long int\000"
 535      20696E74 
 535      00
 536              	.LASF0:
 537 01fa 7369676E 		.ascii	"signed char\000"
 537      65642063 
 537      68617200 
 538              		.ident	"GCC: (GNU Tools for ARM Embedded Processors) 5.4.1 20160609 (release) [ARM/embedded-5-bran
