ARM GAS  C:\Users\pajoh\AppData\Local\Temp\ccjfeAoU.s 			page 1


   1              		.syntax unified
   2              		.cpu cortex-m3
   3              		.fpu softvfp
   4              		.eabi_attribute 20, 1
   5              		.eabi_attribute 21, 1
   6              		.eabi_attribute 23, 3
   7              		.eabi_attribute 24, 1
   8              		.eabi_attribute 25, 1
   9              		.eabi_attribute 26, 1
  10              		.eabi_attribute 30, 1
  11              		.eabi_attribute 34, 1
  12              		.eabi_attribute 18, 4
  13              		.thumb
  14              		.syntax unified
  15              		.file	"main.c"
  16              		.text
  17              	.Ltext0:
  18              		.cfi_sections	.debug_frame
  19              		.section	.text.main,"ax",%progbits
  20              		.align	2
  21              		.global	main
  22              		.thumb
  23              		.thumb_func
  24              		.type	main, %function
  25              	main:
  26              	.LFB64:
  27              		.file 1 "main.c"
   1:main.c        **** /* ========================================
   2:main.c        ****  *
   3:main.c        ****  * Copyright YOUR COMPANY, THE YEAR
   4:main.c        ****  * All Rights Reserved
   5:main.c        ****  * UNPUBLISHED, LICENSED SOFTWARE.
   6:main.c        ****  *
   7:main.c        ****  * CONFIDENTIAL AND PROPRIETARY INFORMATION
   8:main.c        ****  * WHICH IS THE PROPERTY OF your company.
   9:main.c        ****  *
  10:main.c        ****  * ========================================
  11:main.c        **** */
  12:main.c        **** #include "project.h"
  13:main.c        **** #include "stdio.h"
  14:main.c        **** #include "comms.h"
  15:main.c        **** #include "joints.h"
  16:main.c        **** #include "as5048.h"
  17:main.c        **** 
  18:main.c        **** #define BUFF_SIZE 80
  19:main.c        **** #define TRUE 1
  20:main.c        **** #define FALSE 0
  21:main.c        **** 
  22:main.c        **** //serial communication brainstorming
  23:main.c        **** //messages defined as <command><joint><data><delimiter>
  24:main.c        **** 
  25:main.c        **** 
  26:main.c        **** 
  27:main.c        **** char moveJ1 = FALSE;
  28:main.c        **** char moveJ2 = FALSE;
  29:main.c        **** char moveJ3 = FALSE;
  30:main.c        **** 
ARM GAS  C:\Users\pajoh\AppData\Local\Temp\ccjfeAoU.s 			page 2


  31:main.c        **** char home = FALSE;
  32:main.c        **** 
  33:main.c        **** char J1_ctrl_val = 0;
  34:main.c        **** char J2_ctrl_val = 0;
  35:main.c        **** char J3_ctrl_val = 0;
  36:main.c        **** 
  37:main.c        **** //UART stuff
  38:main.c        **** uint8 Ch;
  39:main.c        **** char TransmitBuffer[BUFF_SIZE];
  40:main.c        **** 
  41:main.c        **** 
  42:main.c        **** extern volatile Message_Buff msg_buff;
  43:main.c        **** extern volatile Move_Queue move_queue;
  44:main.c        **** extern volatile char rx_buffer[RX_SIZE];
  45:main.c        **** extern volatile int rx_index;
  46:main.c        **** volatile char tick;
  47:main.c        **** 
  48:main.c        **** void home_joints(void);
  49:main.c        **** void update_positions(void);
  50:main.c        **** 
  51:main.c        **** 
  52:main.c        **** int main(void)
  53:main.c        **** {
  28              		.loc 1 53 0
  29              		.cfi_startproc
  30              		@ Volatile: function does not return.
  31              		@ args = 0, pretend = 0, frame = 0
  32              		@ frame_needed = 0, uses_anonymous_args = 0
  33 0000 08B5     		push	{r3, lr}
  34              		.cfi_def_cfa_offset 8
  35              		.cfi_offset 3, -8
  36              		.cfi_offset 14, -4
  54:main.c        ****     CyGlobalIntEnable; /* Enable global interrupts. */
  37              		.loc 1 54 0
  38              		.syntax unified
  39              	@ 54 "main.c" 1
  40 0002 62B6     		CPSIE   i
  41              	@ 0 "" 2
  55:main.c        ****     read_angle_command = SPI_CMD_READ | SPI_ANGLE;
  42              		.loc 1 55 0
  43              		.thumb
  44              		.syntax unified
  45 0004 1F4C     		ldr	r4, .L5
  46 0006 47F6FF70 		movw	r0, #32767
  47 000a 2080     		strh	r0, [r4]	@ movhi
  56:main.c        ****     read_angle_command |= spiCalcEvenParity(read_angle_command)<<15;
  48              		.loc 1 56 0
  49 000c FFF7FEFF 		bl	spiCalcEvenParity
  50              	.LVL0:
  51 0010 2388     		ldrh	r3, [r4]
  52 0012 43EAC030 		orr	r0, r3, r0, lsl #15
  53 0016 2080     		strh	r0, [r4]	@ movhi
  57:main.c        ****     
  58:main.c        ****     CS_J2_Write(1);
  54              		.loc 1 58 0
  55 0018 0120     		movs	r0, #1
  56 001a FFF7FEFF 		bl	CS_J2_Write
ARM GAS  C:\Users\pajoh\AppData\Local\Temp\ccjfeAoU.s 			page 3


  57              	.LVL1:
  59:main.c        ****     CS_J3_Write(1);
  58              		.loc 1 59 0
  59 001e 0120     		movs	r0, #1
  60 0020 FFF7FEFF 		bl	CS_J3_Write
  61              	.LVL2:
  60:main.c        ****     
  61:main.c        ****     UART_1_Start();
  62              		.loc 1 61 0
  63 0024 FFF7FEFF 		bl	UART_1_Start
  64              	.LVL3:
  62:main.c        ****     SPIM_1_Start();
  65              		.loc 1 62 0
  66 0028 FFF7FEFF 		bl	SPIM_1_Start
  67              	.LVL4:
  63:main.c        ****     ADC_DelSig_1_Start();
  68              		.loc 1 63 0
  69 002c FFF7FEFF 		bl	ADC_DelSig_1_Start
  70              	.LVL5:
  64:main.c        ****     ADC_DelSig_1_StartConvert();
  71              		.loc 1 64 0
  72 0030 FFF7FEFF 		bl	ADC_DelSig_1_StartConvert
  73              	.LVL6:
  65:main.c        ****     NCO_ISR_Start();
  74              		.loc 1 65 0
  75 0034 FFF7FEFF 		bl	NCO_ISR_Start
  76              	.LVL7:
  66:main.c        ****     
  67:main.c        ****     message_buff_init(&msg_buff);
  77              		.loc 1 67 0
  78 0038 1348     		ldr	r0, .L5+4
  79 003a FFF7FEFF 		bl	message_buff_init
  80              	.LVL8:
  68:main.c        ****     move_queue_init(&move_queue);
  81              		.loc 1 68 0
  82 003e 1348     		ldr	r0, .L5+8
  83 0040 FFF7FEFF 		bl	move_queue_init
  84              	.LVL9:
  69:main.c        ****     joint_init(joints);
  85              		.loc 1 69 0
  86 0044 1248     		ldr	r0, .L5+12
  87 0046 FFF7FEFF 		bl	joint_init
  88              	.LVL10:
  70:main.c        ****     /* Place your initialization/startup code here (e.g. MyInst_Start()) */
  71:main.c        **** 
  72:main.c        ****     UART_1_PutString("COM port open");
  89              		.loc 1 72 0
  90 004a 1248     		ldr	r0, .L5+16
  91 004c FFF7FEFF 		bl	UART_1_PutString
  92              	.LVL11:
  73:main.c        ****     send_cmd(SPI_REG_CLRERR|SPI_CMD_READ,0);
  93              		.loc 1 73 0
  94 0050 0021     		movs	r1, #0
  95 0052 44F20100 		movw	r0, #16385
  96 0056 FFF7FEFF 		bl	send_cmd
  97              	.LVL12:
  74:main.c        ****     send_cmd(SPI_REG_CLRERR|SPI_CMD_READ,1);
ARM GAS  C:\Users\pajoh\AppData\Local\Temp\ccjfeAoU.s 			page 4


  98              		.loc 1 74 0
  99 005a 0121     		movs	r1, #1
 100 005c 44F20100 		movw	r0, #16385
 101 0060 FFF7FEFF 		bl	send_cmd
 102              	.LVL13:
  75:main.c        ****     tick_isr_Start();
 103              		.loc 1 75 0
 104 0064 FFF7FEFF 		bl	tick_isr_Start
 105              	.LVL14:
  76:main.c        ****     rx_isr_Start();
 106              		.loc 1 76 0
 107 0068 FFF7FEFF 		bl	rx_isr_Start
 108              	.LVL15:
 109              	.L2:
  77:main.c        ****     for(;;)
  78:main.c        ****     {
  79:main.c        ****         /* Place your application code here. */
  80:main.c        ****         
  81:main.c        ****         //grab and interpret UART commands
  82:main.c        ****         message_buff_execute(&msg_buff);
 110              		.loc 1 82 0
 111 006c 0648     		ldr	r0, .L5+4
 112 006e FFF7FEFF 		bl	message_buff_execute
 113              	.LVL16:
  83:main.c        ****         if(tick){
 114              		.loc 1 83 0
 115 0072 094B     		ldr	r3, .L5+20
 116 0074 1B78     		ldrb	r3, [r3]	@ zero_extendqisi2
 117 0076 13F0FF0F 		tst	r3, #255
 118 007a F7D0     		beq	.L2
  84:main.c        ****             tick = 0;
 119              		.loc 1 84 0
 120 007c 0022     		movs	r2, #0
 121 007e 064B     		ldr	r3, .L5+20
 122 0080 1A70     		strb	r2, [r3]
 123 0082 F3E7     		b	.L2
 124              	.L6:
 125              		.align	2
 126              	.L5:
 127 0084 00000000 		.word	read_angle_command
 128 0088 00000000 		.word	msg_buff
 129 008c 00000000 		.word	move_queue
 130 0090 00000000 		.word	joints
 131 0094 00000000 		.word	.LC0
 132 0098 00000000 		.word	tick
 133              		.cfi_endproc
 134              	.LFE64:
 135              		.size	main, .-main
 136              		.section	.text.home_joints,"ax",%progbits
 137              		.align	2
 138              		.global	home_joints
 139              		.thumb
 140              		.thumb_func
 141              		.type	home_joints, %function
 142              	home_joints:
 143              	.LFB65:
  85:main.c        ****             //sprintf(TransmitBuffer,"LIM1: %d, LIM2: %d, LIM3: %d\n\r",joints[0].limit,joints[1].l
ARM GAS  C:\Users\pajoh\AppData\Local\Temp\ccjfeAoU.s 			page 5


  86:main.c        ****             //UART_1_PutString(TransmitBuffer);
  87:main.c        ****             //sprintf(TransmitBuffer,"J1 Pos: %ld, J2 Pos: %ld, J3 Pos: %ld\n\r",joints[0].pos,join
  88:main.c        ****             //UART_1_PutString(TransmitBuffer);
  89:main.c        ****         }
  90:main.c        ****     }
  91:main.c        **** }
  92:main.c        **** 
  93:main.c        **** void home_joints(void){
 144              		.loc 1 93 0
 145              		.cfi_startproc
 146              		@ args = 0, pretend = 0, frame = 0
 147              		@ frame_needed = 0, uses_anonymous_args = 0
 148 0000 08B5     		push	{r3, lr}
 149              		.cfi_def_cfa_offset 8
 150              		.cfi_offset 3, -8
 151              		.cfi_offset 14, -4
  94:main.c        ****     //home joints
  95:main.c        ****     J1_EN_Write(0);
 152              		.loc 1 95 0
 153 0002 0020     		movs	r0, #0
 154 0004 FFF7FEFF 		bl	J1_EN_Write
 155              	.LVL17:
  96:main.c        ****     J2_EN_Write(0);
 156              		.loc 1 96 0
 157 0008 0020     		movs	r0, #0
 158 000a FFF7FEFF 		bl	J2_EN_Write
 159              	.LVL18:
  97:main.c        ****     J3_EN_Write(0);
 160              		.loc 1 97 0
 161 000e 0020     		movs	r0, #0
 162 0010 FFF7FEFF 		bl	J3_EN_Write
 163              	.LVL19:
  98:main.c        ****     while(joints[0].pos > J1_home + 100 || joints[0].pos < J1_home - 100){
 164              		.loc 1 98 0
 165 0014 21E0     		b	.L10
 166              	.L11:
  99:main.c        ****         //home J1
 100:main.c        ****         update_positions();
 167              		.loc 1 100 0
 168 0016 FFF7FEFF 		bl	update_positions
 169              	.LVL20:
 101:main.c        ****         if(joints[0].pos - J1_home > 0){
 170              		.loc 1 101 0
 171 001a 464B     		ldr	r3, .L17
 172 001c 9B68     		ldr	r3, [r3, #8]
 173 001e 464A     		ldr	r2, .L17+4
 174 0020 1268     		ldr	r2, [r2]
 175 0022 9B1A     		subs	r3, r3, r2
 176 0024 002B     		cmp	r3, #0
 177 0026 08DD     		ble	.L9
 102:main.c        ****             set_velocity(1,vel_to_tuningWord(1000),J1_REV);
 178              		.loc 1 102 0
 179 0028 4FF47A70 		mov	r0, #1000
 180 002c FFF7FEFF 		bl	vel_to_tuningWord
 181              	.LVL21:
 182 0030 0122     		movs	r2, #1
 183 0032 0146     		mov	r1, r0
ARM GAS  C:\Users\pajoh\AppData\Local\Temp\ccjfeAoU.s 			page 6


 184 0034 1046     		mov	r0, r2
 185 0036 FFF7FEFF 		bl	set_velocity
 186              	.LVL22:
 187              	.L9:
 103:main.c        ****         }
 104:main.c        ****         if(joints[0].pos - J1_home < 0){
 188              		.loc 1 104 0
 189 003a 3E4B     		ldr	r3, .L17
 190 003c 9B68     		ldr	r3, [r3, #8]
 191 003e 3E4A     		ldr	r2, .L17+4
 192 0040 1268     		ldr	r2, [r2]
 193 0042 9B1A     		subs	r3, r3, r2
 194 0044 002B     		cmp	r3, #0
 195 0046 08DA     		bge	.L10
 105:main.c        ****             set_velocity(1,vel_to_tuningWord(1000),J1_FWD);   
 196              		.loc 1 105 0
 197 0048 4FF47A70 		mov	r0, #1000
 198 004c FFF7FEFF 		bl	vel_to_tuningWord
 199              	.LVL23:
 200 0050 0022     		movs	r2, #0
 201 0052 0146     		mov	r1, r0
 202 0054 0120     		movs	r0, #1
 203 0056 FFF7FEFF 		bl	set_velocity
 204              	.LVL24:
 205              	.L10:
  98:main.c        ****         //home J1
 206              		.loc 1 98 0
 207 005a 364B     		ldr	r3, .L17
 208 005c 9A68     		ldr	r2, [r3, #8]
 209 005e 364B     		ldr	r3, .L17+4
 210 0060 1B68     		ldr	r3, [r3]
 211 0062 6433     		adds	r3, r3, #100
 212 0064 9A42     		cmp	r2, r3
 213 0066 D6DC     		bgt	.L11
  98:main.c        ****         //home J1
 214              		.loc 1 98 0 is_stmt 0 discriminator 1
 215 0068 324B     		ldr	r3, .L17
 216 006a 9A68     		ldr	r2, [r3, #8]
 217 006c 324B     		ldr	r3, .L17+4
 218 006e 1B68     		ldr	r3, [r3]
 219 0070 643B     		subs	r3, r3, #100
 220 0072 9A42     		cmp	r2, r3
 221 0074 CFDB     		blt	.L11
 106:main.c        ****         }
 107:main.c        ****     }
 108:main.c        ****     set_velocity(1,0,J1_FWD);
 222              		.loc 1 108 0 is_stmt 1
 223 0076 0022     		movs	r2, #0
 224 0078 1146     		mov	r1, r2
 225 007a 0120     		movs	r0, #1
 226 007c FFF7FEFF 		bl	set_velocity
 227              	.LVL25:
 109:main.c        ****     update_positions();
 228              		.loc 1 109 0
 229 0080 FFF7FEFF 		bl	update_positions
 230              	.LVL26:
 110:main.c        ****     while(joints[1].limit != 0){
ARM GAS  C:\Users\pajoh\AppData\Local\Temp\ccjfeAoU.s 			page 7


 231              		.loc 1 110 0
 232 0084 19E0     		b	.L12
 233              	.L13:
 111:main.c        ****         update_positions();
 234              		.loc 1 111 0
 235 0086 FFF7FEFF 		bl	update_positions
 236              	.LVL27:
 112:main.c        ****         J2_DIR_Write(J2_FWD);
 237              		.loc 1 112 0
 238 008a 0020     		movs	r0, #0
 239 008c FFF7FEFF 		bl	J2_DIR_Write
 240              	.LVL28:
 113:main.c        ****         J3_DIR_Write(J3_FWD);
 241              		.loc 1 113 0
 242 0090 0020     		movs	r0, #0
 243 0092 FFF7FEFF 		bl	J3_DIR_Write
 244              	.LVL29:
 114:main.c        ****         set_velocity(2,vel_to_tuningWord(1000),J2_FWD);
 245              		.loc 1 114 0
 246 0096 4FF47A70 		mov	r0, #1000
 247 009a FFF7FEFF 		bl	vel_to_tuningWord
 248              	.LVL30:
 249 009e 0022     		movs	r2, #0
 250 00a0 0146     		mov	r1, r0
 251 00a2 0220     		movs	r0, #2
 252 00a4 FFF7FEFF 		bl	set_velocity
 253              	.LVL31:
 115:main.c        ****         set_velocity(3,vel_to_tuningWord(1000),J3_FWD);
 254              		.loc 1 115 0
 255 00a8 4FF47A70 		mov	r0, #1000
 256 00ac FFF7FEFF 		bl	vel_to_tuningWord
 257              	.LVL32:
 258 00b0 0022     		movs	r2, #0
 259 00b2 0146     		mov	r1, r0
 260 00b4 0320     		movs	r0, #3
 261 00b6 FFF7FEFF 		bl	set_velocity
 262              	.LVL33:
 263              	.L12:
 110:main.c        ****         update_positions();
 264              		.loc 1 110 0
 265 00ba 1E4B     		ldr	r3, .L17
 266 00bc 93F83030 		ldrb	r3, [r3, #48]	@ zero_extendqisi2
 267 00c0 13F0FF0F 		tst	r3, #255
 268 00c4 DFD1     		bne	.L13
 116:main.c        ****     }
 117:main.c        ****     set_velocity(2,vel_to_tuningWord(0),J2_FWD);
 269              		.loc 1 117 0
 270 00c6 0020     		movs	r0, #0
 271 00c8 FFF7FEFF 		bl	vel_to_tuningWord
 272              	.LVL34:
 273 00cc 0022     		movs	r2, #0
 274 00ce 0146     		mov	r1, r0
 275 00d0 0220     		movs	r0, #2
 276 00d2 FFF7FEFF 		bl	set_velocity
 277              	.LVL35:
 118:main.c        ****     set_velocity(3,vel_to_tuningWord(0),J3_FWD);
 278              		.loc 1 118 0
ARM GAS  C:\Users\pajoh\AppData\Local\Temp\ccjfeAoU.s 			page 8


 279 00d6 0020     		movs	r0, #0
 280 00d8 FFF7FEFF 		bl	vel_to_tuningWord
 281              	.LVL36:
 282 00dc 0022     		movs	r2, #0
 283 00de 0146     		mov	r1, r0
 284 00e0 0320     		movs	r0, #3
 285 00e2 FFF7FEFF 		bl	set_velocity
 286              	.LVL37:
 119:main.c        ****     update_positions();
 287              		.loc 1 119 0
 288 00e6 FFF7FEFF 		bl	update_positions
 289              	.LVL38:
 120:main.c        ****     while(joints[2].limit != 0){
 290              		.loc 1 120 0
 291 00ea 0AE0     		b	.L14
 292              	.L15:
 121:main.c        ****         update_positions();
 293              		.loc 1 121 0
 294 00ec FFF7FEFF 		bl	update_positions
 295              	.LVL39:
 122:main.c        ****         set_velocity(3,vel_to_tuningWord(1000),J3_REV);
 296              		.loc 1 122 0
 297 00f0 4FF47A70 		mov	r0, #1000
 298 00f4 FFF7FEFF 		bl	vel_to_tuningWord
 299              	.LVL40:
 300 00f8 0122     		movs	r2, #1
 301 00fa 0146     		mov	r1, r0
 302 00fc 0320     		movs	r0, #3
 303 00fe FFF7FEFF 		bl	set_velocity
 304              	.LVL41:
 305              	.L14:
 120:main.c        ****     while(joints[2].limit != 0){
 306              		.loc 1 120 0
 307 0102 0C4B     		ldr	r3, .L17
 308 0104 93F85030 		ldrb	r3, [r3, #80]	@ zero_extendqisi2
 309 0108 13F0FF0F 		tst	r3, #255
 310 010c EED1     		bne	.L15
 123:main.c        ****     }
 124:main.c        ****     set_velocity(3,vel_to_tuningWord(0),J3_REV);
 311              		.loc 1 124 0
 312 010e 0020     		movs	r0, #0
 313 0110 FFF7FEFF 		bl	vel_to_tuningWord
 314              	.LVL42:
 315 0114 0122     		movs	r2, #1
 316 0116 0146     		mov	r1, r0
 317 0118 0320     		movs	r0, #3
 318 011a FFF7FEFF 		bl	set_velocity
 319              	.LVL43:
 125:main.c        ****     J1_EN_Write(1);
 320              		.loc 1 125 0
 321 011e 0120     		movs	r0, #1
 322 0120 FFF7FEFF 		bl	J1_EN_Write
 323              	.LVL44:
 126:main.c        ****     J2_EN_Write(1);
 324              		.loc 1 126 0
 325 0124 0120     		movs	r0, #1
 326 0126 FFF7FEFF 		bl	J2_EN_Write
ARM GAS  C:\Users\pajoh\AppData\Local\Temp\ccjfeAoU.s 			page 9


 327              	.LVL45:
 127:main.c        ****     J3_EN_Write(1);
 328              		.loc 1 127 0
 329 012a 0120     		movs	r0, #1
 330 012c FFF7FEFF 		bl	J3_EN_Write
 331              	.LVL46:
 332 0130 08BD     		pop	{r3, pc}
 333              	.L18:
 334 0132 00BF     		.align	2
 335              	.L17:
 336 0134 00000000 		.word	joints
 337 0138 00000000 		.word	J1_home
 338              		.cfi_endproc
 339              	.LFE65:
 340              		.size	home_joints, .-home_joints
 341              		.comm	tick,1,1
 342              		.comm	TransmitBuffer,80,4
 343              		.comm	Ch,1,1
 344              		.global	J3_ctrl_val
 345              		.global	J2_ctrl_val
 346              		.global	J1_ctrl_val
 347              		.global	home
 348              		.global	moveJ3
 349              		.global	moveJ2
 350              		.global	moveJ1
 351              		.comm	rx_index,4,4
 352              		.comm	rx_buffer,80,4
 353              		.comm	move_queue,1208,4
 354              		.comm	msg_buff,2006,4
 355              		.comm	joints,96,4
 356              		.comm	J1_home,4,4
 357              		.comm	read_angle_command,2,2
 358              		.section	.rodata.str1.4,"aMS",%progbits,1
 359              		.align	2
 360              	.LC0:
 361 0000 434F4D20 		.ascii	"COM port open\000"
 361      706F7274 
 361      206F7065 
 361      6E00
 362              		.bss
 363              		.type	J3_ctrl_val, %object
 364              		.size	J3_ctrl_val, 1
 365              	J3_ctrl_val:
 366 0000 00       		.space	1
 367              		.type	J2_ctrl_val, %object
 368              		.size	J2_ctrl_val, 1
 369              	J2_ctrl_val:
 370 0001 00       		.space	1
 371              		.type	J1_ctrl_val, %object
 372              		.size	J1_ctrl_val, 1
 373              	J1_ctrl_val:
 374 0002 00       		.space	1
 375              		.type	home, %object
 376              		.size	home, 1
 377              	home:
 378 0003 00       		.space	1
 379              		.type	moveJ3, %object
ARM GAS  C:\Users\pajoh\AppData\Local\Temp\ccjfeAoU.s 			page 10


 380              		.size	moveJ3, 1
 381              	moveJ3:
 382 0004 00       		.space	1
 383              		.type	moveJ2, %object
 384              		.size	moveJ2, 1
 385              	moveJ2:
 386 0005 00       		.space	1
 387              		.type	moveJ1, %object
 388              		.size	moveJ1, 1
 389              	moveJ1:
 390 0006 00       		.space	1
 391              		.text
 392              	.Letext0:
 393              		.file 2 "c:\\program files (x86)\\cypress\\psoc creator\\4.2\\psoc creator\\import\\gnu\\arm\\5.4.
 394              		.file 3 "c:\\program files (x86)\\cypress\\psoc creator\\4.2\\psoc creator\\import\\gnu\\arm\\5.4.
 395              		.file 4 "Generated_Source\\PSoC5/cytypes.h"
 396              		.file 5 "joints.h"
 397              		.file 6 "comms.h"
 398              		.file 7 "Generated_Source\\PSoC5/core_cm3.h"
 399              		.file 8 "as5048.h"
 400              		.file 9 "Generated_Source\\PSoC5/CS_J2.h"
 401              		.file 10 "Generated_Source\\PSoC5/CS_J3.h"
 402              		.file 11 "Generated_Source\\PSoC5/UART_1.h"
 403              		.file 12 "Generated_Source\\PSoC5/SPIM_1.h"
 404              		.file 13 "Generated_Source\\PSoC5/ADC_DelSig_1.h"
 405              		.file 14 "Generated_Source\\PSoC5/NCO_ISR.h"
 406              		.file 15 "Generated_Source\\PSoC5/tick_isr.h"
 407              		.file 16 "Generated_Source\\PSoC5/rx_isr.h"
 408              		.file 17 "Generated_Source\\PSoC5/J1_EN.h"
 409              		.file 18 "Generated_Source\\PSoC5/J2_EN.h"
 410              		.file 19 "Generated_Source\\PSoC5/J3_EN.h"
 411              		.file 20 "Generated_Source\\PSoC5/J2_DIR.h"
 412              		.file 21 "Generated_Source\\PSoC5/J3_DIR.h"
 413              		.section	.debug_info,"",%progbits
 414              	.Ldebug_info0:
 415 0000 C7080000 		.4byte	0x8c7
 416 0004 0400     		.2byte	0x4
 417 0006 00000000 		.4byte	.Ldebug_abbrev0
 418 000a 04       		.byte	0x4
 419 000b 01       		.uleb128 0x1
 420 000c C8030000 		.4byte	.LASF84
 421 0010 0C       		.byte	0xc
 422 0011 15030000 		.4byte	.LASF85
 423 0015 09000000 		.4byte	.LASF86
 424 0019 00000000 		.4byte	.Ldebug_ranges0+0
 425 001d 00000000 		.4byte	0
 426 0021 00000000 		.4byte	.Ldebug_line0
 427 0025 02       		.uleb128 0x2
 428 0026 01       		.byte	0x1
 429 0027 06       		.byte	0x6
 430 0028 DB010000 		.4byte	.LASF0
 431 002c 02       		.uleb128 0x2
 432 002d 01       		.byte	0x1
 433 002e 08       		.byte	0x8
 434 002f 9D010000 		.4byte	.LASF1
 435 0033 02       		.uleb128 0x2
 436 0034 02       		.byte	0x2
ARM GAS  C:\Users\pajoh\AppData\Local\Temp\ccjfeAoU.s 			page 11


 437 0035 05       		.byte	0x5
 438 0036 70000000 		.4byte	.LASF2
 439 003a 02       		.uleb128 0x2
 440 003b 02       		.byte	0x2
 441 003c 07       		.byte	0x7
 442 003d 82020000 		.4byte	.LASF3
 443 0041 03       		.uleb128 0x3
 444 0042 61030000 		.4byte	.LASF9
 445 0046 02       		.byte	0x2
 446 0047 3F       		.byte	0x3f
 447 0048 4C000000 		.4byte	0x4c
 448 004c 02       		.uleb128 0x2
 449 004d 04       		.byte	0x4
 450 004e 05       		.byte	0x5
 451 004f 5C010000 		.4byte	.LASF4
 452 0053 02       		.uleb128 0x2
 453 0054 04       		.byte	0x4
 454 0055 07       		.byte	0x7
 455 0056 46020000 		.4byte	.LASF5
 456 005a 02       		.uleb128 0x2
 457 005b 08       		.byte	0x8
 458 005c 05       		.byte	0x5
 459 005d 3A010000 		.4byte	.LASF6
 460 0061 02       		.uleb128 0x2
 461 0062 08       		.byte	0x8
 462 0063 07       		.byte	0x7
 463 0064 F2010000 		.4byte	.LASF7
 464 0068 04       		.uleb128 0x4
 465 0069 04       		.byte	0x4
 466 006a 05       		.byte	0x5
 467 006b 696E7400 		.ascii	"int\000"
 468 006f 02       		.uleb128 0x2
 469 0070 04       		.byte	0x4
 470 0071 07       		.byte	0x7
 471 0072 22020000 		.4byte	.LASF8
 472 0076 03       		.uleb128 0x3
 473 0077 CD020000 		.4byte	.LASF10
 474 007b 03       		.byte	0x3
 475 007c 2C       		.byte	0x2c
 476 007d 41000000 		.4byte	0x41
 477 0081 05       		.uleb128 0x5
 478 0082 D5020000 		.4byte	.LASF11
 479 0086 04       		.byte	0x4
 480 0087 E401     		.2byte	0x1e4
 481 0089 2C000000 		.4byte	0x2c
 482 008d 05       		.uleb128 0x5
 483 008e F2020000 		.4byte	.LASF12
 484 0092 04       		.byte	0x4
 485 0093 E501     		.2byte	0x1e5
 486 0095 3A000000 		.4byte	0x3a
 487 0099 05       		.uleb128 0x5
 488 009a 0E030000 		.4byte	.LASF13
 489 009e 04       		.byte	0x4
 490 009f E601     		.2byte	0x1e6
 491 00a1 53000000 		.4byte	0x53
 492 00a5 05       		.uleb128 0x5
 493 00a6 DA000000 		.4byte	.LASF14
ARM GAS  C:\Users\pajoh\AppData\Local\Temp\ccjfeAoU.s 			page 12


 494 00aa 04       		.byte	0x4
 495 00ab E801     		.2byte	0x1e8
 496 00ad 33000000 		.4byte	0x33
 497 00b1 05       		.uleb128 0x5
 498 00b2 24030000 		.4byte	.LASF15
 499 00b6 04       		.byte	0x4
 500 00b7 E901     		.2byte	0x1e9
 501 00b9 4C000000 		.4byte	0x4c
 502 00bd 02       		.uleb128 0x2
 503 00be 04       		.byte	0x4
 504 00bf 04       		.byte	0x4
 505 00c0 28010000 		.4byte	.LASF16
 506 00c4 02       		.uleb128 0x2
 507 00c5 08       		.byte	0x8
 508 00c6 04       		.byte	0x4
 509 00c7 2A030000 		.4byte	.LASF17
 510 00cb 02       		.uleb128 0x2
 511 00cc 01       		.byte	0x1
 512 00cd 08       		.byte	0x8
 513 00ce B6020000 		.4byte	.LASF18
 514 00d2 02       		.uleb128 0x2
 515 00d3 08       		.byte	0x8
 516 00d4 04       		.byte	0x4
 517 00d5 B8010000 		.4byte	.LASF19
 518 00d9 02       		.uleb128 0x2
 519 00da 04       		.byte	0x4
 520 00db 07       		.byte	0x7
 521 00dc 88000000 		.4byte	.LASF20
 522 00e0 06       		.uleb128 0x6
 523 00e1 20       		.byte	0x20
 524 00e2 05       		.byte	0x5
 525 00e3 26       		.byte	0x26
 526 00e4 61010000 		.4byte	0x161
 527 00e8 07       		.uleb128 0x7
 528 00e9 BB000000 		.4byte	.LASF21
 529 00ed 05       		.byte	0x5
 530 00ee 27       		.byte	0x27
 531 00ef 99000000 		.4byte	0x99
 532 00f3 00       		.byte	0
 533 00f4 07       		.uleb128 0x7
 534 00f5 67040000 		.4byte	.LASF22
 535 00f9 05       		.byte	0x5
 536 00fa 28       		.byte	0x28
 537 00fb CB000000 		.4byte	0xcb
 538 00ff 04       		.byte	0x4
 539 0100 08       		.uleb128 0x8
 540 0101 64697200 		.ascii	"dir\000"
 541 0105 05       		.byte	0x5
 542 0106 29       		.byte	0x29
 543 0107 CB000000 		.4byte	0xcb
 544 010b 05       		.byte	0x5
 545 010c 08       		.uleb128 0x8
 546 010d 706F7300 		.ascii	"pos\000"
 547 0111 05       		.byte	0x5
 548 0112 2A       		.byte	0x2a
 549 0113 B1000000 		.4byte	0xb1
 550 0117 08       		.byte	0x8
ARM GAS  C:\Users\pajoh\AppData\Local\Temp\ccjfeAoU.s 			page 13


 551 0118 07       		.uleb128 0x7
 552 0119 F9020000 		.4byte	.LASF23
 553 011d 05       		.byte	0x5
 554 011e 2B       		.byte	0x2b
 555 011f 99000000 		.4byte	0x99
 556 0123 0C       		.byte	0xc
 557 0124 07       		.uleb128 0x7
 558 0125 56010000 		.4byte	.LASF24
 559 0129 05       		.byte	0x5
 560 012a 2C       		.byte	0x2c
 561 012b CB000000 		.4byte	0xcb
 562 012f 10       		.byte	0x10
 563 0130 07       		.uleb128 0x7
 564 0131 2E010000 		.4byte	.LASF25
 565 0135 05       		.byte	0x5
 566 0136 2D       		.byte	0x2d
 567 0137 99000000 		.4byte	0x99
 568 013b 14       		.byte	0x14
 569 013c 07       		.uleb128 0x7
 570 013d 7E030000 		.4byte	.LASF26
 571 0141 05       		.byte	0x5
 572 0142 2E       		.byte	0x2e
 573 0143 A5000000 		.4byte	0xa5
 574 0147 18       		.byte	0x18
 575 0148 07       		.uleb128 0x7
 576 0149 95020000 		.4byte	.LASF27
 577 014d 05       		.byte	0x5
 578 014e 2F       		.byte	0x2f
 579 014f A5000000 		.4byte	0xa5
 580 0153 1A       		.byte	0x1a
 581 0154 07       		.uleb128 0x7
 582 0155 44000000 		.4byte	.LASF28
 583 0159 05       		.byte	0x5
 584 015a 30       		.byte	0x30
 585 015b CB000000 		.4byte	0xcb
 586 015f 1C       		.byte	0x1c
 587 0160 00       		.byte	0
 588 0161 03       		.uleb128 0x3
 589 0162 8B010000 		.4byte	.LASF29
 590 0166 05       		.byte	0x5
 591 0167 31       		.byte	0x31
 592 0168 E0000000 		.4byte	0xe0
 593 016c 09       		.uleb128 0x9
 594 016d 1C030000 		.4byte	.LASF87
 595 0171 14       		.byte	0x14
 596 0172 06       		.byte	0x6
 597 0173 1E       		.byte	0x1e
 598 0174 9D010000 		.4byte	0x19d
 599 0178 07       		.uleb128 0x7
 600 0179 9E030000 		.4byte	.LASF30
 601 017d 06       		.byte	0x6
 602 017e 1F       		.byte	0x1f
 603 017f 8D000000 		.4byte	0x8d
 604 0183 00       		.byte	0
 605 0184 07       		.uleb128 0x7
 606 0185 C7020000 		.4byte	.LASF31
 607 0189 06       		.byte	0x6
ARM GAS  C:\Users\pajoh\AppData\Local\Temp\ccjfeAoU.s 			page 14


 608 018a 20       		.byte	0x20
 609 018b 81000000 		.4byte	0x81
 610 018f 02       		.byte	0x2
 611 0190 07       		.uleb128 0x7
 612 0191 ED020000 		.4byte	.LASF32
 613 0195 06       		.byte	0x6
 614 0196 21       		.byte	0x21
 615 0197 9D010000 		.4byte	0x19d
 616 019b 03       		.byte	0x3
 617 019c 00       		.byte	0
 618 019d 0A       		.uleb128 0xa
 619 019e 81000000 		.4byte	0x81
 620 01a2 AD010000 		.4byte	0x1ad
 621 01a6 0B       		.uleb128 0xb
 622 01a7 D9000000 		.4byte	0xd9
 623 01ab 0F       		.byte	0xf
 624 01ac 00       		.byte	0
 625 01ad 03       		.uleb128 0x3
 626 01ae A6030000 		.4byte	.LASF33
 627 01b2 06       		.byte	0x6
 628 01b3 22       		.byte	0x22
 629 01b4 6C010000 		.4byte	0x16c
 630 01b8 0C       		.uleb128 0xc
 631 01b9 D607     		.2byte	0x7d6
 632 01bb 06       		.byte	0x6
 633 01bc 24       		.byte	0x24
 634 01bd F5010000 		.4byte	0x1f5
 635 01c1 07       		.uleb128 0x7
 636 01c2 2F020000 		.4byte	.LASF34
 637 01c6 06       		.byte	0x6
 638 01c7 25       		.byte	0x25
 639 01c8 F5010000 		.4byte	0x1f5
 640 01cc 00       		.byte	0
 641 01cd 0D       		.uleb128 0xd
 642 01ce D5000000 		.4byte	.LASF35
 643 01d2 06       		.byte	0x6
 644 01d3 26       		.byte	0x26
 645 01d4 8D000000 		.4byte	0x8d
 646 01d8 D007     		.2byte	0x7d0
 647 01da 0D       		.uleb128 0xd
 648 01db C4010000 		.4byte	.LASF36
 649 01df 06       		.byte	0x6
 650 01e0 27       		.byte	0x27
 651 01e1 8D000000 		.4byte	0x8d
 652 01e5 D207     		.2byte	0x7d2
 653 01e7 0D       		.uleb128 0xd
 654 01e8 B1020000 		.4byte	.LASF37
 655 01ec 06       		.byte	0x6
 656 01ed 28       		.byte	0x28
 657 01ee 8D000000 		.4byte	0x8d
 658 01f2 D407     		.2byte	0x7d4
 659 01f4 00       		.byte	0
 660 01f5 0A       		.uleb128 0xa
 661 01f6 AD010000 		.4byte	0x1ad
 662 01fa 05020000 		.4byte	0x205
 663 01fe 0B       		.uleb128 0xb
 664 01ff D9000000 		.4byte	0xd9
ARM GAS  C:\Users\pajoh\AppData\Local\Temp\ccjfeAoU.s 			page 15


 665 0203 63       		.byte	0x63
 666 0204 00       		.byte	0
 667 0205 03       		.uleb128 0x3
 668 0206 15020000 		.4byte	.LASF38
 669 020a 06       		.byte	0x6
 670 020b 29       		.byte	0x29
 671 020c B8010000 		.4byte	0x1b8
 672 0210 06       		.uleb128 0x6
 673 0211 0C       		.byte	0xc
 674 0212 06       		.byte	0x6
 675 0213 2B       		.byte	0x2b
 676 0214 49020000 		.4byte	0x249
 677 0218 07       		.uleb128 0x7
 678 0219 C7020000 		.4byte	.LASF31
 679 021d 06       		.byte	0x6
 680 021e 2C       		.byte	0x2c
 681 021f 81000000 		.4byte	0x81
 682 0223 00       		.byte	0
 683 0224 07       		.uleb128 0x7
 684 0225 AC000000 		.4byte	.LASF39
 685 0229 06       		.byte	0x6
 686 022a 2D       		.byte	0x2d
 687 022b 81000000 		.4byte	0x81
 688 022f 01       		.byte	0x1
 689 0230 07       		.uleb128 0x7
 690 0231 BB000000 		.4byte	.LASF21
 691 0235 06       		.byte	0x6
 692 0236 2E       		.byte	0x2e
 693 0237 99000000 		.4byte	0x99
 694 023b 04       		.byte	0x4
 695 023c 07       		.uleb128 0x7
 696 023d F9020000 		.4byte	.LASF23
 697 0241 06       		.byte	0x6
 698 0242 2F       		.byte	0x2f
 699 0243 99000000 		.4byte	0x99
 700 0247 08       		.byte	0x8
 701 0248 00       		.byte	0
 702 0249 03       		.uleb128 0x3
 703 024a DB020000 		.4byte	.LASF40
 704 024e 06       		.byte	0x6
 705 024f 30       		.byte	0x30
 706 0250 10020000 		.4byte	0x210
 707 0254 0C       		.uleb128 0xc
 708 0255 B804     		.2byte	0x4b8
 709 0257 06       		.byte	0x6
 710 0258 34       		.byte	0x34
 711 0259 91020000 		.4byte	0x291
 712 025d 07       		.uleb128 0x7
 713 025e 5B030000 		.4byte	.LASF41
 714 0262 06       		.byte	0x6
 715 0263 35       		.byte	0x35
 716 0264 91020000 		.4byte	0x291
 717 0268 00       		.byte	0
 718 0269 0D       		.uleb128 0xd
 719 026a D5000000 		.4byte	.LASF35
 720 026e 06       		.byte	0x6
 721 026f 36       		.byte	0x36
ARM GAS  C:\Users\pajoh\AppData\Local\Temp\ccjfeAoU.s 			page 16


 722 0270 8D000000 		.4byte	0x8d
 723 0274 B004     		.2byte	0x4b0
 724 0276 0D       		.uleb128 0xd
 725 0277 C4010000 		.4byte	.LASF36
 726 027b 06       		.byte	0x6
 727 027c 37       		.byte	0x37
 728 027d 8D000000 		.4byte	0x8d
 729 0281 B204     		.2byte	0x4b2
 730 0283 0D       		.uleb128 0xd
 731 0284 B1020000 		.4byte	.LASF37
 732 0288 06       		.byte	0x6
 733 0289 38       		.byte	0x38
 734 028a 8D000000 		.4byte	0x8d
 735 028e B404     		.2byte	0x4b4
 736 0290 00       		.byte	0
 737 0291 0A       		.uleb128 0xa
 738 0292 49020000 		.4byte	0x249
 739 0296 A1020000 		.4byte	0x2a1
 740 029a 0B       		.uleb128 0xb
 741 029b D9000000 		.4byte	0xd9
 742 029f 63       		.byte	0x63
 743 02a0 00       		.byte	0
 744 02a1 03       		.uleb128 0x3
 745 02a2 E7010000 		.4byte	.LASF42
 746 02a6 06       		.byte	0x6
 747 02a7 39       		.byte	0x39
 748 02a8 54020000 		.4byte	0x254
 749 02ac 0E       		.uleb128 0xe
 750 02ad B6000000 		.4byte	.LASF88
 751 02b1 01       		.byte	0x1
 752 02b2 34       		.byte	0x34
 753 02b3 68000000 		.4byte	0x68
 754 02b7 00000000 		.4byte	.LFB64
 755 02bb 9C000000 		.4byte	.LFE64-.LFB64
 756 02bf 01       		.uleb128 0x1
 757 02c0 9C       		.byte	0x9c
 758 02c1 E3030000 		.4byte	0x3e3
 759 02c5 0F       		.uleb128 0xf
 760 02c6 10000000 		.4byte	.LVL0
 761 02ca C2070000 		.4byte	0x7c2
 762 02ce DA020000 		.4byte	0x2da
 763 02d2 10       		.uleb128 0x10
 764 02d3 01       		.uleb128 0x1
 765 02d4 50       		.byte	0x50
 766 02d5 03       		.uleb128 0x3
 767 02d6 0A       		.byte	0xa
 768 02d7 FF7F     		.2byte	0x7fff
 769 02d9 00       		.byte	0
 770 02da 0F       		.uleb128 0xf
 771 02db 1E000000 		.4byte	.LVL1
 772 02df CD070000 		.4byte	0x7cd
 773 02e3 ED020000 		.4byte	0x2ed
 774 02e7 10       		.uleb128 0x10
 775 02e8 01       		.uleb128 0x1
 776 02e9 50       		.byte	0x50
 777 02ea 01       		.uleb128 0x1
 778 02eb 31       		.byte	0x31
ARM GAS  C:\Users\pajoh\AppData\Local\Temp\ccjfeAoU.s 			page 17


 779 02ec 00       		.byte	0
 780 02ed 0F       		.uleb128 0xf
 781 02ee 24000000 		.4byte	.LVL2
 782 02f2 D8070000 		.4byte	0x7d8
 783 02f6 00030000 		.4byte	0x300
 784 02fa 10       		.uleb128 0x10
 785 02fb 01       		.uleb128 0x1
 786 02fc 50       		.byte	0x50
 787 02fd 01       		.uleb128 0x1
 788 02fe 31       		.byte	0x31
 789 02ff 00       		.byte	0
 790 0300 11       		.uleb128 0x11
 791 0301 28000000 		.4byte	.LVL3
 792 0305 E3070000 		.4byte	0x7e3
 793 0309 11       		.uleb128 0x11
 794 030a 2C000000 		.4byte	.LVL4
 795 030e EE070000 		.4byte	0x7ee
 796 0312 11       		.uleb128 0x11
 797 0313 30000000 		.4byte	.LVL5
 798 0317 F9070000 		.4byte	0x7f9
 799 031b 11       		.uleb128 0x11
 800 031c 34000000 		.4byte	.LVL6
 801 0320 04080000 		.4byte	0x804
 802 0324 11       		.uleb128 0x11
 803 0325 38000000 		.4byte	.LVL7
 804 0329 0F080000 		.4byte	0x80f
 805 032d 0F       		.uleb128 0xf
 806 032e 3E000000 		.4byte	.LVL8
 807 0332 1A080000 		.4byte	0x81a
 808 0336 44030000 		.4byte	0x344
 809 033a 10       		.uleb128 0x10
 810 033b 01       		.uleb128 0x1
 811 033c 50       		.byte	0x50
 812 033d 05       		.uleb128 0x5
 813 033e 03       		.byte	0x3
 814 033f 00000000 		.4byte	msg_buff
 815 0343 00       		.byte	0
 816 0344 0F       		.uleb128 0xf
 817 0345 44000000 		.4byte	.LVL9
 818 0349 25080000 		.4byte	0x825
 819 034d 5B030000 		.4byte	0x35b
 820 0351 10       		.uleb128 0x10
 821 0352 01       		.uleb128 0x1
 822 0353 50       		.byte	0x50
 823 0354 05       		.uleb128 0x5
 824 0355 03       		.byte	0x3
 825 0356 00000000 		.4byte	move_queue
 826 035a 00       		.byte	0
 827 035b 0F       		.uleb128 0xf
 828 035c 4A000000 		.4byte	.LVL10
 829 0360 30080000 		.4byte	0x830
 830 0364 72030000 		.4byte	0x372
 831 0368 10       		.uleb128 0x10
 832 0369 01       		.uleb128 0x1
 833 036a 50       		.byte	0x50
 834 036b 05       		.uleb128 0x5
 835 036c 03       		.byte	0x3
ARM GAS  C:\Users\pajoh\AppData\Local\Temp\ccjfeAoU.s 			page 18


 836 036d 00000000 		.4byte	joints
 837 0371 00       		.byte	0
 838 0372 0F       		.uleb128 0xf
 839 0373 50000000 		.4byte	.LVL11
 840 0377 3B080000 		.4byte	0x83b
 841 037b 89030000 		.4byte	0x389
 842 037f 10       		.uleb128 0x10
 843 0380 01       		.uleb128 0x1
 844 0381 50       		.byte	0x50
 845 0382 05       		.uleb128 0x5
 846 0383 03       		.byte	0x3
 847 0384 00000000 		.4byte	.LC0
 848 0388 00       		.byte	0
 849 0389 0F       		.uleb128 0xf
 850 038a 5A000000 		.4byte	.LVL12
 851 038e 46080000 		.4byte	0x846
 852 0392 A3030000 		.4byte	0x3a3
 853 0396 10       		.uleb128 0x10
 854 0397 01       		.uleb128 0x1
 855 0398 50       		.byte	0x50
 856 0399 03       		.uleb128 0x3
 857 039a 0A       		.byte	0xa
 858 039b 0140     		.2byte	0x4001
 859 039d 10       		.uleb128 0x10
 860 039e 01       		.uleb128 0x1
 861 039f 51       		.byte	0x51
 862 03a0 01       		.uleb128 0x1
 863 03a1 30       		.byte	0x30
 864 03a2 00       		.byte	0
 865 03a3 0F       		.uleb128 0xf
 866 03a4 64000000 		.4byte	.LVL13
 867 03a8 46080000 		.4byte	0x846
 868 03ac BD030000 		.4byte	0x3bd
 869 03b0 10       		.uleb128 0x10
 870 03b1 01       		.uleb128 0x1
 871 03b2 50       		.byte	0x50
 872 03b3 03       		.uleb128 0x3
 873 03b4 0A       		.byte	0xa
 874 03b5 0140     		.2byte	0x4001
 875 03b7 10       		.uleb128 0x10
 876 03b8 01       		.uleb128 0x1
 877 03b9 51       		.byte	0x51
 878 03ba 01       		.uleb128 0x1
 879 03bb 31       		.byte	0x31
 880 03bc 00       		.byte	0
 881 03bd 11       		.uleb128 0x11
 882 03be 68000000 		.4byte	.LVL14
 883 03c2 51080000 		.4byte	0x851
 884 03c6 11       		.uleb128 0x11
 885 03c7 6C000000 		.4byte	.LVL15
 886 03cb 5C080000 		.4byte	0x85c
 887 03cf 12       		.uleb128 0x12
 888 03d0 72000000 		.4byte	.LVL16
 889 03d4 67080000 		.4byte	0x867
 890 03d8 10       		.uleb128 0x10
 891 03d9 01       		.uleb128 0x1
 892 03da 50       		.byte	0x50
ARM GAS  C:\Users\pajoh\AppData\Local\Temp\ccjfeAoU.s 			page 19


 893 03db 05       		.uleb128 0x5
 894 03dc 03       		.byte	0x3
 895 03dd 00000000 		.4byte	msg_buff
 896 03e1 00       		.byte	0
 897 03e2 00       		.byte	0
 898 03e3 13       		.uleb128 0x13
 899 03e4 5B040000 		.4byte	.LASF89
 900 03e8 01       		.byte	0x1
 901 03e9 5D       		.byte	0x5d
 902 03ea 00000000 		.4byte	.LFB65
 903 03ee 3C010000 		.4byte	.LFE65-.LFB65
 904 03f2 01       		.uleb128 0x1
 905 03f3 9C       		.byte	0x9c
 906 03f4 39060000 		.4byte	0x639
 907 03f8 0F       		.uleb128 0xf
 908 03f9 08000000 		.4byte	.LVL17
 909 03fd 72080000 		.4byte	0x872
 910 0401 0B040000 		.4byte	0x40b
 911 0405 10       		.uleb128 0x10
 912 0406 01       		.uleb128 0x1
 913 0407 50       		.byte	0x50
 914 0408 01       		.uleb128 0x1
 915 0409 30       		.byte	0x30
 916 040a 00       		.byte	0
 917 040b 0F       		.uleb128 0xf
 918 040c 0E000000 		.4byte	.LVL18
 919 0410 7D080000 		.4byte	0x87d
 920 0414 1E040000 		.4byte	0x41e
 921 0418 10       		.uleb128 0x10
 922 0419 01       		.uleb128 0x1
 923 041a 50       		.byte	0x50
 924 041b 01       		.uleb128 0x1
 925 041c 30       		.byte	0x30
 926 041d 00       		.byte	0
 927 041e 0F       		.uleb128 0xf
 928 041f 14000000 		.4byte	.LVL19
 929 0423 88080000 		.4byte	0x888
 930 0427 31040000 		.4byte	0x431
 931 042b 10       		.uleb128 0x10
 932 042c 01       		.uleb128 0x1
 933 042d 50       		.byte	0x50
 934 042e 01       		.uleb128 0x1
 935 042f 30       		.byte	0x30
 936 0430 00       		.byte	0
 937 0431 11       		.uleb128 0x11
 938 0432 1A000000 		.4byte	.LVL20
 939 0436 93080000 		.4byte	0x893
 940 043a 0F       		.uleb128 0xf
 941 043b 30000000 		.4byte	.LVL21
 942 043f 9E080000 		.4byte	0x89e
 943 0443 4F040000 		.4byte	0x44f
 944 0447 10       		.uleb128 0x10
 945 0448 01       		.uleb128 0x1
 946 0449 50       		.byte	0x50
 947 044a 03       		.uleb128 0x3
 948 044b 0A       		.byte	0xa
 949 044c E803     		.2byte	0x3e8
ARM GAS  C:\Users\pajoh\AppData\Local\Temp\ccjfeAoU.s 			page 20


 950 044e 00       		.byte	0
 951 044f 0F       		.uleb128 0xf
 952 0450 3A000000 		.4byte	.LVL22
 953 0454 A9080000 		.4byte	0x8a9
 954 0458 67040000 		.4byte	0x467
 955 045c 10       		.uleb128 0x10
 956 045d 01       		.uleb128 0x1
 957 045e 50       		.byte	0x50
 958 045f 01       		.uleb128 0x1
 959 0460 31       		.byte	0x31
 960 0461 10       		.uleb128 0x10
 961 0462 01       		.uleb128 0x1
 962 0463 52       		.byte	0x52
 963 0464 01       		.uleb128 0x1
 964 0465 31       		.byte	0x31
 965 0466 00       		.byte	0
 966 0467 0F       		.uleb128 0xf
 967 0468 50000000 		.4byte	.LVL23
 968 046c 9E080000 		.4byte	0x89e
 969 0470 7C040000 		.4byte	0x47c
 970 0474 10       		.uleb128 0x10
 971 0475 01       		.uleb128 0x1
 972 0476 50       		.byte	0x50
 973 0477 03       		.uleb128 0x3
 974 0478 0A       		.byte	0xa
 975 0479 E803     		.2byte	0x3e8
 976 047b 00       		.byte	0
 977 047c 0F       		.uleb128 0xf
 978 047d 5A000000 		.4byte	.LVL24
 979 0481 A9080000 		.4byte	0x8a9
 980 0485 94040000 		.4byte	0x494
 981 0489 10       		.uleb128 0x10
 982 048a 01       		.uleb128 0x1
 983 048b 50       		.byte	0x50
 984 048c 01       		.uleb128 0x1
 985 048d 31       		.byte	0x31
 986 048e 10       		.uleb128 0x10
 987 048f 01       		.uleb128 0x1
 988 0490 52       		.byte	0x52
 989 0491 01       		.uleb128 0x1
 990 0492 30       		.byte	0x30
 991 0493 00       		.byte	0
 992 0494 0F       		.uleb128 0xf
 993 0495 80000000 		.4byte	.LVL25
 994 0499 A9080000 		.4byte	0x8a9
 995 049d B1040000 		.4byte	0x4b1
 996 04a1 10       		.uleb128 0x10
 997 04a2 01       		.uleb128 0x1
 998 04a3 50       		.byte	0x50
 999 04a4 01       		.uleb128 0x1
 1000 04a5 31       		.byte	0x31
 1001 04a6 10       		.uleb128 0x10
 1002 04a7 01       		.uleb128 0x1
 1003 04a8 51       		.byte	0x51
 1004 04a9 01       		.uleb128 0x1
 1005 04aa 30       		.byte	0x30
 1006 04ab 10       		.uleb128 0x10
ARM GAS  C:\Users\pajoh\AppData\Local\Temp\ccjfeAoU.s 			page 21


 1007 04ac 01       		.uleb128 0x1
 1008 04ad 52       		.byte	0x52
 1009 04ae 01       		.uleb128 0x1
 1010 04af 30       		.byte	0x30
 1011 04b0 00       		.byte	0
 1012 04b1 11       		.uleb128 0x11
 1013 04b2 84000000 		.4byte	.LVL26
 1014 04b6 93080000 		.4byte	0x893
 1015 04ba 11       		.uleb128 0x11
 1016 04bb 8A000000 		.4byte	.LVL27
 1017 04bf 93080000 		.4byte	0x893
 1018 04c3 0F       		.uleb128 0xf
 1019 04c4 90000000 		.4byte	.LVL28
 1020 04c8 B4080000 		.4byte	0x8b4
 1021 04cc D6040000 		.4byte	0x4d6
 1022 04d0 10       		.uleb128 0x10
 1023 04d1 01       		.uleb128 0x1
 1024 04d2 50       		.byte	0x50
 1025 04d3 01       		.uleb128 0x1
 1026 04d4 30       		.byte	0x30
 1027 04d5 00       		.byte	0
 1028 04d6 0F       		.uleb128 0xf
 1029 04d7 96000000 		.4byte	.LVL29
 1030 04db BF080000 		.4byte	0x8bf
 1031 04df E9040000 		.4byte	0x4e9
 1032 04e3 10       		.uleb128 0x10
 1033 04e4 01       		.uleb128 0x1
 1034 04e5 50       		.byte	0x50
 1035 04e6 01       		.uleb128 0x1
 1036 04e7 30       		.byte	0x30
 1037 04e8 00       		.byte	0
 1038 04e9 0F       		.uleb128 0xf
 1039 04ea 9E000000 		.4byte	.LVL30
 1040 04ee 9E080000 		.4byte	0x89e
 1041 04f2 FE040000 		.4byte	0x4fe
 1042 04f6 10       		.uleb128 0x10
 1043 04f7 01       		.uleb128 0x1
 1044 04f8 50       		.byte	0x50
 1045 04f9 03       		.uleb128 0x3
 1046 04fa 0A       		.byte	0xa
 1047 04fb E803     		.2byte	0x3e8
 1048 04fd 00       		.byte	0
 1049 04fe 0F       		.uleb128 0xf
 1050 04ff A8000000 		.4byte	.LVL31
 1051 0503 A9080000 		.4byte	0x8a9
 1052 0507 16050000 		.4byte	0x516
 1053 050b 10       		.uleb128 0x10
 1054 050c 01       		.uleb128 0x1
 1055 050d 50       		.byte	0x50
 1056 050e 01       		.uleb128 0x1
 1057 050f 32       		.byte	0x32
 1058 0510 10       		.uleb128 0x10
 1059 0511 01       		.uleb128 0x1
 1060 0512 52       		.byte	0x52
 1061 0513 01       		.uleb128 0x1
 1062 0514 30       		.byte	0x30
 1063 0515 00       		.byte	0
ARM GAS  C:\Users\pajoh\AppData\Local\Temp\ccjfeAoU.s 			page 22


 1064 0516 0F       		.uleb128 0xf
 1065 0517 B0000000 		.4byte	.LVL32
 1066 051b 9E080000 		.4byte	0x89e
 1067 051f 2B050000 		.4byte	0x52b
 1068 0523 10       		.uleb128 0x10
 1069 0524 01       		.uleb128 0x1
 1070 0525 50       		.byte	0x50
 1071 0526 03       		.uleb128 0x3
 1072 0527 0A       		.byte	0xa
 1073 0528 E803     		.2byte	0x3e8
 1074 052a 00       		.byte	0
 1075 052b 0F       		.uleb128 0xf
 1076 052c BA000000 		.4byte	.LVL33
 1077 0530 A9080000 		.4byte	0x8a9
 1078 0534 43050000 		.4byte	0x543
 1079 0538 10       		.uleb128 0x10
 1080 0539 01       		.uleb128 0x1
 1081 053a 50       		.byte	0x50
 1082 053b 01       		.uleb128 0x1
 1083 053c 33       		.byte	0x33
 1084 053d 10       		.uleb128 0x10
 1085 053e 01       		.uleb128 0x1
 1086 053f 52       		.byte	0x52
 1087 0540 01       		.uleb128 0x1
 1088 0541 30       		.byte	0x30
 1089 0542 00       		.byte	0
 1090 0543 0F       		.uleb128 0xf
 1091 0544 CC000000 		.4byte	.LVL34
 1092 0548 9E080000 		.4byte	0x89e
 1093 054c 56050000 		.4byte	0x556
 1094 0550 10       		.uleb128 0x10
 1095 0551 01       		.uleb128 0x1
 1096 0552 50       		.byte	0x50
 1097 0553 01       		.uleb128 0x1
 1098 0554 30       		.byte	0x30
 1099 0555 00       		.byte	0
 1100 0556 0F       		.uleb128 0xf
 1101 0557 D6000000 		.4byte	.LVL35
 1102 055b A9080000 		.4byte	0x8a9
 1103 055f 6E050000 		.4byte	0x56e
 1104 0563 10       		.uleb128 0x10
 1105 0564 01       		.uleb128 0x1
 1106 0565 50       		.byte	0x50
 1107 0566 01       		.uleb128 0x1
 1108 0567 32       		.byte	0x32
 1109 0568 10       		.uleb128 0x10
 1110 0569 01       		.uleb128 0x1
 1111 056a 52       		.byte	0x52
 1112 056b 01       		.uleb128 0x1
 1113 056c 30       		.byte	0x30
 1114 056d 00       		.byte	0
 1115 056e 0F       		.uleb128 0xf
 1116 056f DC000000 		.4byte	.LVL36
 1117 0573 9E080000 		.4byte	0x89e
 1118 0577 81050000 		.4byte	0x581
 1119 057b 10       		.uleb128 0x10
 1120 057c 01       		.uleb128 0x1
ARM GAS  C:\Users\pajoh\AppData\Local\Temp\ccjfeAoU.s 			page 23


 1121 057d 50       		.byte	0x50
 1122 057e 01       		.uleb128 0x1
 1123 057f 30       		.byte	0x30
 1124 0580 00       		.byte	0
 1125 0581 0F       		.uleb128 0xf
 1126 0582 E6000000 		.4byte	.LVL37
 1127 0586 A9080000 		.4byte	0x8a9
 1128 058a 99050000 		.4byte	0x599
 1129 058e 10       		.uleb128 0x10
 1130 058f 01       		.uleb128 0x1
 1131 0590 50       		.byte	0x50
 1132 0591 01       		.uleb128 0x1
 1133 0592 33       		.byte	0x33
 1134 0593 10       		.uleb128 0x10
 1135 0594 01       		.uleb128 0x1
 1136 0595 52       		.byte	0x52
 1137 0596 01       		.uleb128 0x1
 1138 0597 30       		.byte	0x30
 1139 0598 00       		.byte	0
 1140 0599 11       		.uleb128 0x11
 1141 059a EA000000 		.4byte	.LVL38
 1142 059e 93080000 		.4byte	0x893
 1143 05a2 11       		.uleb128 0x11
 1144 05a3 F0000000 		.4byte	.LVL39
 1145 05a7 93080000 		.4byte	0x893
 1146 05ab 0F       		.uleb128 0xf
 1147 05ac F8000000 		.4byte	.LVL40
 1148 05b0 9E080000 		.4byte	0x89e
 1149 05b4 C0050000 		.4byte	0x5c0
 1150 05b8 10       		.uleb128 0x10
 1151 05b9 01       		.uleb128 0x1
 1152 05ba 50       		.byte	0x50
 1153 05bb 03       		.uleb128 0x3
 1154 05bc 0A       		.byte	0xa
 1155 05bd E803     		.2byte	0x3e8
 1156 05bf 00       		.byte	0
 1157 05c0 0F       		.uleb128 0xf
 1158 05c1 02010000 		.4byte	.LVL41
 1159 05c5 A9080000 		.4byte	0x8a9
 1160 05c9 D8050000 		.4byte	0x5d8
 1161 05cd 10       		.uleb128 0x10
 1162 05ce 01       		.uleb128 0x1
 1163 05cf 50       		.byte	0x50
 1164 05d0 01       		.uleb128 0x1
 1165 05d1 33       		.byte	0x33
 1166 05d2 10       		.uleb128 0x10
 1167 05d3 01       		.uleb128 0x1
 1168 05d4 52       		.byte	0x52
 1169 05d5 01       		.uleb128 0x1
 1170 05d6 31       		.byte	0x31
 1171 05d7 00       		.byte	0
 1172 05d8 0F       		.uleb128 0xf
 1173 05d9 14010000 		.4byte	.LVL42
 1174 05dd 9E080000 		.4byte	0x89e
 1175 05e1 EB050000 		.4byte	0x5eb
 1176 05e5 10       		.uleb128 0x10
 1177 05e6 01       		.uleb128 0x1
ARM GAS  C:\Users\pajoh\AppData\Local\Temp\ccjfeAoU.s 			page 24


 1178 05e7 50       		.byte	0x50
 1179 05e8 01       		.uleb128 0x1
 1180 05e9 30       		.byte	0x30
 1181 05ea 00       		.byte	0
 1182 05eb 0F       		.uleb128 0xf
 1183 05ec 1E010000 		.4byte	.LVL43
 1184 05f0 A9080000 		.4byte	0x8a9
 1185 05f4 03060000 		.4byte	0x603
 1186 05f8 10       		.uleb128 0x10
 1187 05f9 01       		.uleb128 0x1
 1188 05fa 50       		.byte	0x50
 1189 05fb 01       		.uleb128 0x1
 1190 05fc 33       		.byte	0x33
 1191 05fd 10       		.uleb128 0x10
 1192 05fe 01       		.uleb128 0x1
 1193 05ff 52       		.byte	0x52
 1194 0600 01       		.uleb128 0x1
 1195 0601 31       		.byte	0x31
 1196 0602 00       		.byte	0
 1197 0603 0F       		.uleb128 0xf
 1198 0604 24010000 		.4byte	.LVL44
 1199 0608 72080000 		.4byte	0x872
 1200 060c 16060000 		.4byte	0x616
 1201 0610 10       		.uleb128 0x10
 1202 0611 01       		.uleb128 0x1
 1203 0612 50       		.byte	0x50
 1204 0613 01       		.uleb128 0x1
 1205 0614 31       		.byte	0x31
 1206 0615 00       		.byte	0
 1207 0616 0F       		.uleb128 0xf
 1208 0617 2A010000 		.4byte	.LVL45
 1209 061b 7D080000 		.4byte	0x87d
 1210 061f 29060000 		.4byte	0x629
 1211 0623 10       		.uleb128 0x10
 1212 0624 01       		.uleb128 0x1
 1213 0625 50       		.byte	0x50
 1214 0626 01       		.uleb128 0x1
 1215 0627 31       		.byte	0x31
 1216 0628 00       		.byte	0
 1217 0629 12       		.uleb128 0x12
 1218 062a 30010000 		.4byte	.LVL46
 1219 062e 88080000 		.4byte	0x888
 1220 0632 10       		.uleb128 0x10
 1221 0633 01       		.uleb128 0x1
 1222 0634 50       		.byte	0x50
 1223 0635 01       		.uleb128 0x1
 1224 0636 31       		.byte	0x31
 1225 0637 00       		.byte	0
 1226 0638 00       		.byte	0
 1227 0639 14       		.uleb128 0x14
 1228 063a BB030000 		.4byte	.LASF43
 1229 063e 07       		.byte	0x7
 1230 063f 1207     		.2byte	0x712
 1231 0641 45060000 		.4byte	0x645
 1232 0645 15       		.uleb128 0x15
 1233 0646 76000000 		.4byte	0x76
 1234 064a 16       		.uleb128 0x16
ARM GAS  C:\Users\pajoh\AppData\Local\Temp\ccjfeAoU.s 			page 25


 1235 064b 03010000 		.4byte	.LASF44
 1236 064f 08       		.byte	0x8
 1237 0650 20       		.byte	0x20
 1238 0651 8D000000 		.4byte	0x8d
 1239 0655 05       		.uleb128 0x5
 1240 0656 03       		.byte	0x3
 1241 0657 00000000 		.4byte	read_angle_command
 1242 065b 16       		.uleb128 0x16
 1243 065c EC000000 		.4byte	.LASF45
 1244 0660 05       		.byte	0x5
 1245 0661 33       		.byte	0x33
 1246 0662 6C060000 		.4byte	0x66c
 1247 0666 05       		.uleb128 0x5
 1248 0667 03       		.byte	0x3
 1249 0668 00000000 		.4byte	J1_home
 1250 066c 15       		.uleb128 0x15
 1251 066d B1000000 		.4byte	0xb1
 1252 0671 0A       		.uleb128 0xa
 1253 0672 81060000 		.4byte	0x681
 1254 0676 81060000 		.4byte	0x681
 1255 067a 0B       		.uleb128 0xb
 1256 067b D9000000 		.4byte	0xd9
 1257 067f 02       		.byte	0x2
 1258 0680 00       		.byte	0
 1259 0681 15       		.uleb128 0x15
 1260 0682 61010000 		.4byte	0x161
 1261 0686 16       		.uleb128 0x16
 1262 0687 84010000 		.4byte	.LASF46
 1263 068b 05       		.byte	0x5
 1264 068c 35       		.byte	0x35
 1265 068d 97060000 		.4byte	0x697
 1266 0691 05       		.uleb128 0x5
 1267 0692 03       		.byte	0x3
 1268 0693 00000000 		.4byte	joints
 1269 0697 15       		.uleb128 0x15
 1270 0698 71060000 		.4byte	0x671
 1271 069c 16       		.uleb128 0x16
 1272 069d A3000000 		.4byte	.LASF47
 1273 06a1 01       		.byte	0x1
 1274 06a2 2A       		.byte	0x2a
 1275 06a3 AD060000 		.4byte	0x6ad
 1276 06a7 05       		.uleb128 0x5
 1277 06a8 03       		.byte	0x3
 1278 06a9 00000000 		.4byte	msg_buff
 1279 06ad 15       		.uleb128 0x15
 1280 06ae 05020000 		.4byte	0x205
 1281 06b2 16       		.uleb128 0x16
 1282 06b3 65000000 		.4byte	.LASF48
 1283 06b7 01       		.byte	0x1
 1284 06b8 2B       		.byte	0x2b
 1285 06b9 C3060000 		.4byte	0x6c3
 1286 06bd 05       		.uleb128 0x5
 1287 06be 03       		.byte	0x3
 1288 06bf 00000000 		.4byte	move_queue
 1289 06c3 15       		.uleb128 0x15
 1290 06c4 A1020000 		.4byte	0x2a1
 1291 06c8 0A       		.uleb128 0xa
ARM GAS  C:\Users\pajoh\AppData\Local\Temp\ccjfeAoU.s 			page 26


 1292 06c9 D8060000 		.4byte	0x6d8
 1293 06cd D8060000 		.4byte	0x6d8
 1294 06d1 0B       		.uleb128 0xb
 1295 06d2 D9000000 		.4byte	0xd9
 1296 06d6 4F       		.byte	0x4f
 1297 06d7 00       		.byte	0
 1298 06d8 15       		.uleb128 0x15
 1299 06d9 CB000000 		.4byte	0xcb
 1300 06dd 16       		.uleb128 0x16
 1301 06de 65010000 		.4byte	.LASF49
 1302 06e2 01       		.byte	0x1
 1303 06e3 2C       		.byte	0x2c
 1304 06e4 EE060000 		.4byte	0x6ee
 1305 06e8 05       		.uleb128 0x5
 1306 06e9 03       		.byte	0x3
 1307 06ea 00000000 		.4byte	rx_buffer
 1308 06ee 15       		.uleb128 0x15
 1309 06ef C8060000 		.4byte	0x6c8
 1310 06f3 16       		.uleb128 0x16
 1311 06f4 00000000 		.4byte	.LASF50
 1312 06f8 01       		.byte	0x1
 1313 06f9 2D       		.byte	0x2d
 1314 06fa 04070000 		.4byte	0x704
 1315 06fe 05       		.uleb128 0x5
 1316 06ff 03       		.byte	0x3
 1317 0700 00000000 		.4byte	rx_index
 1318 0704 15       		.uleb128 0x15
 1319 0705 68000000 		.4byte	0x68
 1320 0709 16       		.uleb128 0x16
 1321 070a 48010000 		.4byte	.LASF51
 1322 070e 01       		.byte	0x1
 1323 070f 1B       		.byte	0x1b
 1324 0710 CB000000 		.4byte	0xcb
 1325 0714 05       		.uleb128 0x5
 1326 0715 03       		.byte	0x3
 1327 0716 00000000 		.4byte	moveJ1
 1328 071a 16       		.uleb128 0x16
 1329 071b 4F010000 		.4byte	.LASF52
 1330 071f 01       		.byte	0x1
 1331 0720 1C       		.byte	0x1c
 1332 0721 CB000000 		.4byte	0xcb
 1333 0725 05       		.uleb128 0x5
 1334 0726 03       		.byte	0x3
 1335 0727 00000000 		.4byte	moveJ2
 1336 072b 16       		.uleb128 0x16
 1337 072c 6B030000 		.4byte	.LASF53
 1338 0730 01       		.byte	0x1
 1339 0731 1D       		.byte	0x1d
 1340 0732 CB000000 		.4byte	0xcb
 1341 0736 05       		.uleb128 0x5
 1342 0737 03       		.byte	0x3
 1343 0738 00000000 		.4byte	moveJ3
 1344 073c 16       		.uleb128 0x16
 1345 073d 16010000 		.4byte	.LASF54
 1346 0741 01       		.byte	0x1
 1347 0742 1F       		.byte	0x1f
 1348 0743 CB000000 		.4byte	0xcb
ARM GAS  C:\Users\pajoh\AppData\Local\Temp\ccjfeAoU.s 			page 27


 1349 0747 05       		.uleb128 0x5
 1350 0748 03       		.byte	0x3
 1351 0749 00000000 		.4byte	home
 1352 074d 16       		.uleb128 0x16
 1353 074e 91010000 		.4byte	.LASF55
 1354 0752 01       		.byte	0x1
 1355 0753 21       		.byte	0x21
 1356 0754 CB000000 		.4byte	0xcb
 1357 0758 05       		.uleb128 0x5
 1358 0759 03       		.byte	0x3
 1359 075a 00000000 		.4byte	J1_ctrl_val
 1360 075e 16       		.uleb128 0x16
 1361 075f 72030000 		.4byte	.LASF56
 1362 0763 01       		.byte	0x1
 1363 0764 22       		.byte	0x22
 1364 0765 CB000000 		.4byte	0xcb
 1365 0769 05       		.uleb128 0x5
 1366 076a 03       		.byte	0x3
 1367 076b 00000000 		.4byte	J2_ctrl_val
 1368 076f 16       		.uleb128 0x16
 1369 0770 02030000 		.4byte	.LASF57
 1370 0774 01       		.byte	0x1
 1371 0775 23       		.byte	0x23
 1372 0776 CB000000 		.4byte	0xcb
 1373 077a 05       		.uleb128 0x5
 1374 077b 03       		.byte	0x3
 1375 077c 00000000 		.4byte	J3_ctrl_val
 1376 0780 17       		.uleb128 0x17
 1377 0781 436800   		.ascii	"Ch\000"
 1378 0784 01       		.byte	0x1
 1379 0785 26       		.byte	0x26
 1380 0786 81000000 		.4byte	0x81
 1381 078a 05       		.uleb128 0x5
 1382 078b 03       		.byte	0x3
 1383 078c 00000000 		.4byte	Ch
 1384 0790 0A       		.uleb128 0xa
 1385 0791 CB000000 		.4byte	0xcb
 1386 0795 A0070000 		.4byte	0x7a0
 1387 0799 0B       		.uleb128 0xb
 1388 079a D9000000 		.4byte	0xd9
 1389 079e 4F       		.byte	0x4f
 1390 079f 00       		.byte	0
 1391 07a0 16       		.uleb128 0x16
 1392 07a1 C6000000 		.4byte	.LASF58
 1393 07a5 01       		.byte	0x1
 1394 07a6 27       		.byte	0x27
 1395 07a7 90070000 		.4byte	0x790
 1396 07ab 05       		.uleb128 0x5
 1397 07ac 03       		.byte	0x3
 1398 07ad 00000000 		.4byte	TransmitBuffer
 1399 07b1 16       		.uleb128 0x16
 1400 07b2 56040000 		.4byte	.LASF59
 1401 07b6 01       		.byte	0x1
 1402 07b7 2E       		.byte	0x2e
 1403 07b8 D8060000 		.4byte	0x6d8
 1404 07bc 05       		.uleb128 0x5
 1405 07bd 03       		.byte	0x3
ARM GAS  C:\Users\pajoh\AppData\Local\Temp\ccjfeAoU.s 			page 28


 1406 07be 00000000 		.4byte	tick
 1407 07c2 18       		.uleb128 0x18
 1408 07c3 C9010000 		.4byte	.LASF60
 1409 07c7 C9010000 		.4byte	.LASF60
 1410 07cb 08       		.byte	0x8
 1411 07cc 22       		.byte	0x22
 1412 07cd 18       		.uleb128 0x18
 1413 07ce 76020000 		.4byte	.LASF61
 1414 07d2 76020000 		.4byte	.LASF61
 1415 07d6 09       		.byte	0x9
 1416 07d7 26       		.byte	0x26
 1417 07d8 18       		.uleb128 0x18
 1418 07d9 4F030000 		.4byte	.LASF62
 1419 07dd 4F030000 		.4byte	.LASF62
 1420 07e1 0A       		.byte	0xa
 1421 07e2 26       		.byte	0x26
 1422 07e3 18       		.uleb128 0x18
 1423 07e4 1B010000 		.4byte	.LASF63
 1424 07e8 1B010000 		.4byte	.LASF63
 1425 07ec 0B       		.byte	0xb
 1426 07ed 54       		.byte	0x54
 1427 07ee 18       		.uleb128 0x18
 1428 07ef AE030000 		.4byte	.LASF64
 1429 07f3 AE030000 		.4byte	.LASF64
 1430 07f7 0C       		.byte	0xc
 1431 07f8 4D       		.byte	0x4d
 1432 07f9 18       		.uleb128 0x18
 1433 07fa 9E020000 		.4byte	.LASF65
 1434 07fe 9E020000 		.4byte	.LASF65
 1435 0802 0D       		.byte	0xd
 1436 0803 3A       		.byte	0x3a
 1437 0804 18       		.uleb128 0x18
 1438 0805 84030000 		.4byte	.LASF66
 1439 0809 84030000 		.4byte	.LASF66
 1440 080d 0D       		.byte	0xd
 1441 080e 3D       		.byte	0x3d
 1442 080f 18       		.uleb128 0x18
 1443 0810 7A000000 		.4byte	.LASF67
 1444 0814 7A000000 		.4byte	.LASF67
 1445 0818 0E       		.byte	0xe
 1446 0819 17       		.byte	0x17
 1447 081a 18       		.uleb128 0x18
 1448 081b 34020000 		.4byte	.LASF68
 1449 081f 34020000 		.4byte	.LASF68
 1450 0823 06       		.byte	0x6
 1451 0824 40       		.byte	0x40
 1452 0825 18       		.uleb128 0x18
 1453 0826 4A000000 		.4byte	.LASF69
 1454 082a 4A000000 		.4byte	.LASF69
 1455 082e 06       		.byte	0x6
 1456 082f 44       		.byte	0x44
 1457 0830 18       		.uleb128 0x18
 1458 0831 5A000000 		.4byte	.LASF70
 1459 0835 5A000000 		.4byte	.LASF70
 1460 0839 05       		.byte	0x5
 1461 083a 37       		.byte	0x37
 1462 083b 18       		.uleb128 0x18
ARM GAS  C:\Users\pajoh\AppData\Local\Temp\ccjfeAoU.s 			page 29


 1463 083c 31030000 		.4byte	.LASF71
 1464 0840 31030000 		.4byte	.LASF71
 1465 0844 0B       		.byte	0xb
 1466 0845 8B       		.byte	0x8b
 1467 0846 18       		.uleb128 0x18
 1468 0847 6C040000 		.4byte	.LASF72
 1469 084b 6C040000 		.4byte	.LASF72
 1470 084f 08       		.byte	0x8
 1471 0850 24       		.byte	0x24
 1472 0851 18       		.uleb128 0x18
 1473 0852 F4000000 		.4byte	.LASF73
 1474 0856 F4000000 		.4byte	.LASF73
 1475 085a 0F       		.byte	0xf
 1476 085b 17       		.byte	0x17
 1477 085c 18       		.uleb128 0x18
 1478 085d 58020000 		.4byte	.LASF74
 1479 0861 58020000 		.4byte	.LASF74
 1480 0865 10       		.byte	0x10
 1481 0866 17       		.byte	0x17
 1482 0867 18       		.uleb128 0x18
 1483 0868 6F010000 		.4byte	.LASF75
 1484 086c 6F010000 		.4byte	.LASF75
 1485 0870 06       		.byte	0x6
 1486 0871 42       		.byte	0x42
 1487 0872 18       		.uleb128 0x18
 1488 0873 E0000000 		.4byte	.LASF76
 1489 0877 E0000000 		.4byte	.LASF76
 1490 087b 11       		.byte	0x11
 1491 087c 26       		.byte	0x26
 1492 087d 18       		.uleb128 0x18
 1493 087e BB020000 		.4byte	.LASF77
 1494 0882 BB020000 		.4byte	.LASF77
 1495 0886 12       		.byte	0x12
 1496 0887 26       		.byte	0x26
 1497 0888 18       		.uleb128 0x18
 1498 0889 09020000 		.4byte	.LASF78
 1499 088d 09020000 		.4byte	.LASF78
 1500 0891 13       		.byte	0x13
 1501 0892 26       		.byte	0x26
 1502 0893 18       		.uleb128 0x18
 1503 0894 65020000 		.4byte	.LASF79
 1504 0898 65020000 		.4byte	.LASF79
 1505 089c 01       		.byte	0x1
 1506 089d 31       		.byte	0x31
 1507 089e 18       		.uleb128 0x18
 1508 089f 91000000 		.4byte	.LASF80
 1509 08a3 91000000 		.4byte	.LASF80
 1510 08a7 05       		.byte	0x5
 1511 08a8 3A       		.byte	0x3a
 1512 08a9 18       		.uleb128 0x18
 1513 08aa AB010000 		.4byte	.LASF81
 1514 08ae AB010000 		.4byte	.LASF81
 1515 08b2 05       		.byte	0x5
 1516 08b3 39       		.byte	0x39
 1517 08b4 18       		.uleb128 0x18
 1518 08b5 42030000 		.4byte	.LASF82
 1519 08b9 42030000 		.4byte	.LASF82
ARM GAS  C:\Users\pajoh\AppData\Local\Temp\ccjfeAoU.s 			page 30


 1520 08bd 14       		.byte	0x14
 1521 08be 26       		.byte	0x26
 1522 08bf 18       		.uleb128 0x18
 1523 08c0 E0020000 		.4byte	.LASF83
 1524 08c4 E0020000 		.4byte	.LASF83
 1525 08c8 15       		.byte	0x15
 1526 08c9 26       		.byte	0x26
 1527 08ca 00       		.byte	0
 1528              		.section	.debug_abbrev,"",%progbits
 1529              	.Ldebug_abbrev0:
 1530 0000 01       		.uleb128 0x1
 1531 0001 11       		.uleb128 0x11
 1532 0002 01       		.byte	0x1
 1533 0003 25       		.uleb128 0x25
 1534 0004 0E       		.uleb128 0xe
 1535 0005 13       		.uleb128 0x13
 1536 0006 0B       		.uleb128 0xb
 1537 0007 03       		.uleb128 0x3
 1538 0008 0E       		.uleb128 0xe
 1539 0009 1B       		.uleb128 0x1b
 1540 000a 0E       		.uleb128 0xe
 1541 000b 55       		.uleb128 0x55
 1542 000c 17       		.uleb128 0x17
 1543 000d 11       		.uleb128 0x11
 1544 000e 01       		.uleb128 0x1
 1545 000f 10       		.uleb128 0x10
 1546 0010 17       		.uleb128 0x17
 1547 0011 00       		.byte	0
 1548 0012 00       		.byte	0
 1549 0013 02       		.uleb128 0x2
 1550 0014 24       		.uleb128 0x24
 1551 0015 00       		.byte	0
 1552 0016 0B       		.uleb128 0xb
 1553 0017 0B       		.uleb128 0xb
 1554 0018 3E       		.uleb128 0x3e
 1555 0019 0B       		.uleb128 0xb
 1556 001a 03       		.uleb128 0x3
 1557 001b 0E       		.uleb128 0xe
 1558 001c 00       		.byte	0
 1559 001d 00       		.byte	0
 1560 001e 03       		.uleb128 0x3
 1561 001f 16       		.uleb128 0x16
 1562 0020 00       		.byte	0
 1563 0021 03       		.uleb128 0x3
 1564 0022 0E       		.uleb128 0xe
 1565 0023 3A       		.uleb128 0x3a
 1566 0024 0B       		.uleb128 0xb
 1567 0025 3B       		.uleb128 0x3b
 1568 0026 0B       		.uleb128 0xb
 1569 0027 49       		.uleb128 0x49
 1570 0028 13       		.uleb128 0x13
 1571 0029 00       		.byte	0
 1572 002a 00       		.byte	0
 1573 002b 04       		.uleb128 0x4
 1574 002c 24       		.uleb128 0x24
 1575 002d 00       		.byte	0
 1576 002e 0B       		.uleb128 0xb
ARM GAS  C:\Users\pajoh\AppData\Local\Temp\ccjfeAoU.s 			page 31


 1577 002f 0B       		.uleb128 0xb
 1578 0030 3E       		.uleb128 0x3e
 1579 0031 0B       		.uleb128 0xb
 1580 0032 03       		.uleb128 0x3
 1581 0033 08       		.uleb128 0x8
 1582 0034 00       		.byte	0
 1583 0035 00       		.byte	0
 1584 0036 05       		.uleb128 0x5
 1585 0037 16       		.uleb128 0x16
 1586 0038 00       		.byte	0
 1587 0039 03       		.uleb128 0x3
 1588 003a 0E       		.uleb128 0xe
 1589 003b 3A       		.uleb128 0x3a
 1590 003c 0B       		.uleb128 0xb
 1591 003d 3B       		.uleb128 0x3b
 1592 003e 05       		.uleb128 0x5
 1593 003f 49       		.uleb128 0x49
 1594 0040 13       		.uleb128 0x13
 1595 0041 00       		.byte	0
 1596 0042 00       		.byte	0
 1597 0043 06       		.uleb128 0x6
 1598 0044 13       		.uleb128 0x13
 1599 0045 01       		.byte	0x1
 1600 0046 0B       		.uleb128 0xb
 1601 0047 0B       		.uleb128 0xb
 1602 0048 3A       		.uleb128 0x3a
 1603 0049 0B       		.uleb128 0xb
 1604 004a 3B       		.uleb128 0x3b
 1605 004b 0B       		.uleb128 0xb
 1606 004c 01       		.uleb128 0x1
 1607 004d 13       		.uleb128 0x13
 1608 004e 00       		.byte	0
 1609 004f 00       		.byte	0
 1610 0050 07       		.uleb128 0x7
 1611 0051 0D       		.uleb128 0xd
 1612 0052 00       		.byte	0
 1613 0053 03       		.uleb128 0x3
 1614 0054 0E       		.uleb128 0xe
 1615 0055 3A       		.uleb128 0x3a
 1616 0056 0B       		.uleb128 0xb
 1617 0057 3B       		.uleb128 0x3b
 1618 0058 0B       		.uleb128 0xb
 1619 0059 49       		.uleb128 0x49
 1620 005a 13       		.uleb128 0x13
 1621 005b 38       		.uleb128 0x38
 1622 005c 0B       		.uleb128 0xb
 1623 005d 00       		.byte	0
 1624 005e 00       		.byte	0
 1625 005f 08       		.uleb128 0x8
 1626 0060 0D       		.uleb128 0xd
 1627 0061 00       		.byte	0
 1628 0062 03       		.uleb128 0x3
 1629 0063 08       		.uleb128 0x8
 1630 0064 3A       		.uleb128 0x3a
 1631 0065 0B       		.uleb128 0xb
 1632 0066 3B       		.uleb128 0x3b
 1633 0067 0B       		.uleb128 0xb
ARM GAS  C:\Users\pajoh\AppData\Local\Temp\ccjfeAoU.s 			page 32


 1634 0068 49       		.uleb128 0x49
 1635 0069 13       		.uleb128 0x13
 1636 006a 38       		.uleb128 0x38
 1637 006b 0B       		.uleb128 0xb
 1638 006c 00       		.byte	0
 1639 006d 00       		.byte	0
 1640 006e 09       		.uleb128 0x9
 1641 006f 13       		.uleb128 0x13
 1642 0070 01       		.byte	0x1
 1643 0071 03       		.uleb128 0x3
 1644 0072 0E       		.uleb128 0xe
 1645 0073 0B       		.uleb128 0xb
 1646 0074 0B       		.uleb128 0xb
 1647 0075 3A       		.uleb128 0x3a
 1648 0076 0B       		.uleb128 0xb
 1649 0077 3B       		.uleb128 0x3b
 1650 0078 0B       		.uleb128 0xb
 1651 0079 01       		.uleb128 0x1
 1652 007a 13       		.uleb128 0x13
 1653 007b 00       		.byte	0
 1654 007c 00       		.byte	0
 1655 007d 0A       		.uleb128 0xa
 1656 007e 01       		.uleb128 0x1
 1657 007f 01       		.byte	0x1
 1658 0080 49       		.uleb128 0x49
 1659 0081 13       		.uleb128 0x13
 1660 0082 01       		.uleb128 0x1
 1661 0083 13       		.uleb128 0x13
 1662 0084 00       		.byte	0
 1663 0085 00       		.byte	0
 1664 0086 0B       		.uleb128 0xb
 1665 0087 21       		.uleb128 0x21
 1666 0088 00       		.byte	0
 1667 0089 49       		.uleb128 0x49
 1668 008a 13       		.uleb128 0x13
 1669 008b 2F       		.uleb128 0x2f
 1670 008c 0B       		.uleb128 0xb
 1671 008d 00       		.byte	0
 1672 008e 00       		.byte	0
 1673 008f 0C       		.uleb128 0xc
 1674 0090 13       		.uleb128 0x13
 1675 0091 01       		.byte	0x1
 1676 0092 0B       		.uleb128 0xb
 1677 0093 05       		.uleb128 0x5
 1678 0094 3A       		.uleb128 0x3a
 1679 0095 0B       		.uleb128 0xb
 1680 0096 3B       		.uleb128 0x3b
 1681 0097 0B       		.uleb128 0xb
 1682 0098 01       		.uleb128 0x1
 1683 0099 13       		.uleb128 0x13
 1684 009a 00       		.byte	0
 1685 009b 00       		.byte	0
 1686 009c 0D       		.uleb128 0xd
 1687 009d 0D       		.uleb128 0xd
 1688 009e 00       		.byte	0
 1689 009f 03       		.uleb128 0x3
 1690 00a0 0E       		.uleb128 0xe
ARM GAS  C:\Users\pajoh\AppData\Local\Temp\ccjfeAoU.s 			page 33


 1691 00a1 3A       		.uleb128 0x3a
 1692 00a2 0B       		.uleb128 0xb
 1693 00a3 3B       		.uleb128 0x3b
 1694 00a4 0B       		.uleb128 0xb
 1695 00a5 49       		.uleb128 0x49
 1696 00a6 13       		.uleb128 0x13
 1697 00a7 38       		.uleb128 0x38
 1698 00a8 05       		.uleb128 0x5
 1699 00a9 00       		.byte	0
 1700 00aa 00       		.byte	0
 1701 00ab 0E       		.uleb128 0xe
 1702 00ac 2E       		.uleb128 0x2e
 1703 00ad 01       		.byte	0x1
 1704 00ae 3F       		.uleb128 0x3f
 1705 00af 19       		.uleb128 0x19
 1706 00b0 03       		.uleb128 0x3
 1707 00b1 0E       		.uleb128 0xe
 1708 00b2 3A       		.uleb128 0x3a
 1709 00b3 0B       		.uleb128 0xb
 1710 00b4 3B       		.uleb128 0x3b
 1711 00b5 0B       		.uleb128 0xb
 1712 00b6 27       		.uleb128 0x27
 1713 00b7 19       		.uleb128 0x19
 1714 00b8 49       		.uleb128 0x49
 1715 00b9 13       		.uleb128 0x13
 1716 00ba 8701     		.uleb128 0x87
 1717 00bc 19       		.uleb128 0x19
 1718 00bd 11       		.uleb128 0x11
 1719 00be 01       		.uleb128 0x1
 1720 00bf 12       		.uleb128 0x12
 1721 00c0 06       		.uleb128 0x6
 1722 00c1 40       		.uleb128 0x40
 1723 00c2 18       		.uleb128 0x18
 1724 00c3 9742     		.uleb128 0x2117
 1725 00c5 19       		.uleb128 0x19
 1726 00c6 01       		.uleb128 0x1
 1727 00c7 13       		.uleb128 0x13
 1728 00c8 00       		.byte	0
 1729 00c9 00       		.byte	0
 1730 00ca 0F       		.uleb128 0xf
 1731 00cb 898201   		.uleb128 0x4109
 1732 00ce 01       		.byte	0x1
 1733 00cf 11       		.uleb128 0x11
 1734 00d0 01       		.uleb128 0x1
 1735 00d1 31       		.uleb128 0x31
 1736 00d2 13       		.uleb128 0x13
 1737 00d3 01       		.uleb128 0x1
 1738 00d4 13       		.uleb128 0x13
 1739 00d5 00       		.byte	0
 1740 00d6 00       		.byte	0
 1741 00d7 10       		.uleb128 0x10
 1742 00d8 8A8201   		.uleb128 0x410a
 1743 00db 00       		.byte	0
 1744 00dc 02       		.uleb128 0x2
 1745 00dd 18       		.uleb128 0x18
 1746 00de 9142     		.uleb128 0x2111
 1747 00e0 18       		.uleb128 0x18
ARM GAS  C:\Users\pajoh\AppData\Local\Temp\ccjfeAoU.s 			page 34


 1748 00e1 00       		.byte	0
 1749 00e2 00       		.byte	0
 1750 00e3 11       		.uleb128 0x11
 1751 00e4 898201   		.uleb128 0x4109
 1752 00e7 00       		.byte	0
 1753 00e8 11       		.uleb128 0x11
 1754 00e9 01       		.uleb128 0x1
 1755 00ea 31       		.uleb128 0x31
 1756 00eb 13       		.uleb128 0x13
 1757 00ec 00       		.byte	0
 1758 00ed 00       		.byte	0
 1759 00ee 12       		.uleb128 0x12
 1760 00ef 898201   		.uleb128 0x4109
 1761 00f2 01       		.byte	0x1
 1762 00f3 11       		.uleb128 0x11
 1763 00f4 01       		.uleb128 0x1
 1764 00f5 31       		.uleb128 0x31
 1765 00f6 13       		.uleb128 0x13
 1766 00f7 00       		.byte	0
 1767 00f8 00       		.byte	0
 1768 00f9 13       		.uleb128 0x13
 1769 00fa 2E       		.uleb128 0x2e
 1770 00fb 01       		.byte	0x1
 1771 00fc 3F       		.uleb128 0x3f
 1772 00fd 19       		.uleb128 0x19
 1773 00fe 03       		.uleb128 0x3
 1774 00ff 0E       		.uleb128 0xe
 1775 0100 3A       		.uleb128 0x3a
 1776 0101 0B       		.uleb128 0xb
 1777 0102 3B       		.uleb128 0x3b
 1778 0103 0B       		.uleb128 0xb
 1779 0104 27       		.uleb128 0x27
 1780 0105 19       		.uleb128 0x19
 1781 0106 11       		.uleb128 0x11
 1782 0107 01       		.uleb128 0x1
 1783 0108 12       		.uleb128 0x12
 1784 0109 06       		.uleb128 0x6
 1785 010a 40       		.uleb128 0x40
 1786 010b 18       		.uleb128 0x18
 1787 010c 9742     		.uleb128 0x2117
 1788 010e 19       		.uleb128 0x19
 1789 010f 01       		.uleb128 0x1
 1790 0110 13       		.uleb128 0x13
 1791 0111 00       		.byte	0
 1792 0112 00       		.byte	0
 1793 0113 14       		.uleb128 0x14
 1794 0114 34       		.uleb128 0x34
 1795 0115 00       		.byte	0
 1796 0116 03       		.uleb128 0x3
 1797 0117 0E       		.uleb128 0xe
 1798 0118 3A       		.uleb128 0x3a
 1799 0119 0B       		.uleb128 0xb
 1800 011a 3B       		.uleb128 0x3b
 1801 011b 05       		.uleb128 0x5
 1802 011c 49       		.uleb128 0x49
 1803 011d 13       		.uleb128 0x13
 1804 011e 3F       		.uleb128 0x3f
ARM GAS  C:\Users\pajoh\AppData\Local\Temp\ccjfeAoU.s 			page 35


 1805 011f 19       		.uleb128 0x19
 1806 0120 3C       		.uleb128 0x3c
 1807 0121 19       		.uleb128 0x19
 1808 0122 00       		.byte	0
 1809 0123 00       		.byte	0
 1810 0124 15       		.uleb128 0x15
 1811 0125 35       		.uleb128 0x35
 1812 0126 00       		.byte	0
 1813 0127 49       		.uleb128 0x49
 1814 0128 13       		.uleb128 0x13
 1815 0129 00       		.byte	0
 1816 012a 00       		.byte	0
 1817 012b 16       		.uleb128 0x16
 1818 012c 34       		.uleb128 0x34
 1819 012d 00       		.byte	0
 1820 012e 03       		.uleb128 0x3
 1821 012f 0E       		.uleb128 0xe
 1822 0130 3A       		.uleb128 0x3a
 1823 0131 0B       		.uleb128 0xb
 1824 0132 3B       		.uleb128 0x3b
 1825 0133 0B       		.uleb128 0xb
 1826 0134 49       		.uleb128 0x49
 1827 0135 13       		.uleb128 0x13
 1828 0136 3F       		.uleb128 0x3f
 1829 0137 19       		.uleb128 0x19
 1830 0138 02       		.uleb128 0x2
 1831 0139 18       		.uleb128 0x18
 1832 013a 00       		.byte	0
 1833 013b 00       		.byte	0
 1834 013c 17       		.uleb128 0x17
 1835 013d 34       		.uleb128 0x34
 1836 013e 00       		.byte	0
 1837 013f 03       		.uleb128 0x3
 1838 0140 08       		.uleb128 0x8
 1839 0141 3A       		.uleb128 0x3a
 1840 0142 0B       		.uleb128 0xb
 1841 0143 3B       		.uleb128 0x3b
 1842 0144 0B       		.uleb128 0xb
 1843 0145 49       		.uleb128 0x49
 1844 0146 13       		.uleb128 0x13
 1845 0147 3F       		.uleb128 0x3f
 1846 0148 19       		.uleb128 0x19
 1847 0149 02       		.uleb128 0x2
 1848 014a 18       		.uleb128 0x18
 1849 014b 00       		.byte	0
 1850 014c 00       		.byte	0
 1851 014d 18       		.uleb128 0x18
 1852 014e 2E       		.uleb128 0x2e
 1853 014f 00       		.byte	0
 1854 0150 3F       		.uleb128 0x3f
 1855 0151 19       		.uleb128 0x19
 1856 0152 3C       		.uleb128 0x3c
 1857 0153 19       		.uleb128 0x19
 1858 0154 6E       		.uleb128 0x6e
 1859 0155 0E       		.uleb128 0xe
 1860 0156 03       		.uleb128 0x3
 1861 0157 0E       		.uleb128 0xe
ARM GAS  C:\Users\pajoh\AppData\Local\Temp\ccjfeAoU.s 			page 36


 1862 0158 3A       		.uleb128 0x3a
 1863 0159 0B       		.uleb128 0xb
 1864 015a 3B       		.uleb128 0x3b
 1865 015b 0B       		.uleb128 0xb
 1866 015c 00       		.byte	0
 1867 015d 00       		.byte	0
 1868 015e 00       		.byte	0
 1869              		.section	.debug_aranges,"",%progbits
 1870 0000 24000000 		.4byte	0x24
 1871 0004 0200     		.2byte	0x2
 1872 0006 00000000 		.4byte	.Ldebug_info0
 1873 000a 04       		.byte	0x4
 1874 000b 00       		.byte	0
 1875 000c 0000     		.2byte	0
 1876 000e 0000     		.2byte	0
 1877 0010 00000000 		.4byte	.LFB64
 1878 0014 9C000000 		.4byte	.LFE64-.LFB64
 1879 0018 00000000 		.4byte	.LFB65
 1880 001c 3C010000 		.4byte	.LFE65-.LFB65
 1881 0020 00000000 		.4byte	0
 1882 0024 00000000 		.4byte	0
 1883              		.section	.debug_ranges,"",%progbits
 1884              	.Ldebug_ranges0:
 1885 0000 00000000 		.4byte	.LFB64
 1886 0004 9C000000 		.4byte	.LFE64
 1887 0008 00000000 		.4byte	.LFB65
 1888 000c 3C010000 		.4byte	.LFE65
 1889 0010 00000000 		.4byte	0
 1890 0014 00000000 		.4byte	0
 1891              		.section	.debug_line,"",%progbits
 1892              	.Ldebug_line0:
 1893 0000 72020000 		.section	.debug_str,"MS",%progbits,1
 1893      02000F02 
 1893      00000201 
 1893      FB0E0D00 
 1893      01010101 
 1894              	.LASF50:
 1895 0000 72785F69 		.ascii	"rx_index\000"
 1895      6E646578 
 1895      00
 1896              	.LASF86:
 1897 0009 433A5C55 		.ascii	"C:\\Users\\pajoh\\projects\\Turret\\PSoC\\turret_ps"
 1897      73657273 
 1897      5C70616A 
 1897      6F685C70 
 1897      726F6A65 
 1898 0036 6F635C33 		.ascii	"oc\\3dof.cydsn\000"
 1898      646F662E 
 1898      63796473 
 1898      6E00
 1899              	.LASF28:
 1900 0044 686F6D65 		.ascii	"homed\000"
 1900      6400
 1901              	.LASF69:
 1902 004a 6D6F7665 		.ascii	"move_queue_init\000"
 1902      5F717565 
 1902      75655F69 
ARM GAS  C:\Users\pajoh\AppData\Local\Temp\ccjfeAoU.s 			page 37


 1902      6E697400 
 1903              	.LASF70:
 1904 005a 6A6F696E 		.ascii	"joint_init\000"
 1904      745F696E 
 1904      697400
 1905              	.LASF48:
 1906 0065 6D6F7665 		.ascii	"move_queue\000"
 1906      5F717565 
 1906      756500
 1907              	.LASF2:
 1908 0070 73686F72 		.ascii	"short int\000"
 1908      7420696E 
 1908      7400
 1909              	.LASF67:
 1910 007a 4E434F5F 		.ascii	"NCO_ISR_Start\000"
 1910      4953525F 
 1910      53746172 
 1910      7400
 1911              	.LASF20:
 1912 0088 73697A65 		.ascii	"sizetype\000"
 1912      74797065 
 1912      00
 1913              	.LASF80:
 1914 0091 76656C5F 		.ascii	"vel_to_tuningWord\000"
 1914      746F5F74 
 1914      756E696E 
 1914      67576F72 
 1914      6400
 1915              	.LASF47:
 1916 00a3 6D73675F 		.ascii	"msg_buff\000"
 1916      62756666 
 1916      00
 1917              	.LASF39:
 1918 00ac 64697265 		.ascii	"direction\000"
 1918      6374696F 
 1918      6E00
 1919              	.LASF88:
 1920 00b6 6D61696E 		.ascii	"main\000"
 1920      00
 1921              	.LASF21:
 1922 00bb 74756E69 		.ascii	"tuningWord\000"
 1922      6E67576F 
 1922      726400
 1923              	.LASF58:
 1924 00c6 5472616E 		.ascii	"TransmitBuffer\000"
 1924      736D6974 
 1924      42756666 
 1924      657200
 1925              	.LASF35:
 1926 00d5 68656164 		.ascii	"head\000"
 1926      00
 1927              	.LASF14:
 1928 00da 696E7431 		.ascii	"int16\000"
 1928      3600
 1929              	.LASF76:
 1930 00e0 4A315F45 		.ascii	"J1_EN_Write\000"
 1930      4E5F5772 
ARM GAS  C:\Users\pajoh\AppData\Local\Temp\ccjfeAoU.s 			page 38


 1930      69746500 
 1931              	.LASF45:
 1932 00ec 4A315F68 		.ascii	"J1_home\000"
 1932      6F6D6500 
 1933              	.LASF73:
 1934 00f4 7469636B 		.ascii	"tick_isr_Start\000"
 1934      5F697372 
 1934      5F537461 
 1934      727400
 1935              	.LASF44:
 1936 0103 72656164 		.ascii	"read_angle_command\000"
 1936      5F616E67 
 1936      6C655F63 
 1936      6F6D6D61 
 1936      6E6400
 1937              	.LASF54:
 1938 0116 686F6D65 		.ascii	"home\000"
 1938      00
 1939              	.LASF63:
 1940 011b 55415254 		.ascii	"UART_1_Start\000"
 1940      5F315F53 
 1940      74617274 
 1940      00
 1941              	.LASF16:
 1942 0128 666C6F61 		.ascii	"float\000"
 1942      7400
 1943              	.LASF25:
 1944 012e 61636375 		.ascii	"accumulator\000"
 1944      6D756C61 
 1944      746F7200 
 1945              	.LASF6:
 1946 013a 6C6F6E67 		.ascii	"long long int\000"
 1946      206C6F6E 
 1946      6720696E 
 1946      7400
 1947              	.LASF51:
 1948 0148 6D6F7665 		.ascii	"moveJ1\000"
 1948      4A3100
 1949              	.LASF52:
 1950 014f 6D6F7665 		.ascii	"moveJ2\000"
 1950      4A3200
 1951              	.LASF24:
 1952 0156 6C696D69 		.ascii	"limit\000"
 1952      7400
 1953              	.LASF4:
 1954 015c 6C6F6E67 		.ascii	"long int\000"
 1954      20696E74 
 1954      00
 1955              	.LASF49:
 1956 0165 72785F62 		.ascii	"rx_buffer\000"
 1956      75666665 
 1956      7200
 1957              	.LASF75:
 1958 016f 6D657373 		.ascii	"message_buff_execute\000"
 1958      6167655F 
 1958      62756666 
 1958      5F657865 
ARM GAS  C:\Users\pajoh\AppData\Local\Temp\ccjfeAoU.s 			page 39


 1958      63757465 
 1959              	.LASF46:
 1960 0184 6A6F696E 		.ascii	"joints\000"
 1960      747300
 1961              	.LASF29:
 1962 018b 4A6F696E 		.ascii	"Joint\000"
 1962      7400
 1963              	.LASF55:
 1964 0191 4A315F63 		.ascii	"J1_ctrl_val\000"
 1964      74726C5F 
 1964      76616C00 
 1965              	.LASF1:
 1966 019d 756E7369 		.ascii	"unsigned char\000"
 1966      676E6564 
 1966      20636861 
 1966      7200
 1967              	.LASF81:
 1968 01ab 7365745F 		.ascii	"set_velocity\000"
 1968      76656C6F 
 1968      63697479 
 1968      00
 1969              	.LASF19:
 1970 01b8 6C6F6E67 		.ascii	"long double\000"
 1970      20646F75 
 1970      626C6500 
 1971              	.LASF36:
 1972 01c4 7461696C 		.ascii	"tail\000"
 1972      00
 1973              	.LASF60:
 1974 01c9 73706943 		.ascii	"spiCalcEvenParity\000"
 1974      616C6345 
 1974      76656E50 
 1974      61726974 
 1974      7900
 1975              	.LASF0:
 1976 01db 7369676E 		.ascii	"signed char\000"
 1976      65642063 
 1976      68617200 
 1977              	.LASF42:
 1978 01e7 4D6F7665 		.ascii	"Move_Queue\000"
 1978      5F517565 
 1978      756500
 1979              	.LASF7:
 1980 01f2 6C6F6E67 		.ascii	"long long unsigned int\000"
 1980      206C6F6E 
 1980      6720756E 
 1980      7369676E 
 1980      65642069 
 1981              	.LASF78:
 1982 0209 4A335F45 		.ascii	"J3_EN_Write\000"
 1982      4E5F5772 
 1982      69746500 
 1983              	.LASF38:
 1984 0215 4D657373 		.ascii	"Message_Buff\000"
 1984      6167655F 
 1984      42756666 
 1984      00
ARM GAS  C:\Users\pajoh\AppData\Local\Temp\ccjfeAoU.s 			page 40


 1985              	.LASF8:
 1986 0222 756E7369 		.ascii	"unsigned int\000"
 1986      676E6564 
 1986      20696E74 
 1986      00
 1987              	.LASF34:
 1988 022f 6D736773 		.ascii	"msgs\000"
 1988      00
 1989              	.LASF68:
 1990 0234 6D657373 		.ascii	"message_buff_init\000"
 1990      6167655F 
 1990      62756666 
 1990      5F696E69 
 1990      7400
 1991              	.LASF5:
 1992 0246 6C6F6E67 		.ascii	"long unsigned int\000"
 1992      20756E73 
 1992      69676E65 
 1992      6420696E 
 1992      7400
 1993              	.LASF74:
 1994 0258 72785F69 		.ascii	"rx_isr_Start\000"
 1994      73725F53 
 1994      74617274 
 1994      00
 1995              	.LASF79:
 1996 0265 75706461 		.ascii	"update_positions\000"
 1996      74655F70 
 1996      6F736974 
 1996      696F6E73 
 1996      00
 1997              	.LASF61:
 1998 0276 43535F4A 		.ascii	"CS_J2_Write\000"
 1998      325F5772 
 1998      69746500 
 1999              	.LASF3:
 2000 0282 73686F72 		.ascii	"short unsigned int\000"
 2000      7420756E 
 2000      7369676E 
 2000      65642069 
 2000      6E7400
 2001              	.LASF27:
 2002 0295 616E676C 		.ascii	"angleOld\000"
 2002      654F6C64 
 2002      00
 2003              	.LASF65:
 2004 029e 4144435F 		.ascii	"ADC_DelSig_1_Start\000"
 2004      44656C53 
 2004      69675F31 
 2004      5F537461 
 2004      727400
 2005              	.LASF37:
 2006 02b1 73697A65 		.ascii	"size\000"
 2006      00
 2007              	.LASF18:
 2008 02b6 63686172 		.ascii	"char\000"
 2008      00
ARM GAS  C:\Users\pajoh\AppData\Local\Temp\ccjfeAoU.s 			page 41


 2009              	.LASF77:
 2010 02bb 4A325F45 		.ascii	"J2_EN_Write\000"
 2010      4E5F5772 
 2010      69746500 
 2011              	.LASF31:
 2012 02c7 6A6F696E 		.ascii	"joint\000"
 2012      7400
 2013              	.LASF10:
 2014 02cd 696E7433 		.ascii	"int32_t\000"
 2014      325F7400 
 2015              	.LASF11:
 2016 02d5 75696E74 		.ascii	"uint8\000"
 2016      3800
 2017              	.LASF40:
 2018 02db 4D6F7665 		.ascii	"Move\000"
 2018      00
 2019              	.LASF83:
 2020 02e0 4A335F44 		.ascii	"J3_DIR_Write\000"
 2020      49525F57 
 2020      72697465 
 2020      00
 2021              	.LASF32:
 2022 02ed 64617461 		.ascii	"data\000"
 2022      00
 2023              	.LASF12:
 2024 02f2 75696E74 		.ascii	"uint16\000"
 2024      313600
 2025              	.LASF23:
 2026 02f9 64757261 		.ascii	"duration\000"
 2026      74696F6E 
 2026      00
 2027              	.LASF57:
 2028 0302 4A335F63 		.ascii	"J3_ctrl_val\000"
 2028      74726C5F 
 2028      76616C00 
 2029              	.LASF13:
 2030 030e 75696E74 		.ascii	"uint32\000"
 2030      333200
 2031              	.LASF85:
 2032 0315 6D61696E 		.ascii	"main.c\000"
 2032      2E6300
 2033              	.LASF87:
 2034 031c 6D657373 		.ascii	"message\000"
 2034      61676500 
 2035              	.LASF15:
 2036 0324 696E7433 		.ascii	"int32\000"
 2036      3200
 2037              	.LASF17:
 2038 032a 646F7562 		.ascii	"double\000"
 2038      6C6500
 2039              	.LASF71:
 2040 0331 55415254 		.ascii	"UART_1_PutString\000"
 2040      5F315F50 
 2040      75745374 
 2040      72696E67 
 2040      00
 2041              	.LASF82:
ARM GAS  C:\Users\pajoh\AppData\Local\Temp\ccjfeAoU.s 			page 42


 2042 0342 4A325F44 		.ascii	"J2_DIR_Write\000"
 2042      49525F57 
 2042      72697465 
 2042      00
 2043              	.LASF62:
 2044 034f 43535F4A 		.ascii	"CS_J3_Write\000"
 2044      335F5772 
 2044      69746500 
 2045              	.LASF41:
 2046 035b 6D6F7665 		.ascii	"moves\000"
 2046      7300
 2047              	.LASF9:
 2048 0361 5F5F696E 		.ascii	"__int32_t\000"
 2048      7433325F 
 2048      7400
 2049              	.LASF53:
 2050 036b 6D6F7665 		.ascii	"moveJ3\000"
 2050      4A3300
 2051              	.LASF56:
 2052 0372 4A325F63 		.ascii	"J2_ctrl_val\000"
 2052      74726C5F 
 2052      76616C00 
 2053              	.LASF26:
 2054 037e 616E676C 		.ascii	"angle\000"
 2054      6500
 2055              	.LASF66:
 2056 0384 4144435F 		.ascii	"ADC_DelSig_1_StartConvert\000"
 2056      44656C53 
 2056      69675F31 
 2056      5F537461 
 2056      7274436F 
 2057              	.LASF30:
 2058 039e 636F6D6D 		.ascii	"command\000"
 2058      616E6400 
 2059              	.LASF33:
 2060 03a6 4D657373 		.ascii	"Message\000"
 2060      61676500 
 2061              	.LASF64:
 2062 03ae 5350494D 		.ascii	"SPIM_1_Start\000"
 2062      5F315F53 
 2062      74617274 
 2062      00
 2063              	.LASF43:
 2064 03bb 49544D5F 		.ascii	"ITM_RxBuffer\000"
 2064      52784275 
 2064      66666572 
 2064      00
 2065              	.LASF84:
 2066 03c8 474E5520 		.ascii	"GNU C11 5.4.1 20160609 (release) [ARM/embedded-5-br"
 2066      43313120 
 2066      352E342E 
 2066      31203230 
 2066      31363036 
 2067 03fb 616E6368 		.ascii	"anch revision 237715] -mcpu=cortex-m3 -mthumb -g -O"
 2067      20726576 
 2067      6973696F 
 2067      6E203233 
ARM GAS  C:\Users\pajoh\AppData\Local\Temp\ccjfeAoU.s 			page 43


 2067      37373135 
 2068 042e 67202D66 		.ascii	"g -ffunction-sections -ffat-lto-objects\000"
 2068      66756E63 
 2068      74696F6E 
 2068      2D736563 
 2068      74696F6E 
 2069              	.LASF59:
 2070 0456 7469636B 		.ascii	"tick\000"
 2070      00
 2071              	.LASF89:
 2072 045b 686F6D65 		.ascii	"home_joints\000"
 2072      5F6A6F69 
 2072      6E747300 
 2073              	.LASF22:
 2074 0467 73746570 		.ascii	"step\000"
 2074      00
 2075              	.LASF72:
 2076 046c 73656E64 		.ascii	"send_cmd\000"
 2076      5F636D64 
 2076      00
 2077              		.ident	"GCC: (GNU Tools for ARM Embedded Processors) 5.4.1 20160609 (release) [ARM/embedded-5-bran
